[0.083s] Invoking command in '/home/ben/robot_snake/build/package1': CMAKE_PREFIX_PATH=${CMAKE_PREFIX_PATH}:/home/ben/ros2_ws/install/rqt_gui_py:/home/ben/ros2_ws/install/rqt_gui:/home/ben/microros_ws/install/sensor_msgs_py:/opt/ros/humble /usr/bin/cmake --build /home/ben/robot_snake/build/package1 -- -j3 -l3
[0.591s] [35m[1mConsolidate compiler generated dependencies of target node1[0m
[0.719s] [ 25%] [32mBuilding CXX object CMakeFiles/node1.dir/src/node1.cpp.o[0m
[7.530s] [01m[K/home/ben/robot_snake/src/package1/src/node1.cpp:[m[K In member function ‘[01m[Kvoid Node1::controller()[m[K’:
[7.530s] [01m[K/home/ben/robot_snake/src/package1/src/node1.cpp:90:8:[m[K [01;35m[Kwarning: [m[Kthis ‘[01m[Kelse[m[K’ clause does not guard... [[01;35m[K]8;;https://gcc.gnu.org/onlinedocs/gcc/Warning-Options.html#index-Wmisleading-indentation-Wmisleading-indentation]8;;[m[K]
[7.531s]    90 |        [01;35m[Kelse[m[K
[7.533s]       |        [01;35m[K^~~~[m[K
[7.534s] [01m[K/home/ben/robot_snake/src/package1/src/node1.cpp:94:9:[m[K [01;36m[Knote: [m[K...this statement, but the latter is misleadingly indented as if it were guarded by the ‘[01m[Kelse[m[K’
[7.534s]    94 |         [01;36m[Kmotor_cmd_val[m[K[1]=-100;
[7.535s]       |         [01;36m[K^~~~~~~~~~~~~[m[K
[20.348s] [ 50%] [32m[1mLinking CXX executable node1[0m
[22.310s] [ 50%] Built target node1
[22.491s] [100%] Built target node2
[22.613s] Invoked command in '/home/ben/robot_snake/build/package1' returned '0': CMAKE_PREFIX_PATH=${CMAKE_PREFIX_PATH}:/home/ben/ros2_ws/install/rqt_gui_py:/home/ben/ros2_ws/install/rqt_gui:/home/ben/microros_ws/install/sensor_msgs_py:/opt/ros/humble /usr/bin/cmake --build /home/ben/robot_snake/build/package1 -- -j3 -l3
[23.034s] Invoking command in '/home/ben/robot_snake/build/package1': CMAKE_PREFIX_PATH=${CMAKE_PREFIX_PATH}:/home/ben/ros2_ws/install/rqt_gui_py:/home/ben/ros2_ws/install/rqt_gui:/home/ben/microros_ws/install/sensor_msgs_py:/opt/ros/humble /usr/bin/cmake --install /home/ben/robot_snake/build/package1
[23.090s] -- Install configuration: ""
[23.092s] -- Execute custom install script
[23.093s] -- Up-to-date symlink: /home/ben/robot_snake/install/package1/lib/package1/node1
[23.093s] -- Up-to-date symlink: /home/ben/robot_snake/install/package1/lib/package1/node2
[23.095s] -- Up-to-date symlink: /home/ben/robot_snake/install/package1/share/package1//launch/launch1.py
[23.096s] -- Up-to-date symlink: /home/ben/robot_snake/install/package1/share/package1//launch/m_r_launch.py
[23.097s] -- Up-to-date symlink: /home/ben/robot_snake/install/package1/share/package1//config/node1_con.yaml
[23.099s] -- Up-to-date symlink: /home/ben/robot_snake/install/package1/share/ament_index/resource_index/package_run_dependencies/package1
[23.099s] -- Up-to-date symlink: /home/ben/robot_snake/install/package1/share/ament_index/resource_index/parent_prefix_path/package1
[23.101s] -- Up-to-date symlink: /home/ben/robot_snake/install/package1/share/package1/environment/ament_prefix_path.sh
[23.102s] -- Up-to-date symlink: /home/ben/robot_snake/install/package1/share/package1/environment/ament_prefix_path.dsv
[23.103s] -- Up-to-date symlink: /home/ben/robot_snake/install/package1/share/package1/environment/path.sh
[23.104s] -- Up-to-date symlink: /home/ben/robot_snake/install/package1/share/package1/environment/path.dsv
[23.104s] -- Up-to-date symlink: /home/ben/robot_snake/install/package1/share/package1/local_setup.bash
[23.105s] -- Up-to-date symlink: /home/ben/robot_snake/install/package1/share/package1/local_setup.sh
[23.107s] -- Up-to-date symlink: /home/ben/robot_snake/install/package1/share/package1/local_setup.zsh
[23.108s] -- Up-to-date symlink: /home/ben/robot_snake/install/package1/share/package1/local_setup.dsv
[23.110s] -- Symlinking: /home/ben/robot_snake/install/package1/share/package1/package.dsv
[23.165s] -- Up-to-date symlink: /home/ben/robot_snake/install/package1/share/ament_index/resource_index/packages/package1
[23.165s] -- Up-to-date symlink: /home/ben/robot_snake/install/package1/share/package1/cmake/package1Config.cmake
[23.169s] -- Up-to-date symlink: /home/ben/robot_snake/install/package1/share/package1/cmake/package1Config-version.cmake
[23.169s] -- Up-to-date symlink: /home/ben/robot_snake/install/package1/share/package1/package.xml
[23.177s] Invoked command in '/home/ben/robot_snake/build/package1' returned '0': CMAKE_PREFIX_PATH=${CMAKE_PREFIX_PATH}:/home/ben/ros2_ws/install/rqt_gui_py:/home/ben/ros2_ws/install/rqt_gui:/home/ben/microros_ws/install/sensor_msgs_py:/opt/ros/humble /usr/bin/cmake --install /home/ben/robot_snake/build/package1
