[0.033s] Invoking command in '/home/ben/robot_snake/build/package1': CMAKE_PREFIX_PATH=${CMAKE_PREFIX_PATH}:/home/ben/ros2_ws/install/rqt_gui_py:/home/ben/ros2_ws/install/rqt_gui:/home/ben/microros_ws/install/sensor_msgs_py:/opt/ros/humble /usr/bin/cmake --build /home/ben/robot_snake/build/package1 -- -j3 -l3
[0.102s] [35m[1mConsolidate compiler generated dependencies of target node1[0m
[0.138s] [ 50%] Built target node2
[0.145s] [ 75%] [32mBuilding CXX object CMakeFiles/node1.dir/src/node1.cpp.o[0m
[2.467s] [01m[K/home/ben/robot_snake/src/package1/src/node1.cpp:[m[K In function ‘[01m[Kvoid shutdown_callback()[m[K’:
[2.468s] [01m[K/home/ben/robot_snake/src/package1/src/node1.cpp:30:3:[m[K [01;31m[Kerror: [m[K‘[01m[Kmotor_cmd_publisher_[m[K’ was not declared in this scope
[2.468s]    30 |   [01;31m[Kmotor_cmd_publisher_[m[K = rclcpp::create_publisher<std_msgs::msg::Int32MultiArray>("motor_cmd_topic",10);
[2.468s]       |   [01;31m[K^~~~~~~~~~~~~~~~~~~~[m[K
[2.468s] [01m[K/home/ben/robot_snake/src/package1/src/node1.cpp:30:82:[m[K [01;31m[Kerror: [m[Kno matching function for call to ‘[01m[Kcreate_publisher<std_msgs::msg::Int32MultiArray>(const char [16], int)[m[K’
[2.468s]    30 |   motor_cmd_publisher_ = [01;31m[Krclcpp::create_publisher<std_msgs::msg::Int32MultiArray>("motor_cmd_topic",10)[m[K;
[2.469s]       |                          [01;31m[K~~~~~~~~~~~~~~~~~~~~~~~~~~~~~~~~~~~~~~~~~~~~~~~~~~~~~~~~^~~~~~~~~~~~~~~~~~~~~~[m[K
[2.469s] In file included from [01m[K/opt/ros/humble/include/rclcpp/rclcpp/node_impl.hpp:41[m[K,
[2.469s]                  from [01m[K/opt/ros/humble/include/rclcpp/rclcpp/node.hpp:1321[m[K,
[2.469s]                  from [01m[K/opt/ros/humble/include/rclcpp/rclcpp/executors/single_threaded_executor.hpp:28[m[K,
[2.469s]                  from [01m[K/opt/ros/humble/include/rclcpp/rclcpp/executors.hpp:22[m[K,
[2.469s]                  from [01m[K/opt/ros/humble/include/rclcpp/rclcpp/rclcpp.hpp:155[m[K,
[2.469s]                  from [01m[K/home/ben/robot_snake/src/package1/src/node1.cpp:15[m[K:
[2.470s] [01m[K/opt/ros/humble/include/rclcpp/rclcpp/create_publisher.hpp:94:1:[m[K [01;36m[Knote: [m[Kcandidate: ‘[01m[Ktemplate<class MessageT, class AllocatorT, class PublisherT, class NodeT> std::shared_ptr<PublisherT> rclcpp::create_publisher(NodeT&&, const string&, const rclcpp::QoS&, const rclcpp::PublisherOptionsWithAllocator<AllocatorT>&)[m[K’
[2.470s]    94 | [01;36m[Kcreate_publisher[m[K(
[2.470s]       | [01;36m[K^~~~~~~~~~~~~~~~[m[K
[2.470s] [01m[K/opt/ros/humble/include/rclcpp/rclcpp/create_publisher.hpp:94:1:[m[K [01;36m[Knote: [m[K  template argument deduction/substitution failed:
[2.470s] [01m[K/home/ben/robot_snake/src/package1/src/node1.cpp:30:82:[m[K [01;36m[Knote: [m[K  candidate expects 4 arguments, 2 provided
[2.470s]    30 |   motor_cmd_publisher_ = [01;36m[Krclcpp::create_publisher<std_msgs::msg::Int32MultiArray>("motor_cmd_topic",10)[m[K;
[2.471s]       |                          [01;36m[K~~~~~~~~~~~~~~~~~~~~~~~~~~~~~~~~~~~~~~~~~~~~~~~~~~~~~~~~^~~~~~~~~~~~~~~~~~~~~~[m[K
[2.471s] In file included from [01m[K/opt/ros/humble/include/rclcpp/rclcpp/node_impl.hpp:41[m[K,
[2.471s]                  from [01m[K/opt/ros/humble/include/rclcpp/rclcpp/node.hpp:1321[m[K,
[2.471s]                  from [01m[K/opt/ros/humble/include/rclcpp/rclcpp/executors/single_threaded_executor.hpp:28[m[K,
[2.472s]                  from [01m[K/opt/ros/humble/include/rclcpp/rclcpp/executors.hpp:22[m[K,
[2.472s]                  from [01m[K/opt/ros/humble/include/rclcpp/rclcpp/rclcpp.hpp:155[m[K,
[2.472s]                  from [01m[K/home/ben/robot_snake/src/package1/src/node1.cpp:15[m[K:
[2.472s] [01m[K/opt/ros/humble/include/rclcpp/rclcpp/create_publisher.hpp:113:1:[m[K [01;36m[Knote: [m[Kcandidate: ‘[01m[Ktemplate<class MessageT, class AllocatorT, class PublisherT> std::shared_ptr<PublisherT> rclcpp::create_publisher(rclcpp::node_interfaces::NodeParametersInterface::SharedPtr&, rclcpp::node_interfaces::NodeTopicsInterface::SharedPtr&, const string&, const rclcpp::QoS&, const rclcpp::PublisherOptionsWithAllocator<AllocatorT>&)[m[K’
[2.472s]   113 | [01;36m[Kcreate_publisher[m[K(
[2.472s]       | [01;36m[K^~~~~~~~~~~~~~~~[m[K
[2.473s] [01m[K/opt/ros/humble/include/rclcpp/rclcpp/create_publisher.hpp:113:1:[m[K [01;36m[Knote: [m[K  template argument deduction/substitution failed:
[2.473s] [01m[K/home/ben/robot_snake/src/package1/src/node1.cpp:30:82:[m[K [01;36m[Knote: [m[K  candidate expects 5 arguments, 2 provided
[2.473s]    30 |   motor_cmd_publisher_ = [01;36m[Krclcpp::create_publisher<std_msgs::msg::Int32MultiArray>("motor_cmd_topic",10)[m[K;
[2.473s]       |                          [01;36m[K~~~~~~~~~~~~~~~~~~~~~~~~~~~~~~~~~~~~~~~~~~~~~~~~~~~~~~~~^~~~~~~~~~~~~~~~~~~~~~[m[K
[5.036s] gmake[2]: *** [CMakeFiles/node1.dir/build.make:76: CMakeFiles/node1.dir/src/node1.cpp.o] Error 1
[5.038s] gmake[1]: *** [CMakeFiles/Makefile2:139: CMakeFiles/node1.dir/all] Error 2
[5.038s] gmake: *** [Makefile:146: all] Error 2
[5.039s] Invoked command in '/home/ben/robot_snake/build/package1' returned '2': CMAKE_PREFIX_PATH=${CMAKE_PREFIX_PATH}:/home/ben/ros2_ws/install/rqt_gui_py:/home/ben/ros2_ws/install/rqt_gui:/home/ben/microros_ws/install/sensor_msgs_py:/opt/ros/humble /usr/bin/cmake --build /home/ben/robot_snake/build/package1 -- -j3 -l3
