[0.022s] Invoking command in '/home/ben/robot_snake/build/package1': CMAKE_PREFIX_PATH=${CMAKE_PREFIX_PATH}:/home/ben/ros2_ws/install/rqt_gui_py:/home/ben/ros2_ws/install/rqt_gui:/home/ben/microros_ws/install/sensor_msgs_py:/opt/ros/humble /usr/bin/cmake --build /home/ben/robot_snake/build/package1 -- -j3 -l3
[0.093s] [35m[1mConsolidate compiler generated dependencies of target node1[0m
[0.120s] [ 50%] [32mBuilding CXX object CMakeFiles/node1.dir/src/node1.cpp.o[0m
[0.120s] [ 75%] Built target node2
[8.303s] [100%] [32m[1mLinking CXX executable node1[0m
[8.734s] [100%] Built target node1
[8.749s] Invoked command in '/home/ben/robot_snake/build/package1' returned '0': CMAKE_PREFIX_PATH=${CMAKE_PREFIX_PATH}:/home/ben/ros2_ws/install/rqt_gui_py:/home/ben/ros2_ws/install/rqt_gui:/home/ben/microros_ws/install/sensor_msgs_py:/opt/ros/humble /usr/bin/cmake --build /home/ben/robot_snake/build/package1 -- -j3 -l3
[8.835s] Invoking command in '/home/ben/robot_snake/build/package1': CMAKE_PREFIX_PATH=${CMAKE_PREFIX_PATH}:/home/ben/ros2_ws/install/rqt_gui_py:/home/ben/ros2_ws/install/rqt_gui:/home/ben/microros_ws/install/sensor_msgs_py:/opt/ros/humble /usr/bin/cmake --install /home/ben/robot_snake/build/package1
[8.845s] -- Install configuration: ""
[8.845s] -- Execute custom install script
[8.845s] -- Up-to-date symlink: /home/ben/robot_snake/install/package1/lib/package1/node1
[8.847s] -- Up-to-date symlink: /home/ben/robot_snake/install/package1/lib/package1/node2
[8.847s] -- Up-to-date symlink: /home/ben/robot_snake/install/package1/share/package1//launch/launch1.py
[8.847s] -- Up-to-date symlink: /home/ben/robot_snake/install/package1/share/package1//launch/m_r_launch.py
[8.848s] -- Up-to-date symlink: /home/ben/robot_snake/install/package1/share/package1//config/node1_con.yaml
[8.848s] -- Up-to-date symlink: /home/ben/robot_snake/install/package1/share/ament_index/resource_index/package_run_dependencies/package1
[8.848s] -- Up-to-date symlink: /home/ben/robot_snake/install/package1/share/ament_index/resource_index/parent_prefix_path/package1
[8.848s] -- Up-to-date symlink: /home/ben/robot_snake/install/package1/share/package1/environment/ament_prefix_path.sh
[8.848s] -- Up-to-date symlink: /home/ben/robot_snake/install/package1/share/package1/environment/ament_prefix_path.dsv
[8.848s] -- Up-to-date symlink: /home/ben/robot_snake/install/package1/share/package1/environment/path.sh
[8.849s] -- Up-to-date symlink: /home/ben/robot_snake/install/package1/share/package1/environment/path.dsv
[8.849s] -- Up-to-date symlink: /home/ben/robot_snake/install/package1/share/package1/local_setup.bash
[8.849s] -- Up-to-date symlink: /home/ben/robot_snake/install/package1/share/package1/local_setup.sh
[8.849s] -- Up-to-date symlink: /home/ben/robot_snake/install/package1/share/package1/local_setup.zsh
[8.849s] -- Up-to-date symlink: /home/ben/robot_snake/install/package1/share/package1/local_setup.dsv
[8.849s] -- Symlinking: /home/ben/robot_snake/install/package1/share/package1/package.dsv
[8.862s] -- Up-to-date symlink: /home/ben/robot_snake/install/package1/share/ament_index/resource_index/packages/package1
[8.862s] -- Up-to-date symlink: /home/ben/robot_snake/install/package1/share/package1/cmake/package1Config.cmake
[8.862s] -- Up-to-date symlink: /home/ben/robot_snake/install/package1/share/package1/cmake/package1Config-version.cmake
[8.863s] -- Up-to-date symlink: /home/ben/robot_snake/install/package1/share/package1/package.xml
[8.868s] Invoked command in '/home/ben/robot_snake/build/package1' returned '0': CMAKE_PREFIX_PATH=${CMAKE_PREFIX_PATH}:/home/ben/ros2_ws/install/rqt_gui_py:/home/ben/ros2_ws/install/rqt_gui:/home/ben/microros_ws/install/sensor_msgs_py:/opt/ros/humble /usr/bin/cmake --install /home/ben/robot_snake/build/package1
