[35m[1mConsolidate compiler generated dependencies of target node1[0m
[35m[1mConsolidate compiler generated dependencies of target node2[0m
[100%] Built target node1
[100%] Built target node2
-- Install configuration: ""
-- Up-to-date: /home/ben/robot_snake/install/nodes_pkg/lib/nodes_pkg/node1
-- Up-to-date: /home/ben/robot_snake/install/nodes_pkg/lib/nodes_pkg/node2
-- Up-to-date: /home/ben/robot_snake/install/nodes_pkg/share/ament_index/resource_index/package_run_dependencies/nodes_pkg
-- Up-to-date: /home/ben/robot_snake/install/nodes_pkg/share/ament_index/resource_index/parent_prefix_path/nodes_pkg
-- Up-to-date: /home/ben/robot_snake/install/nodes_pkg/share/nodes_pkg/environment/ament_prefix_path.sh
-- Up-to-date: /home/ben/robot_snake/install/nodes_pkg/share/nodes_pkg/environment/ament_prefix_path.dsv
-- Up-to-date: /home/ben/robot_snake/install/nodes_pkg/share/nodes_pkg/environment/path.sh
-- Up-to-date: /home/ben/robot_snake/install/nodes_pkg/share/nodes_pkg/environment/path.dsv
-- Up-to-date: /home/ben/robot_snake/install/nodes_pkg/share/nodes_pkg/local_setup.bash
-- Up-to-date: /home/ben/robot_snake/install/nodes_pkg/share/nodes_pkg/local_setup.sh
-- Up-to-date: /home/ben/robot_snake/install/nodes_pkg/share/nodes_pkg/local_setup.zsh
-- Up-to-date: /home/ben/robot_snake/install/nodes_pkg/share/nodes_pkg/local_setup.dsv
-- Installing: /home/ben/robot_snake/install/nodes_pkg/share/nodes_pkg/package.dsv
-- Up-to-date: /home/ben/robot_snake/install/nodes_pkg/share/ament_index/resource_index/packages/nodes_pkg
-- Up-to-date: /home/ben/robot_snake/install/nodes_pkg/share/nodes_pkg/cmake/nodes_pkgConfig.cmake
-- Up-to-date: /home/ben/robot_snake/install/nodes_pkg/share/nodes_pkg/cmake/nodes_pkgConfig-version.cmake
-- Up-to-date: /home/ben/robot_snake/install/nodes_pkg/share/nodes_pkg/package.xml
