[2.134s] DEBUG:colcon:Command line arguments: ['/usr/bin/colcon', 'build', '--symlink-install']
[2.135s] DEBUG:colcon:Parsed command line arguments: Namespace(log_base=None, log_level=None, verb_name='build', build_base='build', install_base='install', merge_install=False, symlink_install=True, test_result_base=None, continue_on_error=False, executor='parallel', parallel_workers=3, event_handlers=None, ignore_user_meta=False, metas=['./colcon.meta'], base_paths=['.'], packages_ignore=None, packages_ignore_regex=None, paths=None, packages_up_to=None, packages_up_to_regex=None, packages_above=None, packages_above_and_dependencies=None, packages_above_depth=None, packages_select_by_dep=None, packages_skip_by_dep=None, packages_skip_up_to=None, packages_select_build_failed=False, packages_skip_build_finished=False, packages_select_test_failures=False, packages_skip_test_passed=False, packages_select=None, packages_skip=None, packages_select_regex=None, packages_skip_regex=None, packages_start=None, packages_end=None, allow_overriding=[], cmake_args=None, cmake_target=None, cmake_target_skip_unavailable=False, cmake_clean_cache=False, cmake_clean_first=False, cmake_force_configure=False, ament_cmake_args=None, catkin_cmake_args=None, catkin_skip_building_tests=False, verb_parser=<colcon_defaults.argument_parser.defaults.DefaultArgumentsDecorator object at 0x7f1a2246e950>, verb_extension=<colcon_core.verb.build.BuildVerb object at 0x7f1a22633a00>, main=<bound method BuildVerb.main of <colcon_core.verb.build.BuildVerb object at 0x7f1a22633a00>>)
[2.512s] Level 1:colcon.colcon_core.package_discovery:discover_packages(colcon_meta) check parameters
[2.514s] Level 1:colcon.colcon_core.package_discovery:discover_packages(recursive) check parameters
[2.516s] Level 1:colcon.colcon_core.package_discovery:discover_packages(ignore) check parameters
[2.519s] Level 1:colcon.colcon_core.package_discovery:discover_packages(path) check parameters
[2.523s] Level 1:colcon.colcon_core.package_discovery:discover_packages(colcon_meta) discover
[2.524s] Level 1:colcon.colcon_core.package_discovery:discover_packages(recursive) discover
[2.525s] INFO:colcon.colcon_core.package_discovery:Crawling recursively for packages in '/home/ben/robot_snake'
[2.526s] Level 1:colcon.colcon_core.package_identification:_identify(.) by extensions ['ignore', 'ignore_ament_install']
[2.534s] Level 1:colcon.colcon_core.package_identification:_identify(.) by extension 'ignore'
[2.543s] Level 1:colcon.colcon_core.package_identification:_identify(.) by extension 'ignore_ament_install'
[2.548s] Level 1:colcon.colcon_core.package_identification:_identify(.) by extensions ['colcon_pkg']
[2.548s] Level 1:colcon.colcon_core.package_identification:_identify(.) by extension 'colcon_pkg'
[2.549s] Level 1:colcon.colcon_core.package_identification:_identify(.) by extensions ['colcon_meta']
[2.549s] Level 1:colcon.colcon_core.package_identification:_identify(.) by extension 'colcon_meta'
[2.549s] Level 1:colcon.colcon_core.package_identification:_identify(.) by extensions ['ros']
[2.549s] Level 1:colcon.colcon_core.package_identification:_identify(.) by extension 'ros'
[2.960s] Level 1:colcon.colcon_core.package_identification:_identify(.) by extensions ['cmake', 'python']
[2.960s] Level 1:colcon.colcon_core.package_identification:_identify(.) by extension 'cmake'
[2.960s] Level 1:colcon.colcon_core.package_identification:_identify(.) by extension 'python'
[2.960s] Level 1:colcon.colcon_core.package_identification:_identify(.) by extensions ['python_setup_py']
[2.960s] Level 1:colcon.colcon_core.package_identification:_identify(.) by extension 'python_setup_py'
[2.960s] Level 1:colcon.colcon_core.package_identification:_identify(bag_files) by extensions ['ignore', 'ignore_ament_install']
[2.961s] Level 1:colcon.colcon_core.package_identification:_identify(bag_files) by extension 'ignore'
[2.961s] Level 1:colcon.colcon_core.package_identification:_identify(bag_files) by extension 'ignore_ament_install'
[2.961s] Level 1:colcon.colcon_core.package_identification:_identify(bag_files) by extensions ['colcon_pkg']
[2.961s] Level 1:colcon.colcon_core.package_identification:_identify(bag_files) by extension 'colcon_pkg'
[2.961s] Level 1:colcon.colcon_core.package_identification:_identify(bag_files) by extensions ['colcon_meta']
[2.962s] Level 1:colcon.colcon_core.package_identification:_identify(bag_files) by extension 'colcon_meta'
[2.971s] Level 1:colcon.colcon_core.package_identification:_identify(bag_files) by extensions ['ros']
[2.971s] Level 1:colcon.colcon_core.package_identification:_identify(bag_files) by extension 'ros'
[2.971s] Level 1:colcon.colcon_core.package_identification:_identify(bag_files) by extensions ['cmake', 'python']
[2.971s] Level 1:colcon.colcon_core.package_identification:_identify(bag_files) by extension 'cmake'
[2.971s] Level 1:colcon.colcon_core.package_identification:_identify(bag_files) by extension 'python'
[2.972s] Level 1:colcon.colcon_core.package_identification:_identify(bag_files) by extensions ['python_setup_py']
[2.972s] Level 1:colcon.colcon_core.package_identification:_identify(bag_files) by extension 'python_setup_py'
[2.972s] Level 1:colcon.colcon_core.package_identification:_identify(bag_files/15_12_2022 11:36:15) by extensions ['ignore', 'ignore_ament_install']
[2.972s] Level 1:colcon.colcon_core.package_identification:_identify(bag_files/15_12_2022 11:36:15) by extension 'ignore'
[2.972s] Level 1:colcon.colcon_core.package_identification:_identify(bag_files/15_12_2022 11:36:15) by extension 'ignore_ament_install'
[2.979s] Level 1:colcon.colcon_core.package_identification:_identify(bag_files/15_12_2022 11:36:15) by extensions ['colcon_pkg']
[2.979s] Level 1:colcon.colcon_core.package_identification:_identify(bag_files/15_12_2022 11:36:15) by extension 'colcon_pkg'
[2.979s] Level 1:colcon.colcon_core.package_identification:_identify(bag_files/15_12_2022 11:36:15) by extensions ['colcon_meta']
[2.979s] Level 1:colcon.colcon_core.package_identification:_identify(bag_files/15_12_2022 11:36:15) by extension 'colcon_meta'
[2.979s] Level 1:colcon.colcon_core.package_identification:_identify(bag_files/15_12_2022 11:36:15) by extensions ['ros']
[2.980s] Level 1:colcon.colcon_core.package_identification:_identify(bag_files/15_12_2022 11:36:15) by extension 'ros'
[2.980s] Level 1:colcon.colcon_core.package_identification:_identify(bag_files/15_12_2022 11:36:15) by extensions ['cmake', 'python']
[2.980s] Level 1:colcon.colcon_core.package_identification:_identify(bag_files/15_12_2022 11:36:15) by extension 'cmake'
[2.980s] Level 1:colcon.colcon_core.package_identification:_identify(bag_files/15_12_2022 11:36:15) by extension 'python'
[2.980s] Level 1:colcon.colcon_core.package_identification:_identify(bag_files/15_12_2022 11:36:15) by extensions ['python_setup_py']
[2.980s] Level 1:colcon.colcon_core.package_identification:_identify(bag_files/15_12_2022 11:36:15) by extension 'python_setup_py'
[2.980s] Level 1:colcon.colcon_core.package_identification:_identify(bag_files/15_12_2022 14:04:54) by extensions ['ignore', 'ignore_ament_install']
[2.980s] Level 1:colcon.colcon_core.package_identification:_identify(bag_files/15_12_2022 14:04:54) by extension 'ignore'
[2.980s] Level 1:colcon.colcon_core.package_identification:_identify(bag_files/15_12_2022 14:04:54) by extension 'ignore_ament_install'
[2.980s] Level 1:colcon.colcon_core.package_identification:_identify(bag_files/15_12_2022 14:04:54) by extensions ['colcon_pkg']
[2.981s] Level 1:colcon.colcon_core.package_identification:_identify(bag_files/15_12_2022 14:04:54) by extension 'colcon_pkg'
[2.981s] Level 1:colcon.colcon_core.package_identification:_identify(bag_files/15_12_2022 14:04:54) by extensions ['colcon_meta']
[2.981s] Level 1:colcon.colcon_core.package_identification:_identify(bag_files/15_12_2022 14:04:54) by extension 'colcon_meta'
[2.981s] Level 1:colcon.colcon_core.package_identification:_identify(bag_files/15_12_2022 14:04:54) by extensions ['ros']
[2.981s] Level 1:colcon.colcon_core.package_identification:_identify(bag_files/15_12_2022 14:04:54) by extension 'ros'
[2.981s] Level 1:colcon.colcon_core.package_identification:_identify(bag_files/15_12_2022 14:04:54) by extensions ['cmake', 'python']
[2.981s] Level 1:colcon.colcon_core.package_identification:_identify(bag_files/15_12_2022 14:04:54) by extension 'cmake'
[2.981s] Level 1:colcon.colcon_core.package_identification:_identify(bag_files/15_12_2022 14:04:54) by extension 'python'
[2.981s] Level 1:colcon.colcon_core.package_identification:_identify(bag_files/15_12_2022 14:04:54) by extensions ['python_setup_py']
[2.981s] Level 1:colcon.colcon_core.package_identification:_identify(bag_files/15_12_2022 14:04:54) by extension 'python_setup_py'
[2.981s] Level 1:colcon.colcon_core.package_identification:_identify(bag_files/15_12_2022 14:06:45) by extensions ['ignore', 'ignore_ament_install']
[2.982s] Level 1:colcon.colcon_core.package_identification:_identify(bag_files/15_12_2022 14:06:45) by extension 'ignore'
[2.982s] Level 1:colcon.colcon_core.package_identification:_identify(bag_files/15_12_2022 14:06:45) by extension 'ignore_ament_install'
[2.991s] Level 1:colcon.colcon_core.package_identification:_identify(bag_files/15_12_2022 14:06:45) by extensions ['colcon_pkg']
[2.992s] Level 1:colcon.colcon_core.package_identification:_identify(bag_files/15_12_2022 14:06:45) by extension 'colcon_pkg'
[2.992s] Level 1:colcon.colcon_core.package_identification:_identify(bag_files/15_12_2022 14:06:45) by extensions ['colcon_meta']
[2.992s] Level 1:colcon.colcon_core.package_identification:_identify(bag_files/15_12_2022 14:06:45) by extension 'colcon_meta'
[2.993s] Level 1:colcon.colcon_core.package_identification:_identify(bag_files/15_12_2022 14:06:45) by extensions ['ros']
[2.993s] Level 1:colcon.colcon_core.package_identification:_identify(bag_files/15_12_2022 14:06:45) by extension 'ros'
[2.993s] Level 1:colcon.colcon_core.package_identification:_identify(bag_files/15_12_2022 14:06:45) by extensions ['cmake', 'python']
[2.993s] Level 1:colcon.colcon_core.package_identification:_identify(bag_files/15_12_2022 14:06:45) by extension 'cmake'
[2.993s] Level 1:colcon.colcon_core.package_identification:_identify(bag_files/15_12_2022 14:06:45) by extension 'python'
[2.993s] Level 1:colcon.colcon_core.package_identification:_identify(bag_files/15_12_2022 14:06:45) by extensions ['python_setup_py']
[2.993s] Level 1:colcon.colcon_core.package_identification:_identify(bag_files/15_12_2022 14:06:45) by extension 'python_setup_py'
[3.007s] Level 1:colcon.colcon_core.package_identification:_identify(bag_files/15_12_2022 14:07:45) by extensions ['ignore', 'ignore_ament_install']
[3.008s] Level 1:colcon.colcon_core.package_identification:_identify(bag_files/15_12_2022 14:07:45) by extension 'ignore'
[3.008s] Level 1:colcon.colcon_core.package_identification:_identify(bag_files/15_12_2022 14:07:45) by extension 'ignore_ament_install'
[3.018s] Level 1:colcon.colcon_core.package_identification:_identify(bag_files/15_12_2022 14:07:45) by extensions ['colcon_pkg']
[3.025s] Level 1:colcon.colcon_core.package_identification:_identify(bag_files/15_12_2022 14:07:45) by extension 'colcon_pkg'
[3.026s] Level 1:colcon.colcon_core.package_identification:_identify(bag_files/15_12_2022 14:07:45) by extensions ['colcon_meta']
[3.026s] Level 1:colcon.colcon_core.package_identification:_identify(bag_files/15_12_2022 14:07:45) by extension 'colcon_meta'
[3.026s] Level 1:colcon.colcon_core.package_identification:_identify(bag_files/15_12_2022 14:07:45) by extensions ['ros']
[3.026s] Level 1:colcon.colcon_core.package_identification:_identify(bag_files/15_12_2022 14:07:45) by extension 'ros'
[3.026s] Level 1:colcon.colcon_core.package_identification:_identify(bag_files/15_12_2022 14:07:45) by extensions ['cmake', 'python']
[3.026s] Level 1:colcon.colcon_core.package_identification:_identify(bag_files/15_12_2022 14:07:45) by extension 'cmake'
[3.026s] Level 1:colcon.colcon_core.package_identification:_identify(bag_files/15_12_2022 14:07:45) by extension 'python'
[3.026s] Level 1:colcon.colcon_core.package_identification:_identify(bag_files/15_12_2022 14:07:45) by extensions ['python_setup_py']
[3.026s] Level 1:colcon.colcon_core.package_identification:_identify(bag_files/15_12_2022 14:07:45) by extension 'python_setup_py'
[3.026s] Level 1:colcon.colcon_core.package_identification:_identify(bag_files/15_12_2022 14:12:24) by extensions ['ignore', 'ignore_ament_install']
[3.026s] Level 1:colcon.colcon_core.package_identification:_identify(bag_files/15_12_2022 14:12:24) by extension 'ignore'
[3.026s] Level 1:colcon.colcon_core.package_identification:_identify(bag_files/15_12_2022 14:12:24) by extension 'ignore_ament_install'
[3.026s] Level 1:colcon.colcon_core.package_identification:_identify(bag_files/15_12_2022 14:12:24) by extensions ['colcon_pkg']
[3.026s] Level 1:colcon.colcon_core.package_identification:_identify(bag_files/15_12_2022 14:12:24) by extension 'colcon_pkg'
[3.027s] Level 1:colcon.colcon_core.package_identification:_identify(bag_files/15_12_2022 14:12:24) by extensions ['colcon_meta']
[3.027s] Level 1:colcon.colcon_core.package_identification:_identify(bag_files/15_12_2022 14:12:24) by extension 'colcon_meta'
[3.027s] Level 1:colcon.colcon_core.package_identification:_identify(bag_files/15_12_2022 14:12:24) by extensions ['ros']
[3.027s] Level 1:colcon.colcon_core.package_identification:_identify(bag_files/15_12_2022 14:12:24) by extension 'ros'
[3.029s] Level 1:colcon.colcon_core.package_identification:_identify(bag_files/15_12_2022 14:12:24) by extensions ['cmake', 'python']
[3.029s] Level 1:colcon.colcon_core.package_identification:_identify(bag_files/15_12_2022 14:12:24) by extension 'cmake'
[3.029s] Level 1:colcon.colcon_core.package_identification:_identify(bag_files/15_12_2022 14:12:24) by extension 'python'
[3.029s] Level 1:colcon.colcon_core.package_identification:_identify(bag_files/15_12_2022 14:12:24) by extensions ['python_setup_py']
[3.029s] Level 1:colcon.colcon_core.package_identification:_identify(bag_files/15_12_2022 14:12:24) by extension 'python_setup_py'
[3.030s] Level 1:colcon.colcon_core.package_identification:_identify(bag_files/15_12_2022 14:13:14) by extensions ['ignore', 'ignore_ament_install']
[3.030s] Level 1:colcon.colcon_core.package_identification:_identify(bag_files/15_12_2022 14:13:14) by extension 'ignore'
[3.030s] Level 1:colcon.colcon_core.package_identification:_identify(bag_files/15_12_2022 14:13:14) by extension 'ignore_ament_install'
[3.040s] Level 1:colcon.colcon_core.package_identification:_identify(bag_files/15_12_2022 14:13:14) by extensions ['colcon_pkg']
[3.041s] Level 1:colcon.colcon_core.package_identification:_identify(bag_files/15_12_2022 14:13:14) by extension 'colcon_pkg'
[3.041s] Level 1:colcon.colcon_core.package_identification:_identify(bag_files/15_12_2022 14:13:14) by extensions ['colcon_meta']
[3.041s] Level 1:colcon.colcon_core.package_identification:_identify(bag_files/15_12_2022 14:13:14) by extension 'colcon_meta'
[3.041s] Level 1:colcon.colcon_core.package_identification:_identify(bag_files/15_12_2022 14:13:14) by extensions ['ros']
[3.041s] Level 1:colcon.colcon_core.package_identification:_identify(bag_files/15_12_2022 14:13:14) by extension 'ros'
[3.041s] Level 1:colcon.colcon_core.package_identification:_identify(bag_files/15_12_2022 14:13:14) by extensions ['cmake', 'python']
[3.041s] Level 1:colcon.colcon_core.package_identification:_identify(bag_files/15_12_2022 14:13:14) by extension 'cmake'
[3.041s] Level 1:colcon.colcon_core.package_identification:_identify(bag_files/15_12_2022 14:13:14) by extension 'python'
[3.041s] Level 1:colcon.colcon_core.package_identification:_identify(bag_files/15_12_2022 14:13:14) by extensions ['python_setup_py']
[3.041s] Level 1:colcon.colcon_core.package_identification:_identify(bag_files/15_12_2022 14:13:14) by extension 'python_setup_py'
[3.041s] Level 1:colcon.colcon_core.package_identification:_identify(bag_files/15_12_2022 14:14:03) by extensions ['ignore', 'ignore_ament_install']
[3.041s] Level 1:colcon.colcon_core.package_identification:_identify(bag_files/15_12_2022 14:14:03) by extension 'ignore'
[3.041s] Level 1:colcon.colcon_core.package_identification:_identify(bag_files/15_12_2022 14:14:03) by extension 'ignore_ament_install'
[3.041s] Level 1:colcon.colcon_core.package_identification:_identify(bag_files/15_12_2022 14:14:03) by extensions ['colcon_pkg']
[3.041s] Level 1:colcon.colcon_core.package_identification:_identify(bag_files/15_12_2022 14:14:03) by extension 'colcon_pkg'
[3.041s] Level 1:colcon.colcon_core.package_identification:_identify(bag_files/15_12_2022 14:14:03) by extensions ['colcon_meta']
[3.042s] Level 1:colcon.colcon_core.package_identification:_identify(bag_files/15_12_2022 14:14:03) by extension 'colcon_meta'
[3.042s] Level 1:colcon.colcon_core.package_identification:_identify(bag_files/15_12_2022 14:14:03) by extensions ['ros']
[3.042s] Level 1:colcon.colcon_core.package_identification:_identify(bag_files/15_12_2022 14:14:03) by extension 'ros'
[3.042s] Level 1:colcon.colcon_core.package_identification:_identify(bag_files/15_12_2022 14:14:03) by extensions ['cmake', 'python']
[3.042s] Level 1:colcon.colcon_core.package_identification:_identify(bag_files/15_12_2022 14:14:03) by extension 'cmake'
[3.042s] Level 1:colcon.colcon_core.package_identification:_identify(bag_files/15_12_2022 14:14:03) by extension 'python'
[3.042s] Level 1:colcon.colcon_core.package_identification:_identify(bag_files/15_12_2022 14:14:03) by extensions ['python_setup_py']
[3.042s] Level 1:colcon.colcon_core.package_identification:_identify(bag_files/15_12_2022 14:14:03) by extension 'python_setup_py'
[3.042s] Level 1:colcon.colcon_core.package_identification:_identify(bag_files/15_12_2022 14:18:20) by extensions ['ignore', 'ignore_ament_install']
[3.042s] Level 1:colcon.colcon_core.package_identification:_identify(bag_files/15_12_2022 14:18:20) by extension 'ignore'
[3.042s] Level 1:colcon.colcon_core.package_identification:_identify(bag_files/15_12_2022 14:18:20) by extension 'ignore_ament_install'
[3.042s] Level 1:colcon.colcon_core.package_identification:_identify(bag_files/15_12_2022 14:18:20) by extensions ['colcon_pkg']
[3.042s] Level 1:colcon.colcon_core.package_identification:_identify(bag_files/15_12_2022 14:18:20) by extension 'colcon_pkg'
[3.043s] Level 1:colcon.colcon_core.package_identification:_identify(bag_files/15_12_2022 14:18:20) by extensions ['colcon_meta']
[3.043s] Level 1:colcon.colcon_core.package_identification:_identify(bag_files/15_12_2022 14:18:20) by extension 'colcon_meta'
[3.043s] Level 1:colcon.colcon_core.package_identification:_identify(bag_files/15_12_2022 14:18:20) by extensions ['ros']
[3.056s] Level 1:colcon.colcon_core.package_identification:_identify(bag_files/15_12_2022 14:18:20) by extension 'ros'
[3.056s] Level 1:colcon.colcon_core.package_identification:_identify(bag_files/15_12_2022 14:18:20) by extensions ['cmake', 'python']
[3.056s] Level 1:colcon.colcon_core.package_identification:_identify(bag_files/15_12_2022 14:18:20) by extension 'cmake'
[3.056s] Level 1:colcon.colcon_core.package_identification:_identify(bag_files/15_12_2022 14:18:20) by extension 'python'
[3.057s] Level 1:colcon.colcon_core.package_identification:_identify(bag_files/15_12_2022 14:18:20) by extensions ['python_setup_py']
[3.057s] Level 1:colcon.colcon_core.package_identification:_identify(bag_files/15_12_2022 14:18:20) by extension 'python_setup_py'
[3.058s] Level 1:colcon.colcon_core.package_identification:_identify(build) by extensions ['ignore', 'ignore_ament_install']
[3.060s] Level 1:colcon.colcon_core.package_identification:_identify(build) by extension 'ignore'
[3.063s] Level 1:colcon.colcon_core.package_identification:_identify(build) ignored
[3.070s] Level 1:colcon.colcon_core.package_identification:_identify(install) by extensions ['ignore', 'ignore_ament_install']
[3.071s] Level 1:colcon.colcon_core.package_identification:_identify(install) by extension 'ignore'
[3.071s] Level 1:colcon.colcon_core.package_identification:_identify(install) ignored
[3.072s] Level 1:colcon.colcon_core.package_identification:_identify(log) by extensions ['ignore', 'ignore_ament_install']
[3.074s] Level 1:colcon.colcon_core.package_identification:_identify(log) by extension 'ignore'
[3.076s] Level 1:colcon.colcon_core.package_identification:_identify(log) ignored
[3.076s] Level 1:colcon.colcon_core.package_identification:_identify(src) by extensions ['ignore', 'ignore_ament_install']
[3.076s] Level 1:colcon.colcon_core.package_identification:_identify(src) by extension 'ignore'
[3.080s] Level 1:colcon.colcon_core.package_identification:_identify(src) by extension 'ignore_ament_install'
[3.091s] Level 1:colcon.colcon_core.package_identification:_identify(src) by extensions ['colcon_pkg']
[3.093s] Level 1:colcon.colcon_core.package_identification:_identify(src) by extension 'colcon_pkg'
[3.099s] Level 1:colcon.colcon_core.package_identification:_identify(src) by extensions ['colcon_meta']
[3.103s] Level 1:colcon.colcon_core.package_identification:_identify(src) by extension 'colcon_meta'
[3.106s] Level 1:colcon.colcon_core.package_identification:_identify(src) by extensions ['ros']
[3.106s] Level 1:colcon.colcon_core.package_identification:_identify(src) by extension 'ros'
[3.111s] Level 1:colcon.colcon_core.package_identification:_identify(src) by extensions ['cmake', 'python']
[3.112s] Level 1:colcon.colcon_core.package_identification:_identify(src) by extension 'cmake'
[3.117s] Level 1:colcon.colcon_core.package_identification:_identify(src) by extension 'python'
[3.128s] Level 1:colcon.colcon_core.package_identification:_identify(src) by extensions ['python_setup_py']
[3.139s] Level 1:colcon.colcon_core.package_identification:_identify(src) by extension 'python_setup_py'
[3.140s] Level 1:colcon.colcon_core.package_identification:_identify(src/build) by extensions ['ignore', 'ignore_ament_install']
[3.142s] Level 1:colcon.colcon_core.package_identification:_identify(src/build) by extension 'ignore'
[3.142s] Level 1:colcon.colcon_core.package_identification:_identify(src/build) ignored
[3.143s] Level 1:colcon.colcon_core.package_identification:_identify(src/install) by extensions ['ignore', 'ignore_ament_install']
[3.148s] Level 1:colcon.colcon_core.package_identification:_identify(src/install) by extension 'ignore'
[3.152s] Level 1:colcon.colcon_core.package_identification:_identify(src/install) ignored
[3.152s] Level 1:colcon.colcon_core.package_identification:_identify(src/log) by extensions ['ignore', 'ignore_ament_install']
[3.153s] Level 1:colcon.colcon_core.package_identification:_identify(src/log) by extension 'ignore'
[3.154s] Level 1:colcon.colcon_core.package_identification:_identify(src/log) ignored
[3.159s] Level 1:colcon.colcon_core.package_identification:_identify(src/package1) by extensions ['ignore', 'ignore_ament_install']
[3.159s] Level 1:colcon.colcon_core.package_identification:_identify(src/package1) by extension 'ignore'
[3.159s] Level 1:colcon.colcon_core.package_identification:_identify(src/package1) by extension 'ignore_ament_install'
[3.167s] Level 1:colcon.colcon_core.package_identification:_identify(src/package1) by extensions ['colcon_pkg']
[3.168s] Level 1:colcon.colcon_core.package_identification:_identify(src/package1) by extension 'colcon_pkg'
[3.168s] Level 1:colcon.colcon_core.package_identification:_identify(src/package1) by extensions ['colcon_meta']
[3.168s] Level 1:colcon.colcon_core.package_identification:_identify(src/package1) by extension 'colcon_meta'
[3.168s] Level 1:colcon.colcon_core.package_identification:_identify(src/package1) by extensions ['ros']
[3.168s] Level 1:colcon.colcon_core.package_identification:_identify(src/package1) by extension 'ros'
[3.215s] DEBUG:colcon.colcon_core.package_identification:Package 'src/package1' with type 'ros.ament_cmake' and name 'package1'
[3.217s] Level 1:colcon.colcon_core.package_discovery:discover_packages(recursive) using defaults
[3.223s] Level 1:colcon.colcon_core.package_discovery:discover_packages(ignore) discover
[3.235s] Level 1:colcon.colcon_core.package_discovery:discover_packages(ignore) using defaults
[3.242s] Level 1:colcon.colcon_core.package_discovery:discover_packages(path) discover
[3.242s] Level 1:colcon.colcon_core.package_discovery:discover_packages(path) using defaults
[3.777s] Level 1:colcon.colcon_core.package_discovery:discover_packages(prefix_path) check parameters
[3.777s] Level 1:colcon.colcon_core.package_discovery:discover_packages(prefix_path) discover
[3.830s] DEBUG:colcon.colcon_installed_package_information.package_discovery:Found 2 installed packages in /home/ben/robot_snake/install
[3.834s] DEBUG:colcon.colcon_installed_package_information.package_discovery:Found 39 installed packages in /home/ben/microros_ws/install
[3.840s] DEBUG:colcon.colcon_installed_package_information.package_discovery:Found 14 installed packages in /home/ben/ros2_ws/install
[3.849s] DEBUG:colcon.colcon_installed_package_information.package_discovery:Found 284 installed packages in /opt/ros/humble
[3.857s] Level 1:colcon.colcon_core.package_discovery:discover_packages(prefix_path) using defaults
[4.506s] Level 5:colcon.colcon_core.verb:set package 'package1' build argument 'cmake_args' from command line to 'None'
[4.507s] Level 5:colcon.colcon_core.verb:set package 'package1' build argument 'cmake_target' from command line to 'None'
[4.507s] Level 5:colcon.colcon_core.verb:set package 'package1' build argument 'cmake_target_skip_unavailable' from command line to 'False'
[4.507s] Level 5:colcon.colcon_core.verb:set package 'package1' build argument 'cmake_clean_cache' from command line to 'False'
[4.507s] Level 5:colcon.colcon_core.verb:set package 'package1' build argument 'cmake_clean_first' from command line to 'False'
[4.507s] Level 5:colcon.colcon_core.verb:set package 'package1' build argument 'cmake_force_configure' from command line to 'False'
[4.507s] Level 5:colcon.colcon_core.verb:set package 'package1' build argument 'ament_cmake_args' from command line to 'None'
[4.507s] Level 5:colcon.colcon_core.verb:set package 'package1' build argument 'catkin_cmake_args' from command line to 'None'
[4.507s] Level 5:colcon.colcon_core.verb:set package 'package1' build argument 'catkin_skip_building_tests' from command line to 'False'
[4.507s] DEBUG:colcon.colcon_core.verb:Building package 'package1' with the following arguments: {'ament_cmake_args': None, 'build_base': '/home/ben/robot_snake/build/package1', 'catkin_cmake_args': None, 'catkin_skip_building_tests': False, 'cmake_args': None, 'cmake_clean_cache': False, 'cmake_clean_first': False, 'cmake_force_configure': False, 'cmake_target': None, 'cmake_target_skip_unavailable': False, 'install_base': '/home/ben/robot_snake/install/package1', 'merge_install': False, 'path': '/home/ben/robot_snake/src/package1', 'symlink_install': True, 'test_result_base': None}
[4.509s] INFO:colcon.colcon_core.executor:Executing jobs using 'parallel' executor
[4.520s] DEBUG:colcon.colcon_parallel_executor.executor.parallel:run_until_complete
[4.520s] INFO:colcon.colcon_ros.task.ament_cmake.build:Building ROS package in '/home/ben/robot_snake/src/package1' with build type 'ament_cmake'
[4.520s] INFO:colcon.colcon_cmake.task.cmake.build:Building CMake package in '/home/ben/robot_snake/src/package1'
[4.565s] INFO:colcon.colcon_core.plugin_system:Skipping extension 'colcon_core.shell.bat': Not used on non-Windows systems
[4.566s] INFO:colcon.colcon_core.shell:Skip shell extension 'powershell' for command environment: Not usable outside of PowerShell
[4.566s] DEBUG:colcon.colcon_core.shell:Skip shell extension 'dsv' for command environment
[4.682s] DEBUG:colcon.colcon_core.event_handler.log_command:Invoking command in '/home/ben/robot_snake/build/package1': CMAKE_PREFIX_PATH=${CMAKE_PREFIX_PATH}:/home/ben/ros2_ws/install/rqt_gui_py:/home/ben/ros2_ws/install/rqt_gui:/home/ben/microros_ws/install/sensor_msgs_py:/opt/ros/humble /usr/bin/cmake --build /home/ben/robot_snake/build/package1 -- -j3 -l3
[20.658s] DEBUG:colcon.colcon_core.event_handler.log_command:Invoked command in '/home/ben/robot_snake/build/package1' returned '0': CMAKE_PREFIX_PATH=${CMAKE_PREFIX_PATH}:/home/ben/ros2_ws/install/rqt_gui_py:/home/ben/ros2_ws/install/rqt_gui:/home/ben/microros_ws/install/sensor_msgs_py:/opt/ros/humble /usr/bin/cmake --build /home/ben/robot_snake/build/package1 -- -j3 -l3
[20.744s] DEBUG:colcon.colcon_core.event_handler.log_command:Invoking command in '/home/ben/robot_snake/build/package1': CMAKE_PREFIX_PATH=${CMAKE_PREFIX_PATH}:/home/ben/ros2_ws/install/rqt_gui_py:/home/ben/ros2_ws/install/rqt_gui:/home/ben/microros_ws/install/sensor_msgs_py:/opt/ros/humble /usr/bin/cmake --install /home/ben/robot_snake/build/package1
[20.789s] Level 1:colcon.colcon_core.environment:create_environment_scripts_only(package1)
[20.791s] DEBUG:colcon.colcon_core.event_handler.log_command:Invoked command in '/home/ben/robot_snake/build/package1' returned '0': CMAKE_PREFIX_PATH=${CMAKE_PREFIX_PATH}:/home/ben/ros2_ws/install/rqt_gui_py:/home/ben/ros2_ws/install/rqt_gui:/home/ben/microros_ws/install/sensor_msgs_py:/opt/ros/humble /usr/bin/cmake --install /home/ben/robot_snake/build/package1
[20.803s] Level 1:colcon.colcon_core.environment:checking '/home/ben/robot_snake/install/package1' for CMake module files
[20.804s] Level 1:colcon.colcon_core.environment:checking '/home/ben/robot_snake/install/package1' for CMake config files
[20.804s] Level 1:colcon.colcon_core.shell:create_environment_hook('package1', 'cmake_prefix_path')
[20.806s] INFO:colcon.colcon_core.shell:Creating environment hook '/home/ben/robot_snake/install/package1/share/package1/hook/cmake_prefix_path.ps1'
[20.808s] INFO:colcon.colcon_core.shell:Creating environment descriptor '/home/ben/robot_snake/install/package1/share/package1/hook/cmake_prefix_path.dsv'
[20.810s] INFO:colcon.colcon_core.shell:Creating environment hook '/home/ben/robot_snake/install/package1/share/package1/hook/cmake_prefix_path.sh'
[20.818s] Level 1:colcon.colcon_core.environment:checking '/home/ben/robot_snake/install/package1/lib'
[20.819s] Level 1:colcon.colcon_core.environment:checking '/home/ben/robot_snake/install/package1/bin'
[20.819s] Level 1:colcon.colcon_core.environment:checking '/home/ben/robot_snake/install/package1/lib/pkgconfig/package1.pc'
[20.819s] Level 1:colcon.colcon_core.environment:checking '/home/ben/robot_snake/install/package1/lib/python3.10/site-packages'
[20.819s] Level 1:colcon.colcon_core.environment:checking '/home/ben/robot_snake/install/package1/bin'
[20.821s] INFO:colcon.colcon_core.shell:Creating package script '/home/ben/robot_snake/install/package1/share/package1/package.ps1'
[20.823s] INFO:colcon.colcon_core.shell:Creating package descriptor '/home/ben/robot_snake/install/package1/share/package1/package.dsv'
[20.824s] INFO:colcon.colcon_core.shell:Creating package script '/home/ben/robot_snake/install/package1/share/package1/package.sh'
[20.825s] INFO:colcon.colcon_core.shell:Creating package script '/home/ben/robot_snake/install/package1/share/package1/package.bash'
[20.826s] INFO:colcon.colcon_core.shell:Creating package script '/home/ben/robot_snake/install/package1/share/package1/package.zsh'
[20.828s] Level 1:colcon.colcon_core.environment:create_file_with_runtime_dependencies(/home/ben/robot_snake/install/package1/share/colcon-core/packages/package1)
[20.935s] Level 1:colcon.colcon_core.environment:create_environment_scripts_only(package1)
[20.937s] Level 1:colcon.colcon_core.environment:checking '/home/ben/robot_snake/install/package1' for CMake module files
[20.937s] Level 1:colcon.colcon_core.environment:checking '/home/ben/robot_snake/install/package1' for CMake config files
[20.938s] Level 1:colcon.colcon_core.shell:create_environment_hook('package1', 'cmake_prefix_path')
[20.940s] INFO:colcon.colcon_core.shell:Creating environment hook '/home/ben/robot_snake/install/package1/share/package1/hook/cmake_prefix_path.ps1'
[20.940s] INFO:colcon.colcon_core.shell:Creating environment descriptor '/home/ben/robot_snake/install/package1/share/package1/hook/cmake_prefix_path.dsv'
[20.941s] INFO:colcon.colcon_core.shell:Creating environment hook '/home/ben/robot_snake/install/package1/share/package1/hook/cmake_prefix_path.sh'
[20.941s] Level 1:colcon.colcon_core.environment:checking '/home/ben/robot_snake/install/package1/lib'
[20.941s] Level 1:colcon.colcon_core.environment:checking '/home/ben/robot_snake/install/package1/bin'
[20.941s] Level 1:colcon.colcon_core.environment:checking '/home/ben/robot_snake/install/package1/lib/pkgconfig/package1.pc'
[20.942s] Level 1:colcon.colcon_core.environment:checking '/home/ben/robot_snake/install/package1/lib/python3.10/site-packages'
[20.942s] Level 1:colcon.colcon_core.environment:checking '/home/ben/robot_snake/install/package1/bin'
[20.943s] INFO:colcon.colcon_core.shell:Creating package script '/home/ben/robot_snake/install/package1/share/package1/package.ps1'
[20.944s] INFO:colcon.colcon_core.shell:Creating package descriptor '/home/ben/robot_snake/install/package1/share/package1/package.dsv'
[20.944s] INFO:colcon.colcon_core.shell:Creating package script '/home/ben/robot_snake/install/package1/share/package1/package.sh'
[20.945s] INFO:colcon.colcon_core.shell:Creating package script '/home/ben/robot_snake/install/package1/share/package1/package.bash'
[20.946s] INFO:colcon.colcon_core.shell:Creating package script '/home/ben/robot_snake/install/package1/share/package1/package.zsh'
[20.946s] Level 1:colcon.colcon_core.environment:create_file_with_runtime_dependencies(/home/ben/robot_snake/install/package1/share/colcon-core/packages/package1)
[20.948s] DEBUG:colcon.colcon_parallel_executor.executor.parallel:closing loop
[20.949s] DEBUG:colcon.colcon_parallel_executor.executor.parallel:loop closed
[20.949s] DEBUG:colcon.colcon_parallel_executor.executor.parallel:run_until_complete finished with '0'
[20.949s] DEBUG:colcon.colcon_core.event_reactor:joining thread
[20.970s] INFO:colcon.colcon_core.plugin_system:Skipping extension 'colcon_notification.desktop_notification.terminal_notifier': Not used on non-Darwin systems
[20.970s] INFO:colcon.colcon_core.plugin_system:Skipping extension 'colcon_notification.desktop_notification.win32': Not used on non-Windows systems
[20.970s] INFO:colcon.colcon_notification.desktop_notification:Sending desktop notification using 'notify2'
[21.122s] DEBUG:colcon.colcon_core.event_reactor:joined thread
[21.124s] INFO:colcon.colcon_core.shell:Creating prefix script '/home/ben/robot_snake/install/local_setup.ps1'
[21.133s] INFO:colcon.colcon_core.shell:Creating prefix util module '/home/ben/robot_snake/install/_local_setup_util_ps1.py'
[21.136s] INFO:colcon.colcon_core.shell:Creating prefix chain script '/home/ben/robot_snake/install/setup.ps1'
[21.144s] INFO:colcon.colcon_core.shell:Creating prefix script '/home/ben/robot_snake/install/local_setup.sh'
[21.145s] INFO:colcon.colcon_core.shell:Creating prefix util module '/home/ben/robot_snake/install/_local_setup_util_sh.py'
[21.146s] INFO:colcon.colcon_core.shell:Creating prefix chain script '/home/ben/robot_snake/install/setup.sh'
[21.151s] INFO:colcon.colcon_core.shell:Creating prefix script '/home/ben/robot_snake/install/local_setup.bash'
[21.152s] INFO:colcon.colcon_core.shell:Creating prefix chain script '/home/ben/robot_snake/install/setup.bash'
[21.160s] INFO:colcon.colcon_core.shell:Creating prefix script '/home/ben/robot_snake/install/local_setup.zsh'
[21.161s] INFO:colcon.colcon_core.shell:Creating prefix chain script '/home/ben/robot_snake/install/setup.zsh'
