[0.061s] Invoking command in '/home/ben/robot_snake/build/package1': CMAKE_PREFIX_PATH=${CMAKE_PREFIX_PATH}:/home/ben/microros_ws/install/sensor_msgs_py:/opt/ros/humble /usr/bin/cmake --build /home/ben/robot_snake/build/package1 -- -j3 -l3
[0.374s] [ 50%] Built target node1
[0.383s] [ 75%] [32mBuilding CXX object CMakeFiles/node2.dir/src/node2.cpp.o[0m
[7.768s] [100%] [32m[1mLinking CXX executable node2[0m
[8.344s] [100%] Built target node2
[8.395s] Invoked command in '/home/ben/robot_snake/build/package1' returned '0': CMAKE_PREFIX_PATH=${CMAKE_PREFIX_PATH}:/home/ben/microros_ws/install/sensor_msgs_py:/opt/ros/humble /usr/bin/cmake --build /home/ben/robot_snake/build/package1 -- -j3 -l3
[8.713s] Invoking command in '/home/ben/robot_snake/build/package1': CMAKE_PREFIX_PATH=${CMAKE_PREFIX_PATH}:/home/ben/microros_ws/install/sensor_msgs_py:/opt/ros/humble /usr/bin/cmake --install /home/ben/robot_snake/build/package1
[8.756s] -- Install configuration: ""
[8.758s] -- Up-to-date: /home/ben/robot_snake/install/package1/lib/package1/node1
[8.761s] -- Installing: /home/ben/robot_snake/install/package1/lib/package1/node2
[8.771s] -- Set runtime path of "/home/ben/robot_snake/install/package1/lib/package1/node2" to ""
[8.772s] -- Up-to-date: /home/ben/robot_snake/install/package1/share/package1//launch
[8.774s] -- Up-to-date: /home/ben/robot_snake/install/package1/share/package1//launch/launch1.py
[8.774s] -- Up-to-date: /home/ben/robot_snake/install/package1/share/package1//config
[8.775s] -- Up-to-date: /home/ben/robot_snake/install/package1/share/package1//config/node1_con.yaml
[8.775s] -- Up-to-date: /home/ben/robot_snake/install/package1/share/package1//config/node2_con.yaml
[8.775s] -- Up-to-date: /home/ben/robot_snake/install/package1/share/ament_index/resource_index/package_run_dependencies/package1
[8.775s] -- Up-to-date: /home/ben/robot_snake/install/package1/share/ament_index/resource_index/parent_prefix_path/package1
[8.775s] -- Up-to-date: /home/ben/robot_snake/install/package1/share/package1/environment/ament_prefix_path.sh
[8.776s] -- Up-to-date: /home/ben/robot_snake/install/package1/share/package1/environment/ament_prefix_path.dsv
[8.776s] -- Up-to-date: /home/ben/robot_snake/install/package1/share/package1/environment/path.sh
[8.776s] -- Up-to-date: /home/ben/robot_snake/install/package1/share/package1/environment/path.dsv
[8.776s] -- Up-to-date: /home/ben/robot_snake/install/package1/share/package1/local_setup.bash
[8.776s] -- Up-to-date: /home/ben/robot_snake/install/package1/share/package1/local_setup.sh
[8.776s] -- Up-to-date: /home/ben/robot_snake/install/package1/share/package1/local_setup.zsh
[8.776s] -- Up-to-date: /home/ben/robot_snake/install/package1/share/package1/local_setup.dsv
[8.777s] -- Installing: /home/ben/robot_snake/install/package1/share/package1/package.dsv
[8.777s] -- Up-to-date: /home/ben/robot_snake/install/package1/share/ament_index/resource_index/packages/package1
[8.777s] -- Up-to-date: /home/ben/robot_snake/install/package1/share/package1/cmake/package1Config.cmake
[8.777s] -- Up-to-date: /home/ben/robot_snake/install/package1/share/package1/cmake/package1Config-version.cmake
[8.777s] -- Up-to-date: /home/ben/robot_snake/install/package1/share/package1/package.xml
[8.789s] Invoked command in '/home/ben/robot_snake/build/package1' returned '0': CMAKE_PREFIX_PATH=${CMAKE_PREFIX_PATH}:/home/ben/microros_ws/install/sensor_msgs_py:/opt/ros/humble /usr/bin/cmake --install /home/ben/robot_snake/build/package1
