In file included from [01m[K/opt/ros/humble/include/rclcpp/rclcpp/logging.hpp:24[m[K,
                 from [01m[K/opt/ros/humble/include/rclcpp/rclcpp/client.hpp:40[m[K,
                 from [01m[K/opt/ros/humble/include/rclcpp/rclcpp/callback_group.hpp:23[m[K,
                 from [01m[K/opt/ros/humble/include/rclcpp/rclcpp/any_executable.hpp:20[m[K,
                 from [01m[K/opt/ros/humble/include/rclcpp/rclcpp/memory_strategy.hpp:25[m[K,
                 from [01m[K/opt/ros/humble/include/rclcpp/rclcpp/memory_strategies.hpp:18[m[K,
                 from [01m[K/opt/ros/humble/include/rclcpp/rclcpp/executor_options.hpp:20[m[K,
                 from [01m[K/opt/ros/humble/include/rclcpp/rclcpp/executor.hpp:37[m[K,
                 from [01m[K/opt/ros/humble/include/rclcpp/rclcpp/executors/multi_threaded_executor.hpp:25[m[K,
                 from [01m[K/opt/ros/humble/include/rclcpp/rclcpp/executors.hpp:21[m[K,
                 from [01m[K/opt/ros/humble/include/rclcpp/rclcpp/rclcpp.hpp:155[m[K,
                 from [01m[K/home/ben/robot_snake/src/package1/src/node1.cpp:15[m[K:
[01m[K/home/ben/robot_snake/src/package1/src/node1.cpp:[m[K In member function ‘[01m[Kvoid Node1::controller()[m[K’:
[01m[K/home/ben/robot_snake/src/package1/src/node1.cpp:91:42:[m[K [01;35m[Kwarning: [m[Kformat ‘[01m[K%d[m[K’ expects argument of type ‘[01m[Kint[m[K’, but argument 5 has type ‘[01m[Klong int[m[K’ [[01;35m[K]8;;https://gcc.gnu.org/onlinedocs/gcc/Warning-Options.html#index-Wformat=-Wformat=]8;;[m[K]
   91 |         RCLCPP_ERROR(this->get_logger(), [01;35m[K"NO REPONSE joint_time: %d"[m[K,MAX_TIME_BETWEEN_CALLBACKS*(1/controller_freq_));
      |                                          [01;35m[K^~~~~~~~~~~~~~~~~~~~~~~~~~~[m[K
[01m[K/home/ben/robot_snake/src/package1/src/node1.cpp:91:67:[m[K [01;36m[Knote: [m[Kformat string is defined here
   91 |         RCLCPP_ERROR(this->get_logger(), "NO REPONSE joint_time: [01;36m[K%d[m[K",MAX_TIME_BETWEEN_CALLBACKS*(1/controller_freq_));
      |                                                                  [01;36m[K~^[m[K
      |                                                                   [01;36m[K|[m[K
      |                                                                   [01;36m[Kint[m[K
      |                                                                  [32m[K%ld[m[K
