[0.807s] DEBUG:colcon:Command line arguments: ['/usr/bin/colcon', 'build', '--symlink-install']
[0.807s] DEBUG:colcon:Parsed command line arguments: Namespace(log_base=None, log_level=None, verb_name='build', build_base='build', install_base='install', merge_install=False, symlink_install=True, test_result_base=None, continue_on_error=False, executor='parallel', parallel_workers=3, event_handlers=None, ignore_user_meta=False, metas=['./colcon.meta'], base_paths=['.'], packages_ignore=None, packages_ignore_regex=None, paths=None, packages_up_to=None, packages_up_to_regex=None, packages_above=None, packages_above_and_dependencies=None, packages_above_depth=None, packages_select_by_dep=None, packages_skip_by_dep=None, packages_skip_up_to=None, packages_select_build_failed=False, packages_skip_build_finished=False, packages_select_test_failures=False, packages_skip_test_passed=False, packages_select=None, packages_skip=None, packages_select_regex=None, packages_skip_regex=None, packages_start=None, packages_end=None, allow_overriding=[], cmake_args=None, cmake_target=None, cmake_target_skip_unavailable=False, cmake_clean_cache=False, cmake_clean_first=False, cmake_force_configure=False, ament_cmake_args=None, catkin_cmake_args=None, catkin_skip_building_tests=False, verb_parser=<colcon_defaults.argument_parser.defaults.DefaultArgumentsDecorator object at 0x7fadd83ba950>, verb_extension=<colcon_core.verb.build.BuildVerb object at 0x7fadd857faf0>, main=<bound method BuildVerb.main of <colcon_core.verb.build.BuildVerb object at 0x7fadd857faf0>>)
[0.919s] Level 1:colcon.colcon_core.package_discovery:discover_packages(colcon_meta) check parameters
[0.919s] Level 1:colcon.colcon_core.package_discovery:discover_packages(recursive) check parameters
[0.919s] Level 1:colcon.colcon_core.package_discovery:discover_packages(ignore) check parameters
[0.920s] Level 1:colcon.colcon_core.package_discovery:discover_packages(path) check parameters
[0.920s] Level 1:colcon.colcon_core.package_discovery:discover_packages(colcon_meta) discover
[0.920s] Level 1:colcon.colcon_core.package_discovery:discover_packages(recursive) discover
[0.920s] INFO:colcon.colcon_core.package_discovery:Crawling recursively for packages in '/home/ben/robot_snake'
[0.922s] Level 1:colcon.colcon_core.package_identification:_identify(.) by extensions ['ignore', 'ignore_ament_install']
[0.923s] Level 1:colcon.colcon_core.package_identification:_identify(.) by extension 'ignore'
[0.923s] Level 1:colcon.colcon_core.package_identification:_identify(.) by extension 'ignore_ament_install'
[0.923s] Level 1:colcon.colcon_core.package_identification:_identify(.) by extensions ['colcon_pkg']
[0.924s] Level 1:colcon.colcon_core.package_identification:_identify(.) by extension 'colcon_pkg'
[0.924s] Level 1:colcon.colcon_core.package_identification:_identify(.) by extensions ['colcon_meta']
[0.925s] Level 1:colcon.colcon_core.package_identification:_identify(.) by extension 'colcon_meta'
[0.925s] Level 1:colcon.colcon_core.package_identification:_identify(.) by extensions ['ros']
[0.926s] Level 1:colcon.colcon_core.package_identification:_identify(.) by extension 'ros'
[0.982s] Level 1:colcon.colcon_core.package_identification:_identify(.) by extensions ['cmake', 'python']
[0.983s] Level 1:colcon.colcon_core.package_identification:_identify(.) by extension 'cmake'
[0.984s] Level 1:colcon.colcon_core.package_identification:_identify(.) by extension 'python'
[0.984s] Level 1:colcon.colcon_core.package_identification:_identify(.) by extensions ['python_setup_py']
[0.985s] Level 1:colcon.colcon_core.package_identification:_identify(.) by extension 'python_setup_py'
[0.985s] Level 1:colcon.colcon_core.package_identification:_identify(bag_files) by extensions ['ignore', 'ignore_ament_install']
[0.985s] Level 1:colcon.colcon_core.package_identification:_identify(bag_files) by extension 'ignore'
[0.986s] Level 1:colcon.colcon_core.package_identification:_identify(bag_files) by extension 'ignore_ament_install'
[0.987s] Level 1:colcon.colcon_core.package_identification:_identify(bag_files) by extensions ['colcon_pkg']
[0.988s] Level 1:colcon.colcon_core.package_identification:_identify(bag_files) by extension 'colcon_pkg'
[0.989s] Level 1:colcon.colcon_core.package_identification:_identify(bag_files) by extensions ['colcon_meta']
[0.989s] Level 1:colcon.colcon_core.package_identification:_identify(bag_files) by extension 'colcon_meta'
[0.989s] Level 1:colcon.colcon_core.package_identification:_identify(bag_files) by extensions ['ros']
[0.990s] Level 1:colcon.colcon_core.package_identification:_identify(bag_files) by extension 'ros'
[0.990s] Level 1:colcon.colcon_core.package_identification:_identify(bag_files) by extensions ['cmake', 'python']
[0.991s] Level 1:colcon.colcon_core.package_identification:_identify(bag_files) by extension 'cmake'
[0.991s] Level 1:colcon.colcon_core.package_identification:_identify(bag_files) by extension 'python'
[0.991s] Level 1:colcon.colcon_core.package_identification:_identify(bag_files) by extensions ['python_setup_py']
[0.991s] Level 1:colcon.colcon_core.package_identification:_identify(bag_files) by extension 'python_setup_py'
[0.992s] Level 1:colcon.colcon_core.package_identification:_identify(bag_files/15_12_2022 11:36:15) by extensions ['ignore', 'ignore_ament_install']
[0.992s] Level 1:colcon.colcon_core.package_identification:_identify(bag_files/15_12_2022 11:36:15) by extension 'ignore'
[0.993s] Level 1:colcon.colcon_core.package_identification:_identify(bag_files/15_12_2022 11:36:15) by extension 'ignore_ament_install'
[0.993s] Level 1:colcon.colcon_core.package_identification:_identify(bag_files/15_12_2022 11:36:15) by extensions ['colcon_pkg']
[0.993s] Level 1:colcon.colcon_core.package_identification:_identify(bag_files/15_12_2022 11:36:15) by extension 'colcon_pkg'
[0.994s] Level 1:colcon.colcon_core.package_identification:_identify(bag_files/15_12_2022 11:36:15) by extensions ['colcon_meta']
[0.994s] Level 1:colcon.colcon_core.package_identification:_identify(bag_files/15_12_2022 11:36:15) by extension 'colcon_meta'
[0.995s] Level 1:colcon.colcon_core.package_identification:_identify(bag_files/15_12_2022 11:36:15) by extensions ['ros']
[0.995s] Level 1:colcon.colcon_core.package_identification:_identify(bag_files/15_12_2022 11:36:15) by extension 'ros'
[0.996s] Level 1:colcon.colcon_core.package_identification:_identify(bag_files/15_12_2022 11:36:15) by extensions ['cmake', 'python']
[0.996s] Level 1:colcon.colcon_core.package_identification:_identify(bag_files/15_12_2022 11:36:15) by extension 'cmake'
[0.997s] Level 1:colcon.colcon_core.package_identification:_identify(bag_files/15_12_2022 11:36:15) by extension 'python'
[0.997s] Level 1:colcon.colcon_core.package_identification:_identify(bag_files/15_12_2022 11:36:15) by extensions ['python_setup_py']
[0.997s] Level 1:colcon.colcon_core.package_identification:_identify(bag_files/15_12_2022 11:36:15) by extension 'python_setup_py'
[0.998s] Level 1:colcon.colcon_core.package_identification:_identify(build) by extensions ['ignore', 'ignore_ament_install']
[0.999s] Level 1:colcon.colcon_core.package_identification:_identify(build) by extension 'ignore'
[0.999s] Level 1:colcon.colcon_core.package_identification:_identify(build) ignored
[1.000s] Level 1:colcon.colcon_core.package_identification:_identify(install) by extensions ['ignore', 'ignore_ament_install']
[1.000s] Level 1:colcon.colcon_core.package_identification:_identify(install) by extension 'ignore'
[1.000s] Level 1:colcon.colcon_core.package_identification:_identify(install) ignored
[1.001s] Level 1:colcon.colcon_core.package_identification:_identify(log) by extensions ['ignore', 'ignore_ament_install']
[1.002s] Level 1:colcon.colcon_core.package_identification:_identify(log) by extension 'ignore'
[1.002s] Level 1:colcon.colcon_core.package_identification:_identify(log) ignored
[1.003s] Level 1:colcon.colcon_core.package_identification:_identify(src) by extensions ['ignore', 'ignore_ament_install']
[1.003s] Level 1:colcon.colcon_core.package_identification:_identify(src) by extension 'ignore'
[1.003s] Level 1:colcon.colcon_core.package_identification:_identify(src) by extension 'ignore_ament_install'
[1.004s] Level 1:colcon.colcon_core.package_identification:_identify(src) by extensions ['colcon_pkg']
[1.004s] Level 1:colcon.colcon_core.package_identification:_identify(src) by extension 'colcon_pkg'
[1.004s] Level 1:colcon.colcon_core.package_identification:_identify(src) by extensions ['colcon_meta']
[1.005s] Level 1:colcon.colcon_core.package_identification:_identify(src) by extension 'colcon_meta'
[1.005s] Level 1:colcon.colcon_core.package_identification:_identify(src) by extensions ['ros']
[1.005s] Level 1:colcon.colcon_core.package_identification:_identify(src) by extension 'ros'
[1.006s] Level 1:colcon.colcon_core.package_identification:_identify(src) by extensions ['cmake', 'python']
[1.006s] Level 1:colcon.colcon_core.package_identification:_identify(src) by extension 'cmake'
[1.007s] Level 1:colcon.colcon_core.package_identification:_identify(src) by extension 'python'
[1.008s] Level 1:colcon.colcon_core.package_identification:_identify(src) by extensions ['python_setup_py']
[1.008s] Level 1:colcon.colcon_core.package_identification:_identify(src) by extension 'python_setup_py'
[1.008s] Level 1:colcon.colcon_core.package_identification:_identify(src/build) by extensions ['ignore', 'ignore_ament_install']
[1.009s] Level 1:colcon.colcon_core.package_identification:_identify(src/build) by extension 'ignore'
[1.009s] Level 1:colcon.colcon_core.package_identification:_identify(src/build) ignored
[1.010s] Level 1:colcon.colcon_core.package_identification:_identify(src/install) by extensions ['ignore', 'ignore_ament_install']
[1.010s] Level 1:colcon.colcon_core.package_identification:_identify(src/install) by extension 'ignore'
[1.017s] Level 1:colcon.colcon_core.package_identification:_identify(src/install) ignored
[1.018s] Level 1:colcon.colcon_core.package_identification:_identify(src/log) by extensions ['ignore', 'ignore_ament_install']
[1.019s] Level 1:colcon.colcon_core.package_identification:_identify(src/log) by extension 'ignore'
[1.020s] Level 1:colcon.colcon_core.package_identification:_identify(src/log) ignored
[1.021s] Level 1:colcon.colcon_core.package_identification:_identify(src/package1) by extensions ['ignore', 'ignore_ament_install']
[1.022s] Level 1:colcon.colcon_core.package_identification:_identify(src/package1) by extension 'ignore'
[1.022s] Level 1:colcon.colcon_core.package_identification:_identify(src/package1) by extension 'ignore_ament_install'
[1.022s] Level 1:colcon.colcon_core.package_identification:_identify(src/package1) by extensions ['colcon_pkg']
[1.023s] Level 1:colcon.colcon_core.package_identification:_identify(src/package1) by extension 'colcon_pkg'
[1.023s] Level 1:colcon.colcon_core.package_identification:_identify(src/package1) by extensions ['colcon_meta']
[1.023s] Level 1:colcon.colcon_core.package_identification:_identify(src/package1) by extension 'colcon_meta'
[1.024s] Level 1:colcon.colcon_core.package_identification:_identify(src/package1) by extensions ['ros']
[1.024s] Level 1:colcon.colcon_core.package_identification:_identify(src/package1) by extension 'ros'
[1.034s] DEBUG:colcon.colcon_core.package_identification:Package 'src/package1' with type 'ros.ament_cmake' and name 'package1'
[1.035s] Level 1:colcon.colcon_core.package_discovery:discover_packages(recursive) using defaults
[1.035s] Level 1:colcon.colcon_core.package_discovery:discover_packages(ignore) discover
[1.036s] Level 1:colcon.colcon_core.package_discovery:discover_packages(ignore) using defaults
[1.036s] Level 1:colcon.colcon_core.package_discovery:discover_packages(path) discover
[1.036s] Level 1:colcon.colcon_core.package_discovery:discover_packages(path) using defaults
[1.153s] Level 1:colcon.colcon_core.package_discovery:discover_packages(prefix_path) check parameters
[1.153s] Level 1:colcon.colcon_core.package_discovery:discover_packages(prefix_path) discover
[1.192s] DEBUG:colcon.colcon_installed_package_information.package_discovery:Found 39 installed packages in /home/ben/microros_ws/install
[1.198s] DEBUG:colcon.colcon_installed_package_information.package_discovery:Found 14 installed packages in /home/ben/ros2_ws/install
[1.201s] DEBUG:colcon.colcon_installed_package_information.package_discovery:Found 2 installed packages in /home/ben/robot_snake/install
[1.213s] DEBUG:colcon.colcon_installed_package_information.package_discovery:Found 284 installed packages in /opt/ros/humble
[1.225s] Level 1:colcon.colcon_core.package_discovery:discover_packages(prefix_path) using defaults
[1.450s] Level 5:colcon.colcon_core.verb:set package 'package1' build argument 'cmake_args' from command line to 'None'
[1.451s] Level 5:colcon.colcon_core.verb:set package 'package1' build argument 'cmake_target' from command line to 'None'
[1.453s] Level 5:colcon.colcon_core.verb:set package 'package1' build argument 'cmake_target_skip_unavailable' from command line to 'False'
[1.453s] Level 5:colcon.colcon_core.verb:set package 'package1' build argument 'cmake_clean_cache' from command line to 'False'
[1.454s] Level 5:colcon.colcon_core.verb:set package 'package1' build argument 'cmake_clean_first' from command line to 'False'
[1.454s] Level 5:colcon.colcon_core.verb:set package 'package1' build argument 'cmake_force_configure' from command line to 'False'
[1.455s] Level 5:colcon.colcon_core.verb:set package 'package1' build argument 'ament_cmake_args' from command line to 'None'
[1.456s] Level 5:colcon.colcon_core.verb:set package 'package1' build argument 'catkin_cmake_args' from command line to 'None'
[1.457s] Level 5:colcon.colcon_core.verb:set package 'package1' build argument 'catkin_skip_building_tests' from command line to 'False'
[1.457s] DEBUG:colcon.colcon_core.verb:Building package 'package1' with the following arguments: {'ament_cmake_args': None, 'build_base': '/home/ben/robot_snake/build/package1', 'catkin_cmake_args': None, 'catkin_skip_building_tests': False, 'cmake_args': None, 'cmake_clean_cache': False, 'cmake_clean_first': False, 'cmake_force_configure': False, 'cmake_target': None, 'cmake_target_skip_unavailable': False, 'install_base': '/home/ben/robot_snake/install/package1', 'merge_install': False, 'path': '/home/ben/robot_snake/src/package1', 'symlink_install': True, 'test_result_base': None}
[1.459s] INFO:colcon.colcon_core.executor:Executing jobs using 'parallel' executor
[1.472s] DEBUG:colcon.colcon_parallel_executor.executor.parallel:run_until_complete
[1.473s] INFO:colcon.colcon_ros.task.ament_cmake.build:Building ROS package in '/home/ben/robot_snake/src/package1' with build type 'ament_cmake'
[1.473s] INFO:colcon.colcon_cmake.task.cmake.build:Building CMake package in '/home/ben/robot_snake/src/package1'
[1.509s] INFO:colcon.colcon_core.plugin_system:Skipping extension 'colcon_core.shell.bat': Not used on non-Windows systems
[1.509s] INFO:colcon.colcon_core.shell:Skip shell extension 'powershell' for command environment: Not usable outside of PowerShell
[1.510s] DEBUG:colcon.colcon_core.shell:Skip shell extension 'dsv' for command environment
[1.659s] DEBUG:colcon.colcon_core.event_handler.log_command:Invoking command in '/home/ben/robot_snake/build/package1': CMAKE_PREFIX_PATH=${CMAKE_PREFIX_PATH}:/home/ben/ros2_ws/install/rqt_gui_py:/home/ben/ros2_ws/install/rqt_gui:/home/ben/microros_ws/install/sensor_msgs_py:/opt/ros/humble /usr/bin/cmake --build /home/ben/robot_snake/build/package1 -- -j3 -l3
[26.572s] DEBUG:colcon.colcon_core.event_handler.log_command:Invoked command in '/home/ben/robot_snake/build/package1' returned '0': CMAKE_PREFIX_PATH=${CMAKE_PREFIX_PATH}:/home/ben/ros2_ws/install/rqt_gui_py:/home/ben/ros2_ws/install/rqt_gui:/home/ben/microros_ws/install/sensor_msgs_py:/opt/ros/humble /usr/bin/cmake --build /home/ben/robot_snake/build/package1 -- -j3 -l3
[27.053s] DEBUG:colcon.colcon_core.event_handler.log_command:Invoking command in '/home/ben/robot_snake/build/package1': CMAKE_PREFIX_PATH=${CMAKE_PREFIX_PATH}:/home/ben/ros2_ws/install/rqt_gui_py:/home/ben/ros2_ws/install/rqt_gui:/home/ben/microros_ws/install/sensor_msgs_py:/opt/ros/humble /usr/bin/cmake --install /home/ben/robot_snake/build/package1
[27.236s] Level 1:colcon.colcon_core.environment:create_environment_scripts_only(package1)
[27.245s] DEBUG:colcon.colcon_core.event_handler.log_command:Invoked command in '/home/ben/robot_snake/build/package1' returned '0': CMAKE_PREFIX_PATH=${CMAKE_PREFIX_PATH}:/home/ben/ros2_ws/install/rqt_gui_py:/home/ben/ros2_ws/install/rqt_gui:/home/ben/microros_ws/install/sensor_msgs_py:/opt/ros/humble /usr/bin/cmake --install /home/ben/robot_snake/build/package1
[27.313s] Level 1:colcon.colcon_core.environment:checking '/home/ben/robot_snake/install/package1' for CMake module files
[27.315s] Level 1:colcon.colcon_core.environment:checking '/home/ben/robot_snake/install/package1' for CMake config files
[27.316s] Level 1:colcon.colcon_core.shell:create_environment_hook('package1', 'cmake_prefix_path')
[27.319s] INFO:colcon.colcon_core.shell:Creating environment hook '/home/ben/robot_snake/install/package1/share/package1/hook/cmake_prefix_path.ps1'
[27.323s] INFO:colcon.colcon_core.shell:Creating environment descriptor '/home/ben/robot_snake/install/package1/share/package1/hook/cmake_prefix_path.dsv'
[27.325s] INFO:colcon.colcon_core.shell:Creating environment hook '/home/ben/robot_snake/install/package1/share/package1/hook/cmake_prefix_path.sh'
[27.327s] Level 1:colcon.colcon_core.environment:checking '/home/ben/robot_snake/install/package1/lib'
[27.327s] Level 1:colcon.colcon_core.environment:checking '/home/ben/robot_snake/install/package1/bin'
[27.328s] Level 1:colcon.colcon_core.environment:checking '/home/ben/robot_snake/install/package1/lib/pkgconfig/package1.pc'
[27.329s] Level 1:colcon.colcon_core.environment:checking '/home/ben/robot_snake/install/package1/lib/python3.10/site-packages'
[27.329s] Level 1:colcon.colcon_core.environment:checking '/home/ben/robot_snake/install/package1/bin'
[27.331s] INFO:colcon.colcon_core.shell:Creating package script '/home/ben/robot_snake/install/package1/share/package1/package.ps1'
[27.332s] INFO:colcon.colcon_core.shell:Creating package descriptor '/home/ben/robot_snake/install/package1/share/package1/package.dsv'
[27.334s] INFO:colcon.colcon_core.shell:Creating package script '/home/ben/robot_snake/install/package1/share/package1/package.sh'
[27.336s] INFO:colcon.colcon_core.shell:Creating package script '/home/ben/robot_snake/install/package1/share/package1/package.bash'
[27.337s] INFO:colcon.colcon_core.shell:Creating package script '/home/ben/robot_snake/install/package1/share/package1/package.zsh'
[27.339s] Level 1:colcon.colcon_core.environment:create_file_with_runtime_dependencies(/home/ben/robot_snake/install/package1/share/colcon-core/packages/package1)
[27.764s] Level 1:colcon.colcon_core.environment:create_environment_scripts_only(package1)
[27.767s] Level 1:colcon.colcon_core.environment:checking '/home/ben/robot_snake/install/package1' for CMake module files
[27.768s] Level 1:colcon.colcon_core.environment:checking '/home/ben/robot_snake/install/package1' for CMake config files
[27.769s] Level 1:colcon.colcon_core.shell:create_environment_hook('package1', 'cmake_prefix_path')
[27.772s] INFO:colcon.colcon_core.shell:Creating environment hook '/home/ben/robot_snake/install/package1/share/package1/hook/cmake_prefix_path.ps1'
[27.773s] INFO:colcon.colcon_core.shell:Creating environment descriptor '/home/ben/robot_snake/install/package1/share/package1/hook/cmake_prefix_path.dsv'
[27.774s] INFO:colcon.colcon_core.shell:Creating environment hook '/home/ben/robot_snake/install/package1/share/package1/hook/cmake_prefix_path.sh'
[27.776s] Level 1:colcon.colcon_core.environment:checking '/home/ben/robot_snake/install/package1/lib'
[27.776s] Level 1:colcon.colcon_core.environment:checking '/home/ben/robot_snake/install/package1/bin'
[27.777s] Level 1:colcon.colcon_core.environment:checking '/home/ben/robot_snake/install/package1/lib/pkgconfig/package1.pc'
[27.778s] Level 1:colcon.colcon_core.environment:checking '/home/ben/robot_snake/install/package1/lib/python3.10/site-packages'
[27.778s] Level 1:colcon.colcon_core.environment:checking '/home/ben/robot_snake/install/package1/bin'
[27.780s] INFO:colcon.colcon_core.shell:Creating package script '/home/ben/robot_snake/install/package1/share/package1/package.ps1'
[27.781s] INFO:colcon.colcon_core.shell:Creating package descriptor '/home/ben/robot_snake/install/package1/share/package1/package.dsv'
[27.783s] INFO:colcon.colcon_core.shell:Creating package script '/home/ben/robot_snake/install/package1/share/package1/package.sh'
[27.784s] INFO:colcon.colcon_core.shell:Creating package script '/home/ben/robot_snake/install/package1/share/package1/package.bash'
[27.785s] INFO:colcon.colcon_core.shell:Creating package script '/home/ben/robot_snake/install/package1/share/package1/package.zsh'
[27.786s] Level 1:colcon.colcon_core.environment:create_file_with_runtime_dependencies(/home/ben/robot_snake/install/package1/share/colcon-core/packages/package1)
[27.789s] DEBUG:colcon.colcon_parallel_executor.executor.parallel:closing loop
[27.791s] DEBUG:colcon.colcon_parallel_executor.executor.parallel:loop closed
[27.792s] DEBUG:colcon.colcon_parallel_executor.executor.parallel:run_until_complete finished with '0'
[27.792s] DEBUG:colcon.colcon_core.event_reactor:joining thread
[27.818s] INFO:colcon.colcon_core.plugin_system:Skipping extension 'colcon_notification.desktop_notification.terminal_notifier': Not used on non-Darwin systems
[27.818s] INFO:colcon.colcon_core.plugin_system:Skipping extension 'colcon_notification.desktop_notification.win32': Not used on non-Windows systems
[27.818s] INFO:colcon.colcon_notification.desktop_notification:Sending desktop notification using 'notify2'
[27.858s] DEBUG:colcon.colcon_core.event_reactor:joined thread
[27.861s] INFO:colcon.colcon_core.shell:Creating prefix script '/home/ben/robot_snake/install/local_setup.ps1'
[27.865s] INFO:colcon.colcon_core.shell:Creating prefix util module '/home/ben/robot_snake/install/_local_setup_util_ps1.py'
[27.868s] INFO:colcon.colcon_core.shell:Creating prefix chain script '/home/ben/robot_snake/install/setup.ps1'
[27.904s] INFO:colcon.colcon_core.shell:Creating prefix script '/home/ben/robot_snake/install/local_setup.sh'
[27.905s] INFO:colcon.colcon_core.shell:Creating prefix util module '/home/ben/robot_snake/install/_local_setup_util_sh.py'
[27.910s] INFO:colcon.colcon_core.shell:Creating prefix chain script '/home/ben/robot_snake/install/setup.sh'
[27.944s] INFO:colcon.colcon_core.shell:Creating prefix script '/home/ben/robot_snake/install/local_setup.bash'
[27.945s] INFO:colcon.colcon_core.shell:Creating prefix chain script '/home/ben/robot_snake/install/setup.bash'
[27.979s] INFO:colcon.colcon_core.shell:Creating prefix script '/home/ben/robot_snake/install/local_setup.zsh'
[27.980s] INFO:colcon.colcon_core.shell:Creating prefix chain script '/home/ben/robot_snake/install/setup.zsh'
