[0.150s] Invoking command in '/home/ben/robot_snake/build/package1': CMAKE_PREFIX_PATH=${CMAKE_PREFIX_PATH}:/home/ben/microros_ws/install/sensor_msgs_py:/opt/ros/humble /usr/bin/cmake --build /home/ben/robot_snake/build/package1 -- -j3 -l3
[1.056s] [35m[1mConsolidate compiler generated dependencies of target node2[0m
[1.193s] [ 50%] Built target node1
[1.374s] [ 75%] [32mBuilding CXX object CMakeFiles/node2.dir/src/node2.cpp.o[0m
[10.310s] [100%] [32m[1mLinking CXX executable node2[0m
[10.891s] [100%] Built target node2
[10.942s] Invoked command in '/home/ben/robot_snake/build/package1' returned '0': CMAKE_PREFIX_PATH=${CMAKE_PREFIX_PATH}:/home/ben/microros_ws/install/sensor_msgs_py:/opt/ros/humble /usr/bin/cmake --build /home/ben/robot_snake/build/package1 -- -j3 -l3
[11.259s] Invoking command in '/home/ben/robot_snake/build/package1': CMAKE_PREFIX_PATH=${CMAKE_PREFIX_PATH}:/home/ben/microros_ws/install/sensor_msgs_py:/opt/ros/humble /usr/bin/cmake --install /home/ben/robot_snake/build/package1
[11.301s] -- Install configuration: ""
[11.303s] -- Up-to-date: /home/ben/robot_snake/install/package1/lib/package1/node1
[11.306s] -- Installing: /home/ben/robot_snake/install/package1/lib/package1/node2
[11.317s] -- Set runtime path of "/home/ben/robot_snake/install/package1/lib/package1/node2" to ""
[11.318s] -- Up-to-date: /home/ben/robot_snake/install/package1/share/package1//launch
[11.318s] -- Up-to-date: /home/ben/robot_snake/install/package1/share/package1//launch/launch1.py
[11.318s] -- Up-to-date: /home/ben/robot_snake/install/package1/share/package1//config
[11.319s] -- Up-to-date: /home/ben/robot_snake/install/package1/share/package1//config/node1_con.yaml
[11.319s] -- Up-to-date: /home/ben/robot_snake/install/package1/share/package1//config/node2_con.yaml
[11.319s] -- Up-to-date: /home/ben/robot_snake/install/package1/share/ament_index/resource_index/package_run_dependencies/package1
[11.320s] -- Up-to-date: /home/ben/robot_snake/install/package1/share/ament_index/resource_index/parent_prefix_path/package1
[11.320s] -- Up-to-date: /home/ben/robot_snake/install/package1/share/package1/environment/ament_prefix_path.sh
[11.320s] -- Up-to-date: /home/ben/robot_snake/install/package1/share/package1/environment/ament_prefix_path.dsv
[11.320s] -- Up-to-date: /home/ben/robot_snake/install/package1/share/package1/environment/path.sh
[11.320s] -- Up-to-date: /home/ben/robot_snake/install/package1/share/package1/environment/path.dsv
[11.321s] -- Up-to-date: /home/ben/robot_snake/install/package1/share/package1/local_setup.bash
[11.321s] -- Up-to-date: /home/ben/robot_snake/install/package1/share/package1/local_setup.sh
[11.321s] -- Up-to-date: /home/ben/robot_snake/install/package1/share/package1/local_setup.zsh
[11.321s] -- Up-to-date: /home/ben/robot_snake/install/package1/share/package1/local_setup.dsv
[11.322s] -- Installing: /home/ben/robot_snake/install/package1/share/package1/package.dsv
[11.322s] -- Up-to-date: /home/ben/robot_snake/install/package1/share/ament_index/resource_index/packages/package1
[11.322s] -- Up-to-date: /home/ben/robot_snake/install/package1/share/package1/cmake/package1Config.cmake
[11.322s] -- Up-to-date: /home/ben/robot_snake/install/package1/share/package1/cmake/package1Config-version.cmake
[11.322s] -- Up-to-date: /home/ben/robot_snake/install/package1/share/package1/package.xml
[11.325s] Invoked command in '/home/ben/robot_snake/build/package1' returned '0': CMAKE_PREFIX_PATH=${CMAKE_PREFIX_PATH}:/home/ben/microros_ws/install/sensor_msgs_py:/opt/ros/humble /usr/bin/cmake --install /home/ben/robot_snake/build/package1
