[0.029s] Invoking command in '/home/ben/robot_snake/build/package1': CMAKE_PREFIX_PATH=${CMAKE_PREFIX_PATH}:/home/ben/microros_ws/install/sensor_msgs_py:/opt/ros/humble /usr/bin/cmake --build /home/ben/robot_snake/build/package1 -- -j3 -l3
[0.133s] [35m[1mConsolidate compiler generated dependencies of target node1[0m
[0.179s] [ 25%] [32mBuilding CXX object CMakeFiles/node1.dir/src/node1.cpp.o[0m
[10.270s] [ 50%] [32m[1mLinking CXX executable node1[0m
[10.770s] [ 50%] Built target node1
[10.819s] [100%] Built target node2
[10.835s] Invoked command in '/home/ben/robot_snake/build/package1' returned '0': CMAKE_PREFIX_PATH=${CMAKE_PREFIX_PATH}:/home/ben/microros_ws/install/sensor_msgs_py:/opt/ros/humble /usr/bin/cmake --build /home/ben/robot_snake/build/package1 -- -j3 -l3
[10.942s] Invoking command in '/home/ben/robot_snake/build/package1': CMAKE_PREFIX_PATH=${CMAKE_PREFIX_PATH}:/home/ben/microros_ws/install/sensor_msgs_py:/opt/ros/humble /usr/bin/cmake --install /home/ben/robot_snake/build/package1
[10.956s] -- Install configuration: ""
[10.956s] -- Execute custom install script
[10.957s] -- Up-to-date symlink: /home/ben/robot_snake/install/package1/lib/package1/node1
[10.957s] -- Up-to-date symlink: /home/ben/robot_snake/install/package1/lib/package1/node2
[10.957s] -- Up-to-date symlink: /home/ben/robot_snake/install/package1/share/package1//launch/launch1.py
[10.957s] -- Up-to-date symlink: /home/ben/robot_snake/install/package1/share/package1//launch/m_r_launch.py
[10.957s] -- Up-to-date symlink: /home/ben/robot_snake/install/package1/share/package1//config/node1_con.yaml
[10.958s] -- Up-to-date symlink: /home/ben/robot_snake/install/package1/share/ament_index/resource_index/package_run_dependencies/package1
[10.958s] -- Up-to-date symlink: /home/ben/robot_snake/install/package1/share/ament_index/resource_index/parent_prefix_path/package1
[10.958s] -- Up-to-date symlink: /home/ben/robot_snake/install/package1/share/package1/environment/ament_prefix_path.sh
[10.958s] -- Up-to-date symlink: /home/ben/robot_snake/install/package1/share/package1/environment/ament_prefix_path.dsv
[10.958s] -- Up-to-date symlink: /home/ben/robot_snake/install/package1/share/package1/environment/path.sh
[10.960s] -- Up-to-date symlink: /home/ben/robot_snake/install/package1/share/package1/environment/path.dsv
[10.960s] -- Up-to-date symlink: /home/ben/robot_snake/install/package1/share/package1/local_setup.bash
[10.960s] -- Up-to-date symlink: /home/ben/robot_snake/install/package1/share/package1/local_setup.sh
[10.960s] -- Up-to-date symlink: /home/ben/robot_snake/install/package1/share/package1/local_setup.zsh
[10.960s] -- Up-to-date symlink: /home/ben/robot_snake/install/package1/share/package1/local_setup.dsv
[10.960s] -- Symlinking: /home/ben/robot_snake/install/package1/share/package1/package.dsv
[10.976s] -- Up-to-date symlink: /home/ben/robot_snake/install/package1/share/ament_index/resource_index/packages/package1
[10.976s] -- Up-to-date symlink: /home/ben/robot_snake/install/package1/share/package1/cmake/package1Config.cmake
[10.976s] -- Up-to-date symlink: /home/ben/robot_snake/install/package1/share/package1/cmake/package1Config-version.cmake
[10.976s] -- Up-to-date symlink: /home/ben/robot_snake/install/package1/share/package1/package.xml
[10.984s] Invoked command in '/home/ben/robot_snake/build/package1' returned '0': CMAKE_PREFIX_PATH=${CMAKE_PREFIX_PATH}:/home/ben/microros_ws/install/sensor_msgs_py:/opt/ros/humble /usr/bin/cmake --install /home/ben/robot_snake/build/package1
