[0.057s] Invoking command in '/home/ben/robot_snake/build/package1': CMAKE_PREFIX_PATH=${CMAKE_PREFIX_PATH}:/home/ben/microros_ws/install/sensor_msgs_py:/opt/ros/humble /usr/bin/cmake --build /home/ben/robot_snake/build/package1 -- -j3 -l3
[0.304s] [35m[1mConsolidate compiler generated dependencies of target node2[0m
[0.375s] [ 50%] Built target node1
[0.460s] [100%] Built target node2
[0.529s] Invoked command in '/home/ben/robot_snake/build/package1' returned '0': CMAKE_PREFIX_PATH=${CMAKE_PREFIX_PATH}:/home/ben/microros_ws/install/sensor_msgs_py:/opt/ros/humble /usr/bin/cmake --build /home/ben/robot_snake/build/package1 -- -j3 -l3
[0.872s] Invoking command in '/home/ben/robot_snake/build/package1': CMAKE_PREFIX_PATH=${CMAKE_PREFIX_PATH}:/home/ben/microros_ws/install/sensor_msgs_py:/opt/ros/humble /usr/bin/cmake --install /home/ben/robot_snake/build/package1
[0.914s] -- Install configuration: ""
[0.916s] -- Up-to-date: /home/ben/robot_snake/install/package1/lib/package1/node1
[0.919s] -- Up-to-date: /home/ben/robot_snake/install/package1/lib/package1/node2
[0.921s] -- Up-to-date: /home/ben/robot_snake/install/package1/share/package1//launch
[0.922s] -- Installing: /home/ben/robot_snake/install/package1/share/package1//launch/launch1.py
[0.923s] -- Up-to-date: /home/ben/robot_snake/install/package1/share/package1//config
[0.924s] -- Up-to-date: /home/ben/robot_snake/install/package1/share/package1//config/node1_con.yaml
[0.924s] -- Up-to-date: /home/ben/robot_snake/install/package1/share/package1//config/node2_con.yaml
[0.925s] -- Up-to-date: /home/ben/robot_snake/install/package1/share/ament_index/resource_index/package_run_dependencies/package1
[0.925s] -- Up-to-date: /home/ben/robot_snake/install/package1/share/ament_index/resource_index/parent_prefix_path/package1
[0.928s] -- Up-to-date: /home/ben/robot_snake/install/package1/share/package1/environment/ament_prefix_path.sh
[0.929s] -- Up-to-date: /home/ben/robot_snake/install/package1/share/package1/environment/ament_prefix_path.dsv
[0.929s] -- Up-to-date: /home/ben/robot_snake/install/package1/share/package1/environment/path.sh
[0.930s] -- Up-to-date: /home/ben/robot_snake/install/package1/share/package1/environment/path.dsv
[0.930s] -- Up-to-date: /home/ben/robot_snake/install/package1/share/package1/local_setup.bash
[0.931s] -- Up-to-date: /home/ben/robot_snake/install/package1/share/package1/local_setup.sh
[0.931s] -- Up-to-date: /home/ben/robot_snake/install/package1/share/package1/local_setup.zsh
[0.931s] -- Up-to-date: /home/ben/robot_snake/install/package1/share/package1/local_setup.dsv
[0.931s] -- Installing: /home/ben/robot_snake/install/package1/share/package1/package.dsv
[0.931s] -- Up-to-date: /home/ben/robot_snake/install/package1/share/ament_index/resource_index/packages/package1
[0.932s] -- Up-to-date: /home/ben/robot_snake/install/package1/share/package1/cmake/package1Config.cmake
[0.932s] -- Up-to-date: /home/ben/robot_snake/install/package1/share/package1/cmake/package1Config-version.cmake
[0.932s] -- Up-to-date: /home/ben/robot_snake/install/package1/share/package1/package.xml
[0.936s] Invoked command in '/home/ben/robot_snake/build/package1' returned '0': CMAKE_PREFIX_PATH=${CMAKE_PREFIX_PATH}:/home/ben/microros_ws/install/sensor_msgs_py:/opt/ros/humble /usr/bin/cmake --install /home/ben/robot_snake/build/package1
