[0.060s] Invoking command in '/home/ben/robot_snake/build/package1': CMAKE_PREFIX_PATH=${CMAKE_PREFIX_PATH}:/home/ben/microros_ws/install/sensor_msgs_py:/opt/ros/humble /usr/bin/cmake --build /home/ben/robot_snake/build/package1 -- -j3 -l3
[0.382s] [ 25%] [32mBuilding CXX object CMakeFiles/node2.dir/src/node2.cpp.o[0m
[0.403s] [ 75%] Built target node1
[8.933s] [100%] [32m[1mLinking CXX executable node2[0m
[9.562s] [100%] Built target node2
[9.620s] Invoked command in '/home/ben/robot_snake/build/package1' returned '0': CMAKE_PREFIX_PATH=${CMAKE_PREFIX_PATH}:/home/ben/microros_ws/install/sensor_msgs_py:/opt/ros/humble /usr/bin/cmake --build /home/ben/robot_snake/build/package1 -- -j3 -l3
[9.980s] Invoking command in '/home/ben/robot_snake/build/package1': CMAKE_PREFIX_PATH=${CMAKE_PREFIX_PATH}:/home/ben/microros_ws/install/sensor_msgs_py:/opt/ros/humble /usr/bin/cmake --install /home/ben/robot_snake/build/package1
[10.020s] -- Install configuration: ""
[10.022s] -- Up-to-date: /home/ben/robot_snake/install/package1/lib/package1/node1
[10.025s] -- Installing: /home/ben/robot_snake/install/package1/lib/package1/node2
[10.033s] -- Set runtime path of "/home/ben/robot_snake/install/package1/lib/package1/node2" to ""
[10.033s] -- Up-to-date: /home/ben/robot_snake/install/package1/share/package1//launch
[10.034s] -- Up-to-date: /home/ben/robot_snake/install/package1/share/package1//launch/launch1.py
[10.034s] -- Up-to-date: /home/ben/robot_snake/install/package1/share/package1//config
[10.034s] -- Up-to-date: /home/ben/robot_snake/install/package1/share/package1//config/node1_con.yaml
[10.035s] -- Up-to-date: /home/ben/robot_snake/install/package1/share/package1//config/node2_con.yaml
[10.035s] -- Up-to-date: /home/ben/robot_snake/install/package1/share/ament_index/resource_index/package_run_dependencies/package1
[10.035s] -- Up-to-date: /home/ben/robot_snake/install/package1/share/ament_index/resource_index/parent_prefix_path/package1
[10.035s] -- Up-to-date: /home/ben/robot_snake/install/package1/share/package1/environment/ament_prefix_path.sh
[10.036s] -- Up-to-date: /home/ben/robot_snake/install/package1/share/package1/environment/ament_prefix_path.dsv
[10.036s] -- Up-to-date: /home/ben/robot_snake/install/package1/share/package1/environment/path.sh
[10.036s] -- Up-to-date: /home/ben/robot_snake/install/package1/share/package1/environment/path.dsv
[10.036s] -- Up-to-date: /home/ben/robot_snake/install/package1/share/package1/local_setup.bash
[10.036s] -- Up-to-date: /home/ben/robot_snake/install/package1/share/package1/local_setup.sh
[10.036s] -- Up-to-date: /home/ben/robot_snake/install/package1/share/package1/local_setup.zsh
[10.037s] -- Up-to-date: /home/ben/robot_snake/install/package1/share/package1/local_setup.dsv
[10.039s] -- Installing: /home/ben/robot_snake/install/package1/share/package1/package.dsv
[10.039s] -- Up-to-date: /home/ben/robot_snake/install/package1/share/ament_index/resource_index/packages/package1
[10.039s] -- Up-to-date: /home/ben/robot_snake/install/package1/share/package1/cmake/package1Config.cmake
[10.039s] -- Up-to-date: /home/ben/robot_snake/install/package1/share/package1/cmake/package1Config-version.cmake
[10.039s] -- Up-to-date: /home/ben/robot_snake/install/package1/share/package1/package.xml
[10.043s] Invoked command in '/home/ben/robot_snake/build/package1' returned '0': CMAKE_PREFIX_PATH=${CMAKE_PREFIX_PATH}:/home/ben/microros_ws/install/sensor_msgs_py:/opt/ros/humble /usr/bin/cmake --install /home/ben/robot_snake/build/package1
