[0.016s] Invoking command in '/home/ben/robot_snake/build/package1': CMAKE_PREFIX_PATH=${CMAKE_PREFIX_PATH}:/opt/ros/humble /usr/bin/cmake /home/ben/robot_snake/src/package1 -DCMAKE_INSTALL_PREFIX=/home/ben/robot_snake/install/package1
[0.043s] -- Found ament_cmake: 1.3.3 (/opt/ros/humble/share/ament_cmake/cmake)
[0.172s] -- Override CMake install command with custom implementation using symlinks instead of copying resources
[0.185s] -- Found rclcpp: 16.0.2 (/opt/ros/humble/share/rclcpp/cmake)
[0.224s] -- Found rosidl_generator_c: 3.1.4 (/opt/ros/humble/share/rosidl_generator_c/cmake)
[0.227s] -- Found rosidl_adapter: 3.1.4 (/opt/ros/humble/share/rosidl_adapter/cmake)
[0.234s] -- Found rosidl_generator_cpp: 3.1.4 (/opt/ros/humble/share/rosidl_generator_cpp/cmake)
[0.247s] -- Using all available rosidl_typesupport_c: rosidl_typesupport_fastrtps_c;rosidl_typesupport_introspection_c
[0.264s] -- Using all available rosidl_typesupport_cpp: rosidl_typesupport_fastrtps_cpp;rosidl_typesupport_introspection_cpp
[0.327s] -- Found rmw_implementation_cmake: 6.1.1 (/opt/ros/humble/share/rmw_implementation_cmake/cmake)
[0.328s] -- Found rmw_fastrtps_cpp: 6.2.2 (/opt/ros/humble/share/rmw_fastrtps_cpp/cmake)
[0.444s] -- Using RMW implementation 'rmw_fastrtps_cpp' as default
[0.691s] -- Configuring done
[0.701s] -- Generating done
[0.703s] -- Build files have been written to: /home/ben/robot_snake/build/package1
[0.710s] Invoked command in '/home/ben/robot_snake/build/package1' returned '0': CMAKE_PREFIX_PATH=${CMAKE_PREFIX_PATH}:/opt/ros/humble /usr/bin/cmake /home/ben/robot_snake/src/package1 -DCMAKE_INSTALL_PREFIX=/home/ben/robot_snake/install/package1
[0.711s] Invoking command in '/home/ben/robot_snake/build/package1': CMAKE_PREFIX_PATH=${CMAKE_PREFIX_PATH}:/opt/ros/humble /usr/bin/cmake --build /home/ben/robot_snake/build/package1 -- -j12 -l12
[0.739s] [35m[1mConsolidate compiler generated dependencies of target node2[0m
[0.740s] [35m[1mConsolidate compiler generated dependencies of target node1[0m
[0.759s] [ 50%] [32mBuilding CXX object CMakeFiles/node1.dir/src/node1.cpp.o[0m
[0.759s] [ 75%] Built target node2
[9.564s] [100%] [32m[1mLinking CXX executable node1[0m
[10.046s] [100%] Built target node1
[10.054s] Invoked command in '/home/ben/robot_snake/build/package1' returned '0': CMAKE_PREFIX_PATH=${CMAKE_PREFIX_PATH}:/opt/ros/humble /usr/bin/cmake --build /home/ben/robot_snake/build/package1 -- -j12 -l12
[10.079s] Invoking command in '/home/ben/robot_snake/build/package1': CMAKE_PREFIX_PATH=${CMAKE_PREFIX_PATH}:/opt/ros/humble /usr/bin/cmake --install /home/ben/robot_snake/build/package1
[10.086s] -- Install configuration: ""
[10.086s] -- Execute custom install script
[10.086s] -- Up-to-date symlink: /home/ben/robot_snake/install/package1/lib/package1/node1
[10.087s] -- Up-to-date symlink: /home/ben/robot_snake/install/package1/lib/package1/node2
[10.087s] -- Up-to-date symlink: /home/ben/robot_snake/install/package1/share/package1//launch/launch1.py
[10.087s] -- Up-to-date symlink: /home/ben/robot_snake/install/package1/share/package1//launch/m_r_launch.py
[10.087s] -- Up-to-date symlink: /home/ben/robot_snake/install/package1/share/package1//config/node1_con.yaml
[10.087s] -- Up-to-date symlink: /home/ben/robot_snake/install/package1/share/ament_index/resource_index/package_run_dependencies/package1
[10.088s] -- Up-to-date symlink: /home/ben/robot_snake/install/package1/share/ament_index/resource_index/parent_prefix_path/package1
[10.088s] -- Up-to-date symlink: /home/ben/robot_snake/install/package1/share/package1/environment/ament_prefix_path.sh
[10.088s] -- Up-to-date symlink: /home/ben/robot_snake/install/package1/share/package1/environment/ament_prefix_path.dsv
[10.088s] -- Up-to-date symlink: /home/ben/robot_snake/install/package1/share/package1/environment/path.sh
[10.088s] -- Up-to-date symlink: /home/ben/robot_snake/install/package1/share/package1/environment/path.dsv
[10.088s] -- Up-to-date symlink: /home/ben/robot_snake/install/package1/share/package1/local_setup.bash
[10.088s] -- Up-to-date symlink: /home/ben/robot_snake/install/package1/share/package1/local_setup.sh
[10.089s] -- Up-to-date symlink: /home/ben/robot_snake/install/package1/share/package1/local_setup.zsh
[10.089s] -- Up-to-date symlink: /home/ben/robot_snake/install/package1/share/package1/local_setup.dsv
[10.089s] -- Symlinking: /home/ben/robot_snake/install/package1/share/package1/package.dsv
[10.096s] -- Up-to-date symlink: /home/ben/robot_snake/install/package1/share/ament_index/resource_index/packages/package1
[10.096s] -- Up-to-date symlink: /home/ben/robot_snake/install/package1/share/package1/cmake/package1Config.cmake
[10.096s] -- Up-to-date symlink: /home/ben/robot_snake/install/package1/share/package1/cmake/package1Config-version.cmake
[10.096s] -- Up-to-date symlink: /home/ben/robot_snake/install/package1/share/package1/package.xml
[10.098s] Invoked command in '/home/ben/robot_snake/build/package1' returned '0': CMAKE_PREFIX_PATH=${CMAKE_PREFIX_PATH}:/opt/ros/humble /usr/bin/cmake --install /home/ben/robot_snake/build/package1
