[1.064s] DEBUG:colcon:Command line arguments: ['/usr/bin/colcon', 'build', '--symlink-install']
[1.064s] DEBUG:colcon:Parsed command line arguments: Namespace(log_base=None, log_level=None, verb_name='build', build_base='build', install_base='install', merge_install=False, symlink_install=True, test_result_base=None, continue_on_error=False, executor='parallel', parallel_workers=3, event_handlers=None, ignore_user_meta=False, metas=['./colcon.meta'], base_paths=['.'], packages_ignore=None, packages_ignore_regex=None, paths=None, packages_up_to=None, packages_up_to_regex=None, packages_above=None, packages_above_and_dependencies=None, packages_above_depth=None, packages_select_by_dep=None, packages_skip_by_dep=None, packages_skip_up_to=None, packages_select_build_failed=False, packages_skip_build_finished=False, packages_select_test_failures=False, packages_skip_test_passed=False, packages_select=None, packages_skip=None, packages_select_regex=None, packages_skip_regex=None, packages_start=None, packages_end=None, allow_overriding=[], cmake_args=None, cmake_target=None, cmake_target_skip_unavailable=False, cmake_clean_cache=False, cmake_clean_first=False, cmake_force_configure=False, ament_cmake_args=None, catkin_cmake_args=None, catkin_skip_building_tests=False, verb_parser=<colcon_defaults.argument_parser.defaults.DefaultArgumentsDecorator object at 0x7f619c81ea70>, verb_extension=<colcon_core.verb.build.BuildVerb object at 0x7f619d1af3d0>, main=<bound method BuildVerb.main of <colcon_core.verb.build.BuildVerb object at 0x7f619d1af3d0>>)
[1.138s] Level 1:colcon.colcon_core.package_discovery:discover_packages(colcon_meta) check parameters
[1.138s] Level 1:colcon.colcon_core.package_discovery:discover_packages(recursive) check parameters
[1.139s] Level 1:colcon.colcon_core.package_discovery:discover_packages(ignore) check parameters
[1.139s] Level 1:colcon.colcon_core.package_discovery:discover_packages(path) check parameters
[1.139s] Level 1:colcon.colcon_core.package_discovery:discover_packages(colcon_meta) discover
[1.139s] Level 1:colcon.colcon_core.package_discovery:discover_packages(recursive) discover
[1.139s] INFO:colcon.colcon_core.package_discovery:Crawling recursively for packages in '/home/ben/robot_snake'
[1.139s] Level 1:colcon.colcon_core.package_identification:_identify(.) by extensions ['ignore', 'ignore_ament_install']
[1.139s] Level 1:colcon.colcon_core.package_identification:_identify(.) by extension 'ignore'
[1.139s] Level 1:colcon.colcon_core.package_identification:_identify(.) by extension 'ignore_ament_install'
[1.140s] Level 1:colcon.colcon_core.package_identification:_identify(.) by extensions ['colcon_pkg']
[1.140s] Level 1:colcon.colcon_core.package_identification:_identify(.) by extension 'colcon_pkg'
[1.140s] Level 1:colcon.colcon_core.package_identification:_identify(.) by extensions ['colcon_meta']
[1.140s] Level 1:colcon.colcon_core.package_identification:_identify(.) by extension 'colcon_meta'
[1.140s] Level 1:colcon.colcon_core.package_identification:_identify(.) by extensions ['ros']
[1.140s] Level 1:colcon.colcon_core.package_identification:_identify(.) by extension 'ros'
[1.182s] Level 1:colcon.colcon_core.package_identification:_identify(.) by extensions ['cmake', 'python']
[1.182s] Level 1:colcon.colcon_core.package_identification:_identify(.) by extension 'cmake'
[1.182s] Level 1:colcon.colcon_core.package_identification:_identify(.) by extension 'python'
[1.182s] Level 1:colcon.colcon_core.package_identification:_identify(.) by extensions ['python_setup_py']
[1.182s] Level 1:colcon.colcon_core.package_identification:_identify(.) by extension 'python_setup_py'
[1.182s] Level 1:colcon.colcon_core.package_identification:_identify(bag_files) by extensions ['ignore', 'ignore_ament_install']
[1.182s] Level 1:colcon.colcon_core.package_identification:_identify(bag_files) by extension 'ignore'
[1.183s] Level 1:colcon.colcon_core.package_identification:_identify(bag_files) by extension 'ignore_ament_install'
[1.183s] Level 1:colcon.colcon_core.package_identification:_identify(bag_files) by extensions ['colcon_pkg']
[1.183s] Level 1:colcon.colcon_core.package_identification:_identify(bag_files) by extension 'colcon_pkg'
[1.183s] Level 1:colcon.colcon_core.package_identification:_identify(bag_files) by extensions ['colcon_meta']
[1.183s] Level 1:colcon.colcon_core.package_identification:_identify(bag_files) by extension 'colcon_meta'
[1.183s] Level 1:colcon.colcon_core.package_identification:_identify(bag_files) by extensions ['ros']
[1.183s] Level 1:colcon.colcon_core.package_identification:_identify(bag_files) by extension 'ros'
[1.183s] Level 1:colcon.colcon_core.package_identification:_identify(bag_files) by extensions ['cmake', 'python']
[1.183s] Level 1:colcon.colcon_core.package_identification:_identify(bag_files) by extension 'cmake'
[1.183s] Level 1:colcon.colcon_core.package_identification:_identify(bag_files) by extension 'python'
[1.183s] Level 1:colcon.colcon_core.package_identification:_identify(bag_files) by extensions ['python_setup_py']
[1.183s] Level 1:colcon.colcon_core.package_identification:_identify(bag_files) by extension 'python_setup_py'
[1.184s] Level 1:colcon.colcon_core.package_identification:_identify(bag_files/15_12_2022 11:36:15) by extensions ['ignore', 'ignore_ament_install']
[1.184s] Level 1:colcon.colcon_core.package_identification:_identify(bag_files/15_12_2022 11:36:15) by extension 'ignore'
[1.184s] Level 1:colcon.colcon_core.package_identification:_identify(bag_files/15_12_2022 11:36:15) by extension 'ignore_ament_install'
[1.184s] Level 1:colcon.colcon_core.package_identification:_identify(bag_files/15_12_2022 11:36:15) by extensions ['colcon_pkg']
[1.184s] Level 1:colcon.colcon_core.package_identification:_identify(bag_files/15_12_2022 11:36:15) by extension 'colcon_pkg'
[1.184s] Level 1:colcon.colcon_core.package_identification:_identify(bag_files/15_12_2022 11:36:15) by extensions ['colcon_meta']
[1.184s] Level 1:colcon.colcon_core.package_identification:_identify(bag_files/15_12_2022 11:36:15) by extension 'colcon_meta'
[1.184s] Level 1:colcon.colcon_core.package_identification:_identify(bag_files/15_12_2022 11:36:15) by extensions ['ros']
[1.184s] Level 1:colcon.colcon_core.package_identification:_identify(bag_files/15_12_2022 11:36:15) by extension 'ros'
[1.184s] Level 1:colcon.colcon_core.package_identification:_identify(bag_files/15_12_2022 11:36:15) by extensions ['cmake', 'python']
[1.184s] Level 1:colcon.colcon_core.package_identification:_identify(bag_files/15_12_2022 11:36:15) by extension 'cmake'
[1.184s] Level 1:colcon.colcon_core.package_identification:_identify(bag_files/15_12_2022 11:36:15) by extension 'python'
[1.185s] Level 1:colcon.colcon_core.package_identification:_identify(bag_files/15_12_2022 11:36:15) by extensions ['python_setup_py']
[1.185s] Level 1:colcon.colcon_core.package_identification:_identify(bag_files/15_12_2022 11:36:15) by extension 'python_setup_py'
[1.185s] Level 1:colcon.colcon_core.package_identification:_identify(bag_files/15_12_2022 14:04:54) by extensions ['ignore', 'ignore_ament_install']
[1.185s] Level 1:colcon.colcon_core.package_identification:_identify(bag_files/15_12_2022 14:04:54) by extension 'ignore'
[1.185s] Level 1:colcon.colcon_core.package_identification:_identify(bag_files/15_12_2022 14:04:54) by extension 'ignore_ament_install'
[1.185s] Level 1:colcon.colcon_core.package_identification:_identify(bag_files/15_12_2022 14:04:54) by extensions ['colcon_pkg']
[1.185s] Level 1:colcon.colcon_core.package_identification:_identify(bag_files/15_12_2022 14:04:54) by extension 'colcon_pkg'
[1.186s] Level 1:colcon.colcon_core.package_identification:_identify(bag_files/15_12_2022 14:04:54) by extensions ['colcon_meta']
[1.186s] Level 1:colcon.colcon_core.package_identification:_identify(bag_files/15_12_2022 14:04:54) by extension 'colcon_meta'
[1.186s] Level 1:colcon.colcon_core.package_identification:_identify(bag_files/15_12_2022 14:04:54) by extensions ['ros']
[1.186s] Level 1:colcon.colcon_core.package_identification:_identify(bag_files/15_12_2022 14:04:54) by extension 'ros'
[1.186s] Level 1:colcon.colcon_core.package_identification:_identify(bag_files/15_12_2022 14:04:54) by extensions ['cmake', 'python']
[1.186s] Level 1:colcon.colcon_core.package_identification:_identify(bag_files/15_12_2022 14:04:54) by extension 'cmake'
[1.186s] Level 1:colcon.colcon_core.package_identification:_identify(bag_files/15_12_2022 14:04:54) by extension 'python'
[1.186s] Level 1:colcon.colcon_core.package_identification:_identify(bag_files/15_12_2022 14:04:54) by extensions ['python_setup_py']
[1.186s] Level 1:colcon.colcon_core.package_identification:_identify(bag_files/15_12_2022 14:04:54) by extension 'python_setup_py'
[1.186s] Level 1:colcon.colcon_core.package_identification:_identify(bag_files/15_12_2022 14:06:45) by extensions ['ignore', 'ignore_ament_install']
[1.186s] Level 1:colcon.colcon_core.package_identification:_identify(bag_files/15_12_2022 14:06:45) by extension 'ignore'
[1.186s] Level 1:colcon.colcon_core.package_identification:_identify(bag_files/15_12_2022 14:06:45) by extension 'ignore_ament_install'
[1.187s] Level 1:colcon.colcon_core.package_identification:_identify(bag_files/15_12_2022 14:06:45) by extensions ['colcon_pkg']
[1.187s] Level 1:colcon.colcon_core.package_identification:_identify(bag_files/15_12_2022 14:06:45) by extension 'colcon_pkg'
[1.187s] Level 1:colcon.colcon_core.package_identification:_identify(bag_files/15_12_2022 14:06:45) by extensions ['colcon_meta']
[1.187s] Level 1:colcon.colcon_core.package_identification:_identify(bag_files/15_12_2022 14:06:45) by extension 'colcon_meta'
[1.187s] Level 1:colcon.colcon_core.package_identification:_identify(bag_files/15_12_2022 14:06:45) by extensions ['ros']
[1.187s] Level 1:colcon.colcon_core.package_identification:_identify(bag_files/15_12_2022 14:06:45) by extension 'ros'
[1.187s] Level 1:colcon.colcon_core.package_identification:_identify(bag_files/15_12_2022 14:06:45) by extensions ['cmake', 'python']
[1.187s] Level 1:colcon.colcon_core.package_identification:_identify(bag_files/15_12_2022 14:06:45) by extension 'cmake'
[1.187s] Level 1:colcon.colcon_core.package_identification:_identify(bag_files/15_12_2022 14:06:45) by extension 'python'
[1.187s] Level 1:colcon.colcon_core.package_identification:_identify(bag_files/15_12_2022 14:06:45) by extensions ['python_setup_py']
[1.187s] Level 1:colcon.colcon_core.package_identification:_identify(bag_files/15_12_2022 14:06:45) by extension 'python_setup_py'
[1.187s] Level 1:colcon.colcon_core.package_identification:_identify(bag_files/15_12_2022 14:07:45) by extensions ['ignore', 'ignore_ament_install']
[1.187s] Level 1:colcon.colcon_core.package_identification:_identify(bag_files/15_12_2022 14:07:45) by extension 'ignore'
[1.188s] Level 1:colcon.colcon_core.package_identification:_identify(bag_files/15_12_2022 14:07:45) by extension 'ignore_ament_install'
[1.188s] Level 1:colcon.colcon_core.package_identification:_identify(bag_files/15_12_2022 14:07:45) by extensions ['colcon_pkg']
[1.188s] Level 1:colcon.colcon_core.package_identification:_identify(bag_files/15_12_2022 14:07:45) by extension 'colcon_pkg'
[1.188s] Level 1:colcon.colcon_core.package_identification:_identify(bag_files/15_12_2022 14:07:45) by extensions ['colcon_meta']
[1.188s] Level 1:colcon.colcon_core.package_identification:_identify(bag_files/15_12_2022 14:07:45) by extension 'colcon_meta'
[1.188s] Level 1:colcon.colcon_core.package_identification:_identify(bag_files/15_12_2022 14:07:45) by extensions ['ros']
[1.188s] Level 1:colcon.colcon_core.package_identification:_identify(bag_files/15_12_2022 14:07:45) by extension 'ros'
[1.188s] Level 1:colcon.colcon_core.package_identification:_identify(bag_files/15_12_2022 14:07:45) by extensions ['cmake', 'python']
[1.188s] Level 1:colcon.colcon_core.package_identification:_identify(bag_files/15_12_2022 14:07:45) by extension 'cmake'
[1.189s] Level 1:colcon.colcon_core.package_identification:_identify(bag_files/15_12_2022 14:07:45) by extension 'python'
[1.189s] Level 1:colcon.colcon_core.package_identification:_identify(bag_files/15_12_2022 14:07:45) by extensions ['python_setup_py']
[1.189s] Level 1:colcon.colcon_core.package_identification:_identify(bag_files/15_12_2022 14:07:45) by extension 'python_setup_py'
[1.189s] Level 1:colcon.colcon_core.package_identification:_identify(bag_files/15_12_2022 14:12:24) by extensions ['ignore', 'ignore_ament_install']
[1.189s] Level 1:colcon.colcon_core.package_identification:_identify(bag_files/15_12_2022 14:12:24) by extension 'ignore'
[1.189s] Level 1:colcon.colcon_core.package_identification:_identify(bag_files/15_12_2022 14:12:24) by extension 'ignore_ament_install'
[1.189s] Level 1:colcon.colcon_core.package_identification:_identify(bag_files/15_12_2022 14:12:24) by extensions ['colcon_pkg']
[1.189s] Level 1:colcon.colcon_core.package_identification:_identify(bag_files/15_12_2022 14:12:24) by extension 'colcon_pkg'
[1.189s] Level 1:colcon.colcon_core.package_identification:_identify(bag_files/15_12_2022 14:12:24) by extensions ['colcon_meta']
[1.189s] Level 1:colcon.colcon_core.package_identification:_identify(bag_files/15_12_2022 14:12:24) by extension 'colcon_meta'
[1.189s] Level 1:colcon.colcon_core.package_identification:_identify(bag_files/15_12_2022 14:12:24) by extensions ['ros']
[1.190s] Level 1:colcon.colcon_core.package_identification:_identify(bag_files/15_12_2022 14:12:24) by extension 'ros'
[1.190s] Level 1:colcon.colcon_core.package_identification:_identify(bag_files/15_12_2022 14:12:24) by extensions ['cmake', 'python']
[1.190s] Level 1:colcon.colcon_core.package_identification:_identify(bag_files/15_12_2022 14:12:24) by extension 'cmake'
[1.190s] Level 1:colcon.colcon_core.package_identification:_identify(bag_files/15_12_2022 14:12:24) by extension 'python'
[1.190s] Level 1:colcon.colcon_core.package_identification:_identify(bag_files/15_12_2022 14:12:24) by extensions ['python_setup_py']
[1.190s] Level 1:colcon.colcon_core.package_identification:_identify(bag_files/15_12_2022 14:12:24) by extension 'python_setup_py'
[1.190s] Level 1:colcon.colcon_core.package_identification:_identify(bag_files/15_12_2022 14:13:14) by extensions ['ignore', 'ignore_ament_install']
[1.190s] Level 1:colcon.colcon_core.package_identification:_identify(bag_files/15_12_2022 14:13:14) by extension 'ignore'
[1.191s] Level 1:colcon.colcon_core.package_identification:_identify(bag_files/15_12_2022 14:13:14) by extension 'ignore_ament_install'
[1.191s] Level 1:colcon.colcon_core.package_identification:_identify(bag_files/15_12_2022 14:13:14) by extensions ['colcon_pkg']
[1.191s] Level 1:colcon.colcon_core.package_identification:_identify(bag_files/15_12_2022 14:13:14) by extension 'colcon_pkg'
[1.191s] Level 1:colcon.colcon_core.package_identification:_identify(bag_files/15_12_2022 14:13:14) by extensions ['colcon_meta']
[1.191s] Level 1:colcon.colcon_core.package_identification:_identify(bag_files/15_12_2022 14:13:14) by extension 'colcon_meta'
[1.191s] Level 1:colcon.colcon_core.package_identification:_identify(bag_files/15_12_2022 14:13:14) by extensions ['ros']
[1.191s] Level 1:colcon.colcon_core.package_identification:_identify(bag_files/15_12_2022 14:13:14) by extension 'ros'
[1.191s] Level 1:colcon.colcon_core.package_identification:_identify(bag_files/15_12_2022 14:13:14) by extensions ['cmake', 'python']
[1.191s] Level 1:colcon.colcon_core.package_identification:_identify(bag_files/15_12_2022 14:13:14) by extension 'cmake'
[1.191s] Level 1:colcon.colcon_core.package_identification:_identify(bag_files/15_12_2022 14:13:14) by extension 'python'
[1.191s] Level 1:colcon.colcon_core.package_identification:_identify(bag_files/15_12_2022 14:13:14) by extensions ['python_setup_py']
[1.192s] Level 1:colcon.colcon_core.package_identification:_identify(bag_files/15_12_2022 14:13:14) by extension 'python_setup_py'
[1.192s] Level 1:colcon.colcon_core.package_identification:_identify(bag_files/15_12_2022 14:14:03) by extensions ['ignore', 'ignore_ament_install']
[1.192s] Level 1:colcon.colcon_core.package_identification:_identify(bag_files/15_12_2022 14:14:03) by extension 'ignore'
[1.192s] Level 1:colcon.colcon_core.package_identification:_identify(bag_files/15_12_2022 14:14:03) by extension 'ignore_ament_install'
[1.192s] Level 1:colcon.colcon_core.package_identification:_identify(bag_files/15_12_2022 14:14:03) by extensions ['colcon_pkg']
[1.192s] Level 1:colcon.colcon_core.package_identification:_identify(bag_files/15_12_2022 14:14:03) by extension 'colcon_pkg'
[1.192s] Level 1:colcon.colcon_core.package_identification:_identify(bag_files/15_12_2022 14:14:03) by extensions ['colcon_meta']
[1.192s] Level 1:colcon.colcon_core.package_identification:_identify(bag_files/15_12_2022 14:14:03) by extension 'colcon_meta'
[1.193s] Level 1:colcon.colcon_core.package_identification:_identify(bag_files/15_12_2022 14:14:03) by extensions ['ros']
[1.193s] Level 1:colcon.colcon_core.package_identification:_identify(bag_files/15_12_2022 14:14:03) by extension 'ros'
[1.193s] Level 1:colcon.colcon_core.package_identification:_identify(bag_files/15_12_2022 14:14:03) by extensions ['cmake', 'python']
[1.193s] Level 1:colcon.colcon_core.package_identification:_identify(bag_files/15_12_2022 14:14:03) by extension 'cmake'
[1.193s] Level 1:colcon.colcon_core.package_identification:_identify(bag_files/15_12_2022 14:14:03) by extension 'python'
[1.193s] Level 1:colcon.colcon_core.package_identification:_identify(bag_files/15_12_2022 14:14:03) by extensions ['python_setup_py']
[1.193s] Level 1:colcon.colcon_core.package_identification:_identify(bag_files/15_12_2022 14:14:03) by extension 'python_setup_py'
[1.193s] Level 1:colcon.colcon_core.package_identification:_identify(bag_files/15_12_2022 14:18:20) by extensions ['ignore', 'ignore_ament_install']
[1.193s] Level 1:colcon.colcon_core.package_identification:_identify(bag_files/15_12_2022 14:18:20) by extension 'ignore'
[1.193s] Level 1:colcon.colcon_core.package_identification:_identify(bag_files/15_12_2022 14:18:20) by extension 'ignore_ament_install'
[1.194s] Level 1:colcon.colcon_core.package_identification:_identify(bag_files/15_12_2022 14:18:20) by extensions ['colcon_pkg']
[1.194s] Level 1:colcon.colcon_core.package_identification:_identify(bag_files/15_12_2022 14:18:20) by extension 'colcon_pkg'
[1.194s] Level 1:colcon.colcon_core.package_identification:_identify(bag_files/15_12_2022 14:18:20) by extensions ['colcon_meta']
[1.194s] Level 1:colcon.colcon_core.package_identification:_identify(bag_files/15_12_2022 14:18:20) by extension 'colcon_meta'
[1.194s] Level 1:colcon.colcon_core.package_identification:_identify(bag_files/15_12_2022 14:18:20) by extensions ['ros']
[1.194s] Level 1:colcon.colcon_core.package_identification:_identify(bag_files/15_12_2022 14:18:20) by extension 'ros'
[1.194s] Level 1:colcon.colcon_core.package_identification:_identify(bag_files/15_12_2022 14:18:20) by extensions ['cmake', 'python']
[1.195s] Level 1:colcon.colcon_core.package_identification:_identify(bag_files/15_12_2022 14:18:20) by extension 'cmake'
[1.195s] Level 1:colcon.colcon_core.package_identification:_identify(bag_files/15_12_2022 14:18:20) by extension 'python'
[1.195s] Level 1:colcon.colcon_core.package_identification:_identify(bag_files/15_12_2022 14:18:20) by extensions ['python_setup_py']
[1.195s] Level 1:colcon.colcon_core.package_identification:_identify(bag_files/15_12_2022 14:18:20) by extension 'python_setup_py'
[1.195s] Level 1:colcon.colcon_core.package_identification:_identify(build) by extensions ['ignore', 'ignore_ament_install']
[1.196s] Level 1:colcon.colcon_core.package_identification:_identify(build) by extension 'ignore'
[1.196s] Level 1:colcon.colcon_core.package_identification:_identify(build) ignored
[1.196s] Level 1:colcon.colcon_core.package_identification:_identify(install) by extensions ['ignore', 'ignore_ament_install']
[1.197s] Level 1:colcon.colcon_core.package_identification:_identify(install) by extension 'ignore'
[1.197s] Level 1:colcon.colcon_core.package_identification:_identify(install) ignored
[1.198s] Level 1:colcon.colcon_core.package_identification:_identify(log) by extensions ['ignore', 'ignore_ament_install']
[1.199s] Level 1:colcon.colcon_core.package_identification:_identify(log) by extension 'ignore'
[1.199s] Level 1:colcon.colcon_core.package_identification:_identify(log) ignored
[1.199s] Level 1:colcon.colcon_core.package_identification:_identify(src) by extensions ['ignore', 'ignore_ament_install']
[1.199s] Level 1:colcon.colcon_core.package_identification:_identify(src) by extension 'ignore'
[1.199s] Level 1:colcon.colcon_core.package_identification:_identify(src) by extension 'ignore_ament_install'
[1.199s] Level 1:colcon.colcon_core.package_identification:_identify(src) by extensions ['colcon_pkg']
[1.199s] Level 1:colcon.colcon_core.package_identification:_identify(src) by extension 'colcon_pkg'
[1.199s] Level 1:colcon.colcon_core.package_identification:_identify(src) by extensions ['colcon_meta']
[1.200s] Level 1:colcon.colcon_core.package_identification:_identify(src) by extension 'colcon_meta'
[1.200s] Level 1:colcon.colcon_core.package_identification:_identify(src) by extensions ['ros']
[1.200s] Level 1:colcon.colcon_core.package_identification:_identify(src) by extension 'ros'
[1.200s] Level 1:colcon.colcon_core.package_identification:_identify(src) by extensions ['cmake', 'python']
[1.200s] Level 1:colcon.colcon_core.package_identification:_identify(src) by extension 'cmake'
[1.200s] Level 1:colcon.colcon_core.package_identification:_identify(src) by extension 'python'
[1.200s] Level 1:colcon.colcon_core.package_identification:_identify(src) by extensions ['python_setup_py']
[1.200s] Level 1:colcon.colcon_core.package_identification:_identify(src) by extension 'python_setup_py'
[1.200s] Level 1:colcon.colcon_core.package_identification:_identify(src/build) by extensions ['ignore', 'ignore_ament_install']
[1.200s] Level 1:colcon.colcon_core.package_identification:_identify(src/build) by extension 'ignore'
[1.200s] Level 1:colcon.colcon_core.package_identification:_identify(src/build) ignored
[1.201s] Level 1:colcon.colcon_core.package_identification:_identify(src/install) by extensions ['ignore', 'ignore_ament_install']
[1.201s] Level 1:colcon.colcon_core.package_identification:_identify(src/install) by extension 'ignore'
[1.201s] Level 1:colcon.colcon_core.package_identification:_identify(src/install) ignored
[1.201s] Level 1:colcon.colcon_core.package_identification:_identify(src/log) by extensions ['ignore', 'ignore_ament_install']
[1.201s] Level 1:colcon.colcon_core.package_identification:_identify(src/log) by extension 'ignore'
[1.201s] Level 1:colcon.colcon_core.package_identification:_identify(src/log) ignored
[1.201s] Level 1:colcon.colcon_core.package_identification:_identify(src/package1) by extensions ['ignore', 'ignore_ament_install']
[1.201s] Level 1:colcon.colcon_core.package_identification:_identify(src/package1) by extension 'ignore'
[1.201s] Level 1:colcon.colcon_core.package_identification:_identify(src/package1) by extension 'ignore_ament_install'
[1.202s] Level 1:colcon.colcon_core.package_identification:_identify(src/package1) by extensions ['colcon_pkg']
[1.202s] Level 1:colcon.colcon_core.package_identification:_identify(src/package1) by extension 'colcon_pkg'
[1.202s] Level 1:colcon.colcon_core.package_identification:_identify(src/package1) by extensions ['colcon_meta']
[1.202s] Level 1:colcon.colcon_core.package_identification:_identify(src/package1) by extension 'colcon_meta'
[1.202s] Level 1:colcon.colcon_core.package_identification:_identify(src/package1) by extensions ['ros']
[1.202s] Level 1:colcon.colcon_core.package_identification:_identify(src/package1) by extension 'ros'
[1.211s] DEBUG:colcon.colcon_core.package_identification:Package 'src/package1' with type 'ros.ament_cmake' and name 'package1'
[1.211s] Level 1:colcon.colcon_core.package_discovery:discover_packages(recursive) using defaults
[1.212s] Level 1:colcon.colcon_core.package_discovery:discover_packages(ignore) discover
[1.212s] Level 1:colcon.colcon_core.package_discovery:discover_packages(ignore) using defaults
[1.212s] Level 1:colcon.colcon_core.package_discovery:discover_packages(path) discover
[1.212s] Level 1:colcon.colcon_core.package_discovery:discover_packages(path) using defaults
[1.283s] Level 1:colcon.colcon_core.package_discovery:discover_packages(prefix_path) check parameters
[1.283s] Level 1:colcon.colcon_core.package_discovery:discover_packages(prefix_path) discover
[1.294s] DEBUG:colcon.colcon_installed_package_information.package_discovery:Found 2 installed packages in /home/ben/robot_snake/install
[1.296s] DEBUG:colcon.colcon_installed_package_information.package_discovery:Found 39 installed packages in /home/ben/microros_ws/install
[1.298s] DEBUG:colcon.colcon_installed_package_information.package_discovery:Found 14 installed packages in /home/ben/ros2_ws/install
[1.302s] DEBUG:colcon.colcon_installed_package_information.package_discovery:Found 284 installed packages in /opt/ros/humble
[1.306s] Level 1:colcon.colcon_core.package_discovery:discover_packages(prefix_path) using defaults
[1.533s] Level 5:colcon.colcon_core.verb:set package 'package1' build argument 'cmake_args' from command line to 'None'
[1.534s] Level 5:colcon.colcon_core.verb:set package 'package1' build argument 'cmake_target' from command line to 'None'
[1.534s] Level 5:colcon.colcon_core.verb:set package 'package1' build argument 'cmake_target_skip_unavailable' from command line to 'False'
[1.534s] Level 5:colcon.colcon_core.verb:set package 'package1' build argument 'cmake_clean_cache' from command line to 'False'
[1.534s] Level 5:colcon.colcon_core.verb:set package 'package1' build argument 'cmake_clean_first' from command line to 'False'
[1.534s] Level 5:colcon.colcon_core.verb:set package 'package1' build argument 'cmake_force_configure' from command line to 'False'
[1.535s] Level 5:colcon.colcon_core.verb:set package 'package1' build argument 'ament_cmake_args' from command line to 'None'
[1.536s] Level 5:colcon.colcon_core.verb:set package 'package1' build argument 'catkin_cmake_args' from command line to 'None'
[1.536s] Level 5:colcon.colcon_core.verb:set package 'package1' build argument 'catkin_skip_building_tests' from command line to 'False'
[1.536s] DEBUG:colcon.colcon_core.verb:Building package 'package1' with the following arguments: {'ament_cmake_args': None, 'build_base': '/home/ben/robot_snake/build/package1', 'catkin_cmake_args': None, 'catkin_skip_building_tests': False, 'cmake_args': None, 'cmake_clean_cache': False, 'cmake_clean_first': False, 'cmake_force_configure': False, 'cmake_target': None, 'cmake_target_skip_unavailable': False, 'install_base': '/home/ben/robot_snake/install/package1', 'merge_install': False, 'path': '/home/ben/robot_snake/src/package1', 'symlink_install': True, 'test_result_base': None}
[1.541s] INFO:colcon.colcon_core.executor:Executing jobs using 'parallel' executor
[1.566s] DEBUG:colcon.colcon_parallel_executor.executor.parallel:run_until_complete
[1.566s] INFO:colcon.colcon_ros.task.ament_cmake.build:Building ROS package in '/home/ben/robot_snake/src/package1' with build type 'ament_cmake'
[1.567s] INFO:colcon.colcon_cmake.task.cmake.build:Building CMake package in '/home/ben/robot_snake/src/package1'
[1.586s] INFO:colcon.colcon_core.plugin_system:Skipping extension 'colcon_core.shell.bat': Not used on non-Windows systems
[1.587s] INFO:colcon.colcon_core.shell:Skip shell extension 'powershell' for command environment: Not usable outside of PowerShell
[1.587s] DEBUG:colcon.colcon_core.shell:Skip shell extension 'dsv' for command environment
[1.648s] DEBUG:colcon.colcon_core.event_handler.log_command:Invoking command in '/home/ben/robot_snake/build/package1': CMAKE_PREFIX_PATH=${CMAKE_PREFIX_PATH}:/home/ben/ros2_ws/install/rqt_gui_py:/home/ben/ros2_ws/install/rqt_gui:/home/ben/microros_ws/install/sensor_msgs_py:/opt/ros/humble /usr/bin/cmake --build /home/ben/robot_snake/build/package1 -- -j3 -l3
[23.278s] DEBUG:colcon.colcon_core.event_handler.log_command:Invoked command in '/home/ben/robot_snake/build/package1' returned '0': CMAKE_PREFIX_PATH=${CMAKE_PREFIX_PATH}:/home/ben/ros2_ws/install/rqt_gui_py:/home/ben/ros2_ws/install/rqt_gui:/home/ben/microros_ws/install/sensor_msgs_py:/opt/ros/humble /usr/bin/cmake --build /home/ben/robot_snake/build/package1 -- -j3 -l3
[23.442s] DEBUG:colcon.colcon_core.event_handler.log_command:Invoking command in '/home/ben/robot_snake/build/package1': CMAKE_PREFIX_PATH=${CMAKE_PREFIX_PATH}:/home/ben/ros2_ws/install/rqt_gui_py:/home/ben/ros2_ws/install/rqt_gui:/home/ben/microros_ws/install/sensor_msgs_py:/opt/ros/humble /usr/bin/cmake --install /home/ben/robot_snake/build/package1
[23.516s] Level 1:colcon.colcon_core.environment:create_environment_scripts_only(package1)
[23.529s] DEBUG:colcon.colcon_core.event_handler.log_command:Invoked command in '/home/ben/robot_snake/build/package1' returned '0': CMAKE_PREFIX_PATH=${CMAKE_PREFIX_PATH}:/home/ben/ros2_ws/install/rqt_gui_py:/home/ben/ros2_ws/install/rqt_gui:/home/ben/microros_ws/install/sensor_msgs_py:/opt/ros/humble /usr/bin/cmake --install /home/ben/robot_snake/build/package1
[23.572s] Level 1:colcon.colcon_core.environment:checking '/home/ben/robot_snake/install/package1' for CMake module files
[23.576s] Level 1:colcon.colcon_core.environment:checking '/home/ben/robot_snake/install/package1' for CMake config files
[23.582s] Level 1:colcon.colcon_core.shell:create_environment_hook('package1', 'cmake_prefix_path')
[23.584s] INFO:colcon.colcon_core.shell:Creating environment hook '/home/ben/robot_snake/install/package1/share/package1/hook/cmake_prefix_path.ps1'
[23.590s] INFO:colcon.colcon_core.shell:Creating environment descriptor '/home/ben/robot_snake/install/package1/share/package1/hook/cmake_prefix_path.dsv'
[23.592s] INFO:colcon.colcon_core.shell:Creating environment hook '/home/ben/robot_snake/install/package1/share/package1/hook/cmake_prefix_path.sh'
[23.599s] Level 1:colcon.colcon_core.environment:checking '/home/ben/robot_snake/install/package1/lib'
[23.601s] Level 1:colcon.colcon_core.environment:checking '/home/ben/robot_snake/install/package1/bin'
[23.601s] Level 1:colcon.colcon_core.environment:checking '/home/ben/robot_snake/install/package1/lib/pkgconfig/package1.pc'
[23.602s] Level 1:colcon.colcon_core.environment:checking '/home/ben/robot_snake/install/package1/lib/python3.10/site-packages'
[23.602s] Level 1:colcon.colcon_core.environment:checking '/home/ben/robot_snake/install/package1/bin'
[23.604s] INFO:colcon.colcon_core.shell:Creating package script '/home/ben/robot_snake/install/package1/share/package1/package.ps1'
[23.605s] INFO:colcon.colcon_core.shell:Creating package descriptor '/home/ben/robot_snake/install/package1/share/package1/package.dsv'
[23.606s] INFO:colcon.colcon_core.shell:Creating package script '/home/ben/robot_snake/install/package1/share/package1/package.sh'
[23.607s] INFO:colcon.colcon_core.shell:Creating package script '/home/ben/robot_snake/install/package1/share/package1/package.bash'
[23.610s] INFO:colcon.colcon_core.shell:Creating package script '/home/ben/robot_snake/install/package1/share/package1/package.zsh'
[23.616s] Level 1:colcon.colcon_core.environment:create_file_with_runtime_dependencies(/home/ben/robot_snake/install/package1/share/colcon-core/packages/package1)
[23.749s] Level 1:colcon.colcon_core.environment:create_environment_scripts_only(package1)
[23.752s] Level 1:colcon.colcon_core.environment:checking '/home/ben/robot_snake/install/package1' for CMake module files
[23.753s] Level 1:colcon.colcon_core.environment:checking '/home/ben/robot_snake/install/package1' for CMake config files
[23.753s] Level 1:colcon.colcon_core.shell:create_environment_hook('package1', 'cmake_prefix_path')
[23.754s] INFO:colcon.colcon_core.shell:Creating environment hook '/home/ben/robot_snake/install/package1/share/package1/hook/cmake_prefix_path.ps1'
[23.757s] INFO:colcon.colcon_core.shell:Creating environment descriptor '/home/ben/robot_snake/install/package1/share/package1/hook/cmake_prefix_path.dsv'
[23.759s] INFO:colcon.colcon_core.shell:Creating environment hook '/home/ben/robot_snake/install/package1/share/package1/hook/cmake_prefix_path.sh'
[23.764s] Level 1:colcon.colcon_core.environment:checking '/home/ben/robot_snake/install/package1/lib'
[23.764s] Level 1:colcon.colcon_core.environment:checking '/home/ben/robot_snake/install/package1/bin'
[23.765s] Level 1:colcon.colcon_core.environment:checking '/home/ben/robot_snake/install/package1/lib/pkgconfig/package1.pc'
[23.766s] Level 1:colcon.colcon_core.environment:checking '/home/ben/robot_snake/install/package1/lib/python3.10/site-packages'
[23.767s] Level 1:colcon.colcon_core.environment:checking '/home/ben/robot_snake/install/package1/bin'
[23.768s] INFO:colcon.colcon_core.shell:Creating package script '/home/ben/robot_snake/install/package1/share/package1/package.ps1'
[23.771s] INFO:colcon.colcon_core.shell:Creating package descriptor '/home/ben/robot_snake/install/package1/share/package1/package.dsv'
[23.773s] INFO:colcon.colcon_core.shell:Creating package script '/home/ben/robot_snake/install/package1/share/package1/package.sh'
[23.779s] INFO:colcon.colcon_core.shell:Creating package script '/home/ben/robot_snake/install/package1/share/package1/package.bash'
[23.781s] INFO:colcon.colcon_core.shell:Creating package script '/home/ben/robot_snake/install/package1/share/package1/package.zsh'
[23.783s] Level 1:colcon.colcon_core.environment:create_file_with_runtime_dependencies(/home/ben/robot_snake/install/package1/share/colcon-core/packages/package1)
[23.784s] DEBUG:colcon.colcon_parallel_executor.executor.parallel:closing loop
[23.785s] DEBUG:colcon.colcon_parallel_executor.executor.parallel:loop closed
[23.786s] DEBUG:colcon.colcon_parallel_executor.executor.parallel:run_until_complete finished with '0'
[23.787s] DEBUG:colcon.colcon_core.event_reactor:joining thread
[23.814s] INFO:colcon.colcon_core.plugin_system:Skipping extension 'colcon_notification.desktop_notification.terminal_notifier': Not used on non-Darwin systems
[23.814s] INFO:colcon.colcon_core.plugin_system:Skipping extension 'colcon_notification.desktop_notification.win32': Not used on non-Windows systems
[23.814s] INFO:colcon.colcon_notification.desktop_notification:Sending desktop notification using 'notify2'
[23.845s] DEBUG:colcon.colcon_core.event_reactor:joined thread
[23.846s] INFO:colcon.colcon_core.shell:Creating prefix script '/home/ben/robot_snake/install/local_setup.ps1'
[23.848s] INFO:colcon.colcon_core.shell:Creating prefix util module '/home/ben/robot_snake/install/_local_setup_util_ps1.py'
[23.850s] INFO:colcon.colcon_core.shell:Creating prefix chain script '/home/ben/robot_snake/install/setup.ps1'
[23.867s] INFO:colcon.colcon_core.shell:Creating prefix script '/home/ben/robot_snake/install/local_setup.sh'
[23.868s] INFO:colcon.colcon_core.shell:Creating prefix util module '/home/ben/robot_snake/install/_local_setup_util_sh.py'
[23.870s] INFO:colcon.colcon_core.shell:Creating prefix chain script '/home/ben/robot_snake/install/setup.sh'
[23.888s] INFO:colcon.colcon_core.shell:Creating prefix script '/home/ben/robot_snake/install/local_setup.bash'
[23.891s] INFO:colcon.colcon_core.shell:Creating prefix chain script '/home/ben/robot_snake/install/setup.bash'
[23.902s] INFO:colcon.colcon_core.shell:Creating prefix script '/home/ben/robot_snake/install/local_setup.zsh'
[23.904s] INFO:colcon.colcon_core.shell:Creating prefix chain script '/home/ben/robot_snake/install/setup.zsh'
