[0.075s] Invoking command in '/home/ben/robot_snake/build/package1': CMAKE_PREFIX_PATH=${CMAKE_PREFIX_PATH}:/home/ben/ros2_ws/install/rqt_gui_py:/home/ben/ros2_ws/install/rqt_gui:/home/ben/microros_ws/install/sensor_msgs_py:/opt/ros/humble /usr/bin/cmake --build /home/ben/robot_snake/build/package1 -- -j3 -l3
[0.456s] [35m[1mConsolidate compiler generated dependencies of target node1[0m
[0.584s] [ 25%] [32mBuilding CXX object CMakeFiles/node1.dir/src/node1.cpp.o[0m
[12.945s] [ 50%] [32m[1mLinking CXX executable node1[0m
[13.636s] [ 50%] Built target node1
[13.706s] [100%] Built target node2
[13.740s] Invoked command in '/home/ben/robot_snake/build/package1' returned '0': CMAKE_PREFIX_PATH=${CMAKE_PREFIX_PATH}:/home/ben/ros2_ws/install/rqt_gui_py:/home/ben/ros2_ws/install/rqt_gui:/home/ben/microros_ws/install/sensor_msgs_py:/opt/ros/humble /usr/bin/cmake --build /home/ben/robot_snake/build/package1 -- -j3 -l3
[13.939s] Invoking command in '/home/ben/robot_snake/build/package1': CMAKE_PREFIX_PATH=${CMAKE_PREFIX_PATH}:/home/ben/ros2_ws/install/rqt_gui_py:/home/ben/ros2_ws/install/rqt_gui:/home/ben/microros_ws/install/sensor_msgs_py:/opt/ros/humble /usr/bin/cmake --install /home/ben/robot_snake/build/package1
[13.958s] -- Install configuration: ""
[13.959s] -- Execute custom install script
[13.961s] -- Up-to-date symlink: /home/ben/robot_snake/install/package1/lib/package1/node1
[13.961s] -- Up-to-date symlink: /home/ben/robot_snake/install/package1/lib/package1/node2
[13.962s] -- Up-to-date symlink: /home/ben/robot_snake/install/package1/share/package1//launch/launch1.py
[13.962s] -- Up-to-date symlink: /home/ben/robot_snake/install/package1/share/package1//launch/m_r_launch.py
[13.962s] -- Up-to-date symlink: /home/ben/robot_snake/install/package1/share/package1//config/node1_con.yaml
[13.963s] -- Up-to-date symlink: /home/ben/robot_snake/install/package1/share/ament_index/resource_index/package_run_dependencies/package1
[13.963s] -- Up-to-date symlink: /home/ben/robot_snake/install/package1/share/ament_index/resource_index/parent_prefix_path/package1
[13.963s] -- Up-to-date symlink: /home/ben/robot_snake/install/package1/share/package1/environment/ament_prefix_path.sh
[13.963s] -- Up-to-date symlink: /home/ben/robot_snake/install/package1/share/package1/environment/ament_prefix_path.dsv
[13.964s] -- Up-to-date symlink: /home/ben/robot_snake/install/package1/share/package1/environment/path.sh
[13.965s] -- Up-to-date symlink: /home/ben/robot_snake/install/package1/share/package1/environment/path.dsv
[13.965s] -- Up-to-date symlink: /home/ben/robot_snake/install/package1/share/package1/local_setup.bash
[13.966s] -- Up-to-date symlink: /home/ben/robot_snake/install/package1/share/package1/local_setup.sh
[13.967s] -- Up-to-date symlink: /home/ben/robot_snake/install/package1/share/package1/local_setup.zsh
[13.967s] -- Up-to-date symlink: /home/ben/robot_snake/install/package1/share/package1/local_setup.dsv
[13.967s] -- Symlinking: /home/ben/robot_snake/install/package1/share/package1/package.dsv
[14.005s] -- Up-to-date symlink: /home/ben/robot_snake/install/package1/share/ament_index/resource_index/packages/package1
[14.006s] -- Up-to-date symlink: /home/ben/robot_snake/install/package1/share/package1/cmake/package1Config.cmake
[14.007s] -- Up-to-date symlink: /home/ben/robot_snake/install/package1/share/package1/cmake/package1Config-version.cmake
[14.007s] -- Up-to-date symlink: /home/ben/robot_snake/install/package1/share/package1/package.xml
[14.015s] Invoked command in '/home/ben/robot_snake/build/package1' returned '0': CMAKE_PREFIX_PATH=${CMAKE_PREFIX_PATH}:/home/ben/ros2_ws/install/rqt_gui_py:/home/ben/ros2_ws/install/rqt_gui:/home/ben/microros_ws/install/sensor_msgs_py:/opt/ros/humble /usr/bin/cmake --install /home/ben/robot_snake/build/package1
