[0.058s] Invoking command in '/home/ben/robot_snake/build/package1': CMAKE_PREFIX_PATH=${CMAKE_PREFIX_PATH}:/home/ben/microros_ws/install/sensor_msgs_py:/opt/ros/humble /usr/bin/cmake --build /home/ben/robot_snake/build/package1 -- -j3 -l3
[0.300s] [35m[1mConsolidate compiler generated dependencies of target node2[0m
[0.384s] [ 50%] Built target node1
[0.400s] [100%] Built target node2
[0.449s] Invoked command in '/home/ben/robot_snake/build/package1' returned '0': CMAKE_PREFIX_PATH=${CMAKE_PREFIX_PATH}:/home/ben/microros_ws/install/sensor_msgs_py:/opt/ros/humble /usr/bin/cmake --build /home/ben/robot_snake/build/package1 -- -j3 -l3
[0.819s] Invoking command in '/home/ben/robot_snake/build/package1': CMAKE_PREFIX_PATH=${CMAKE_PREFIX_PATH}:/home/ben/microros_ws/install/sensor_msgs_py:/opt/ros/humble /usr/bin/cmake --install /home/ben/robot_snake/build/package1
[0.864s] -- Install configuration: ""
[0.865s] -- Up-to-date: /home/ben/robot_snake/install/package1/lib/package1/node1
[0.868s] -- Up-to-date: /home/ben/robot_snake/install/package1/lib/package1/node2
[0.870s] -- Up-to-date: /home/ben/robot_snake/install/package1/share/package1//launch
[0.871s] -- Up-to-date: /home/ben/robot_snake/install/package1/share/package1//launch/launch1.py
[0.872s] -- Up-to-date: /home/ben/robot_snake/install/package1/share/package1//config
[0.873s] -- Up-to-date: /home/ben/robot_snake/install/package1/share/package1//config/node1_con.yaml
[0.873s] -- Installing: /home/ben/robot_snake/install/package1/share/package1//config/node2_con.yaml
[0.874s] -- Up-to-date: /home/ben/robot_snake/install/package1/share/ament_index/resource_index/package_run_dependencies/package1
[0.874s] -- Up-to-date: /home/ben/robot_snake/install/package1/share/ament_index/resource_index/parent_prefix_path/package1
[0.874s] -- Up-to-date: /home/ben/robot_snake/install/package1/share/package1/environment/ament_prefix_path.sh
[0.874s] -- Up-to-date: /home/ben/robot_snake/install/package1/share/package1/environment/ament_prefix_path.dsv
[0.875s] -- Up-to-date: /home/ben/robot_snake/install/package1/share/package1/environment/path.sh
[0.875s] -- Up-to-date: /home/ben/robot_snake/install/package1/share/package1/environment/path.dsv
[0.875s] -- Up-to-date: /home/ben/robot_snake/install/package1/share/package1/local_setup.bash
[0.876s] -- Up-to-date: /home/ben/robot_snake/install/package1/share/package1/local_setup.sh
[0.877s] -- Up-to-date: /home/ben/robot_snake/install/package1/share/package1/local_setup.zsh
[0.877s] -- Up-to-date: /home/ben/robot_snake/install/package1/share/package1/local_setup.dsv
[0.877s] -- Installing: /home/ben/robot_snake/install/package1/share/package1/package.dsv
[0.878s] -- Up-to-date: /home/ben/robot_snake/install/package1/share/ament_index/resource_index/packages/package1
[0.878s] -- Up-to-date: /home/ben/robot_snake/install/package1/share/package1/cmake/package1Config.cmake
[0.878s] -- Up-to-date: /home/ben/robot_snake/install/package1/share/package1/cmake/package1Config-version.cmake
[0.878s] -- Up-to-date: /home/ben/robot_snake/install/package1/share/package1/package.xml
[0.882s] Invoked command in '/home/ben/robot_snake/build/package1' returned '0': CMAKE_PREFIX_PATH=${CMAKE_PREFIX_PATH}:/home/ben/microros_ws/install/sensor_msgs_py:/opt/ros/humble /usr/bin/cmake --install /home/ben/robot_snake/build/package1
