[0.685s] DEBUG:colcon:Command line arguments: ['/usr/bin/colcon', 'build', '--symlink-install']
[0.685s] DEBUG:colcon:Parsed command line arguments: Namespace(log_base=None, log_level=None, verb_name='build', build_base='build', install_base='install', merge_install=False, symlink_install=True, test_result_base=None, continue_on_error=False, executor='parallel', parallel_workers=3, event_handlers=None, ignore_user_meta=False, metas=['./colcon.meta'], base_paths=['.'], packages_ignore=None, packages_ignore_regex=None, paths=None, packages_up_to=None, packages_up_to_regex=None, packages_above=None, packages_above_and_dependencies=None, packages_above_depth=None, packages_select_by_dep=None, packages_skip_by_dep=None, packages_skip_up_to=None, packages_select_build_failed=False, packages_skip_build_finished=False, packages_select_test_failures=False, packages_skip_test_passed=False, packages_select=None, packages_skip=None, packages_select_regex=None, packages_skip_regex=None, packages_start=None, packages_end=None, allow_overriding=[], cmake_args=None, cmake_target=None, cmake_target_skip_unavailable=False, cmake_clean_cache=False, cmake_clean_first=False, cmake_force_configure=False, ament_cmake_args=None, catkin_cmake_args=None, catkin_skip_building_tests=False, verb_parser=<colcon_defaults.argument_parser.defaults.DefaultArgumentsDecorator object at 0x7f7e18a52830>, verb_extension=<colcon_core.verb.build.BuildVerb object at 0x7f7e193df310>, main=<bound method BuildVerb.main of <colcon_core.verb.build.BuildVerb object at 0x7f7e193df310>>)
[0.758s] Level 1:colcon.colcon_core.package_discovery:discover_packages(colcon_meta) check parameters
[0.758s] Level 1:colcon.colcon_core.package_discovery:discover_packages(recursive) check parameters
[0.758s] Level 1:colcon.colcon_core.package_discovery:discover_packages(ignore) check parameters
[0.758s] Level 1:colcon.colcon_core.package_discovery:discover_packages(path) check parameters
[0.758s] Level 1:colcon.colcon_core.package_discovery:discover_packages(colcon_meta) discover
[0.759s] Level 1:colcon.colcon_core.package_discovery:discover_packages(recursive) discover
[0.759s] INFO:colcon.colcon_core.package_discovery:Crawling recursively for packages in '/home/ben/robot_snake'
[0.759s] Level 1:colcon.colcon_core.package_identification:_identify(.) by extensions ['ignore', 'ignore_ament_install']
[0.759s] Level 1:colcon.colcon_core.package_identification:_identify(.) by extension 'ignore'
[0.759s] Level 1:colcon.colcon_core.package_identification:_identify(.) by extension 'ignore_ament_install'
[0.759s] Level 1:colcon.colcon_core.package_identification:_identify(.) by extensions ['colcon_pkg']
[0.759s] Level 1:colcon.colcon_core.package_identification:_identify(.) by extension 'colcon_pkg'
[0.759s] Level 1:colcon.colcon_core.package_identification:_identify(.) by extensions ['colcon_meta']
[0.760s] Level 1:colcon.colcon_core.package_identification:_identify(.) by extension 'colcon_meta'
[0.760s] Level 1:colcon.colcon_core.package_identification:_identify(.) by extensions ['ros']
[0.760s] Level 1:colcon.colcon_core.package_identification:_identify(.) by extension 'ros'
[0.823s] Level 1:colcon.colcon_core.package_identification:_identify(.) by extensions ['cmake', 'python']
[0.823s] Level 1:colcon.colcon_core.package_identification:_identify(.) by extension 'cmake'
[0.823s] Level 1:colcon.colcon_core.package_identification:_identify(.) by extension 'python'
[0.823s] Level 1:colcon.colcon_core.package_identification:_identify(.) by extensions ['python_setup_py']
[0.823s] Level 1:colcon.colcon_core.package_identification:_identify(.) by extension 'python_setup_py'
[0.824s] Level 1:colcon.colcon_core.package_identification:_identify(bag_files) by extensions ['ignore', 'ignore_ament_install']
[0.824s] Level 1:colcon.colcon_core.package_identification:_identify(bag_files) by extension 'ignore'
[0.824s] Level 1:colcon.colcon_core.package_identification:_identify(bag_files) by extension 'ignore_ament_install'
[0.824s] Level 1:colcon.colcon_core.package_identification:_identify(bag_files) by extensions ['colcon_pkg']
[0.827s] Level 1:colcon.colcon_core.package_identification:_identify(bag_files) by extension 'colcon_pkg'
[0.827s] Level 1:colcon.colcon_core.package_identification:_identify(bag_files) by extensions ['colcon_meta']
[0.828s] Level 1:colcon.colcon_core.package_identification:_identify(bag_files) by extension 'colcon_meta'
[0.828s] Level 1:colcon.colcon_core.package_identification:_identify(bag_files) by extensions ['ros']
[0.828s] Level 1:colcon.colcon_core.package_identification:_identify(bag_files) by extension 'ros'
[0.828s] Level 1:colcon.colcon_core.package_identification:_identify(bag_files) by extensions ['cmake', 'python']
[0.828s] Level 1:colcon.colcon_core.package_identification:_identify(bag_files) by extension 'cmake'
[0.829s] Level 1:colcon.colcon_core.package_identification:_identify(bag_files) by extension 'python'
[0.829s] Level 1:colcon.colcon_core.package_identification:_identify(bag_files) by extensions ['python_setup_py']
[0.829s] Level 1:colcon.colcon_core.package_identification:_identify(bag_files) by extension 'python_setup_py'
[0.829s] Level 1:colcon.colcon_core.package_identification:_identify(bag_files/15_12_2022 11:36:15) by extensions ['ignore', 'ignore_ament_install']
[0.830s] Level 1:colcon.colcon_core.package_identification:_identify(bag_files/15_12_2022 11:36:15) by extension 'ignore'
[0.831s] Level 1:colcon.colcon_core.package_identification:_identify(bag_files/15_12_2022 11:36:15) by extension 'ignore_ament_install'
[0.831s] Level 1:colcon.colcon_core.package_identification:_identify(bag_files/15_12_2022 11:36:15) by extensions ['colcon_pkg']
[0.831s] Level 1:colcon.colcon_core.package_identification:_identify(bag_files/15_12_2022 11:36:15) by extension 'colcon_pkg'
[0.831s] Level 1:colcon.colcon_core.package_identification:_identify(bag_files/15_12_2022 11:36:15) by extensions ['colcon_meta']
[0.831s] Level 1:colcon.colcon_core.package_identification:_identify(bag_files/15_12_2022 11:36:15) by extension 'colcon_meta'
[0.831s] Level 1:colcon.colcon_core.package_identification:_identify(bag_files/15_12_2022 11:36:15) by extensions ['ros']
[0.831s] Level 1:colcon.colcon_core.package_identification:_identify(bag_files/15_12_2022 11:36:15) by extension 'ros'
[0.831s] Level 1:colcon.colcon_core.package_identification:_identify(bag_files/15_12_2022 11:36:15) by extensions ['cmake', 'python']
[0.831s] Level 1:colcon.colcon_core.package_identification:_identify(bag_files/15_12_2022 11:36:15) by extension 'cmake'
[0.831s] Level 1:colcon.colcon_core.package_identification:_identify(bag_files/15_12_2022 11:36:15) by extension 'python'
[0.831s] Level 1:colcon.colcon_core.package_identification:_identify(bag_files/15_12_2022 11:36:15) by extensions ['python_setup_py']
[0.831s] Level 1:colcon.colcon_core.package_identification:_identify(bag_files/15_12_2022 11:36:15) by extension 'python_setup_py'
[0.832s] Level 1:colcon.colcon_core.package_identification:_identify(bag_files/15_12_2022 14:04:54) by extensions ['ignore', 'ignore_ament_install']
[0.832s] Level 1:colcon.colcon_core.package_identification:_identify(bag_files/15_12_2022 14:04:54) by extension 'ignore'
[0.832s] Level 1:colcon.colcon_core.package_identification:_identify(bag_files/15_12_2022 14:04:54) by extension 'ignore_ament_install'
[0.832s] Level 1:colcon.colcon_core.package_identification:_identify(bag_files/15_12_2022 14:04:54) by extensions ['colcon_pkg']
[0.833s] Level 1:colcon.colcon_core.package_identification:_identify(bag_files/15_12_2022 14:04:54) by extension 'colcon_pkg'
[0.833s] Level 1:colcon.colcon_core.package_identification:_identify(bag_files/15_12_2022 14:04:54) by extensions ['colcon_meta']
[0.833s] Level 1:colcon.colcon_core.package_identification:_identify(bag_files/15_12_2022 14:04:54) by extension 'colcon_meta'
[0.833s] Level 1:colcon.colcon_core.package_identification:_identify(bag_files/15_12_2022 14:04:54) by extensions ['ros']
[0.833s] Level 1:colcon.colcon_core.package_identification:_identify(bag_files/15_12_2022 14:04:54) by extension 'ros'
[0.833s] Level 1:colcon.colcon_core.package_identification:_identify(bag_files/15_12_2022 14:04:54) by extensions ['cmake', 'python']
[0.834s] Level 1:colcon.colcon_core.package_identification:_identify(bag_files/15_12_2022 14:04:54) by extension 'cmake'
[0.835s] Level 1:colcon.colcon_core.package_identification:_identify(bag_files/15_12_2022 14:04:54) by extension 'python'
[0.835s] Level 1:colcon.colcon_core.package_identification:_identify(bag_files/15_12_2022 14:04:54) by extensions ['python_setup_py']
[0.835s] Level 1:colcon.colcon_core.package_identification:_identify(bag_files/15_12_2022 14:04:54) by extension 'python_setup_py'
[0.835s] Level 1:colcon.colcon_core.package_identification:_identify(bag_files/15_12_2022 14:06:45) by extensions ['ignore', 'ignore_ament_install']
[0.835s] Level 1:colcon.colcon_core.package_identification:_identify(bag_files/15_12_2022 14:06:45) by extension 'ignore'
[0.835s] Level 1:colcon.colcon_core.package_identification:_identify(bag_files/15_12_2022 14:06:45) by extension 'ignore_ament_install'
[0.835s] Level 1:colcon.colcon_core.package_identification:_identify(bag_files/15_12_2022 14:06:45) by extensions ['colcon_pkg']
[0.835s] Level 1:colcon.colcon_core.package_identification:_identify(bag_files/15_12_2022 14:06:45) by extension 'colcon_pkg'
[0.835s] Level 1:colcon.colcon_core.package_identification:_identify(bag_files/15_12_2022 14:06:45) by extensions ['colcon_meta']
[0.835s] Level 1:colcon.colcon_core.package_identification:_identify(bag_files/15_12_2022 14:06:45) by extension 'colcon_meta'
[0.837s] Level 1:colcon.colcon_core.package_identification:_identify(bag_files/15_12_2022 14:06:45) by extensions ['ros']
[0.837s] Level 1:colcon.colcon_core.package_identification:_identify(bag_files/15_12_2022 14:06:45) by extension 'ros'
[0.837s] Level 1:colcon.colcon_core.package_identification:_identify(bag_files/15_12_2022 14:06:45) by extensions ['cmake', 'python']
[0.837s] Level 1:colcon.colcon_core.package_identification:_identify(bag_files/15_12_2022 14:06:45) by extension 'cmake'
[0.837s] Level 1:colcon.colcon_core.package_identification:_identify(bag_files/15_12_2022 14:06:45) by extension 'python'
[0.837s] Level 1:colcon.colcon_core.package_identification:_identify(bag_files/15_12_2022 14:06:45) by extensions ['python_setup_py']
[0.837s] Level 1:colcon.colcon_core.package_identification:_identify(bag_files/15_12_2022 14:06:45) by extension 'python_setup_py'
[0.837s] Level 1:colcon.colcon_core.package_identification:_identify(bag_files/15_12_2022 14:07:45) by extensions ['ignore', 'ignore_ament_install']
[0.838s] Level 1:colcon.colcon_core.package_identification:_identify(bag_files/15_12_2022 14:07:45) by extension 'ignore'
[0.838s] Level 1:colcon.colcon_core.package_identification:_identify(bag_files/15_12_2022 14:07:45) by extension 'ignore_ament_install'
[0.838s] Level 1:colcon.colcon_core.package_identification:_identify(bag_files/15_12_2022 14:07:45) by extensions ['colcon_pkg']
[0.838s] Level 1:colcon.colcon_core.package_identification:_identify(bag_files/15_12_2022 14:07:45) by extension 'colcon_pkg'
[0.838s] Level 1:colcon.colcon_core.package_identification:_identify(bag_files/15_12_2022 14:07:45) by extensions ['colcon_meta']
[0.838s] Level 1:colcon.colcon_core.package_identification:_identify(bag_files/15_12_2022 14:07:45) by extension 'colcon_meta'
[0.838s] Level 1:colcon.colcon_core.package_identification:_identify(bag_files/15_12_2022 14:07:45) by extensions ['ros']
[0.842s] Level 1:colcon.colcon_core.package_identification:_identify(bag_files/15_12_2022 14:07:45) by extension 'ros'
[0.842s] Level 1:colcon.colcon_core.package_identification:_identify(bag_files/15_12_2022 14:07:45) by extensions ['cmake', 'python']
[0.842s] Level 1:colcon.colcon_core.package_identification:_identify(bag_files/15_12_2022 14:07:45) by extension 'cmake'
[0.842s] Level 1:colcon.colcon_core.package_identification:_identify(bag_files/15_12_2022 14:07:45) by extension 'python'
[0.842s] Level 1:colcon.colcon_core.package_identification:_identify(bag_files/15_12_2022 14:07:45) by extensions ['python_setup_py']
[0.843s] Level 1:colcon.colcon_core.package_identification:_identify(bag_files/15_12_2022 14:07:45) by extension 'python_setup_py'
[0.843s] Level 1:colcon.colcon_core.package_identification:_identify(bag_files/15_12_2022 14:12:24) by extensions ['ignore', 'ignore_ament_install']
[0.843s] Level 1:colcon.colcon_core.package_identification:_identify(bag_files/15_12_2022 14:12:24) by extension 'ignore'
[0.843s] Level 1:colcon.colcon_core.package_identification:_identify(bag_files/15_12_2022 14:12:24) by extension 'ignore_ament_install'
[0.844s] Level 1:colcon.colcon_core.package_identification:_identify(bag_files/15_12_2022 14:12:24) by extensions ['colcon_pkg']
[0.846s] Level 1:colcon.colcon_core.package_identification:_identify(bag_files/15_12_2022 14:12:24) by extension 'colcon_pkg'
[0.847s] Level 1:colcon.colcon_core.package_identification:_identify(bag_files/15_12_2022 14:12:24) by extensions ['colcon_meta']
[0.849s] Level 1:colcon.colcon_core.package_identification:_identify(bag_files/15_12_2022 14:12:24) by extension 'colcon_meta'
[0.850s] Level 1:colcon.colcon_core.package_identification:_identify(bag_files/15_12_2022 14:12:24) by extensions ['ros']
[0.850s] Level 1:colcon.colcon_core.package_identification:_identify(bag_files/15_12_2022 14:12:24) by extension 'ros'
[0.850s] Level 1:colcon.colcon_core.package_identification:_identify(bag_files/15_12_2022 14:12:24) by extensions ['cmake', 'python']
[0.850s] Level 1:colcon.colcon_core.package_identification:_identify(bag_files/15_12_2022 14:12:24) by extension 'cmake'
[0.850s] Level 1:colcon.colcon_core.package_identification:_identify(bag_files/15_12_2022 14:12:24) by extension 'python'
[0.850s] Level 1:colcon.colcon_core.package_identification:_identify(bag_files/15_12_2022 14:12:24) by extensions ['python_setup_py']
[0.850s] Level 1:colcon.colcon_core.package_identification:_identify(bag_files/15_12_2022 14:12:24) by extension 'python_setup_py'
[0.851s] Level 1:colcon.colcon_core.package_identification:_identify(bag_files/15_12_2022 14:13:14) by extensions ['ignore', 'ignore_ament_install']
[0.851s] Level 1:colcon.colcon_core.package_identification:_identify(bag_files/15_12_2022 14:13:14) by extension 'ignore'
[0.851s] Level 1:colcon.colcon_core.package_identification:_identify(bag_files/15_12_2022 14:13:14) by extension 'ignore_ament_install'
[0.851s] Level 1:colcon.colcon_core.package_identification:_identify(bag_files/15_12_2022 14:13:14) by extensions ['colcon_pkg']
[0.852s] Level 1:colcon.colcon_core.package_identification:_identify(bag_files/15_12_2022 14:13:14) by extension 'colcon_pkg'
[0.852s] Level 1:colcon.colcon_core.package_identification:_identify(bag_files/15_12_2022 14:13:14) by extensions ['colcon_meta']
[0.852s] Level 1:colcon.colcon_core.package_identification:_identify(bag_files/15_12_2022 14:13:14) by extension 'colcon_meta'
[0.852s] Level 1:colcon.colcon_core.package_identification:_identify(bag_files/15_12_2022 14:13:14) by extensions ['ros']
[0.852s] Level 1:colcon.colcon_core.package_identification:_identify(bag_files/15_12_2022 14:13:14) by extension 'ros'
[0.852s] Level 1:colcon.colcon_core.package_identification:_identify(bag_files/15_12_2022 14:13:14) by extensions ['cmake', 'python']
[0.852s] Level 1:colcon.colcon_core.package_identification:_identify(bag_files/15_12_2022 14:13:14) by extension 'cmake'
[0.852s] Level 1:colcon.colcon_core.package_identification:_identify(bag_files/15_12_2022 14:13:14) by extension 'python'
[0.852s] Level 1:colcon.colcon_core.package_identification:_identify(bag_files/15_12_2022 14:13:14) by extensions ['python_setup_py']
[0.853s] Level 1:colcon.colcon_core.package_identification:_identify(bag_files/15_12_2022 14:13:14) by extension 'python_setup_py'
[0.853s] Level 1:colcon.colcon_core.package_identification:_identify(bag_files/15_12_2022 14:14:03) by extensions ['ignore', 'ignore_ament_install']
[0.855s] Level 1:colcon.colcon_core.package_identification:_identify(bag_files/15_12_2022 14:14:03) by extension 'ignore'
[0.856s] Level 1:colcon.colcon_core.package_identification:_identify(bag_files/15_12_2022 14:14:03) by extension 'ignore_ament_install'
[0.856s] Level 1:colcon.colcon_core.package_identification:_identify(bag_files/15_12_2022 14:14:03) by extensions ['colcon_pkg']
[0.856s] Level 1:colcon.colcon_core.package_identification:_identify(bag_files/15_12_2022 14:14:03) by extension 'colcon_pkg'
[0.856s] Level 1:colcon.colcon_core.package_identification:_identify(bag_files/15_12_2022 14:14:03) by extensions ['colcon_meta']
[0.856s] Level 1:colcon.colcon_core.package_identification:_identify(bag_files/15_12_2022 14:14:03) by extension 'colcon_meta'
[0.857s] Level 1:colcon.colcon_core.package_identification:_identify(bag_files/15_12_2022 14:14:03) by extensions ['ros']
[0.857s] Level 1:colcon.colcon_core.package_identification:_identify(bag_files/15_12_2022 14:14:03) by extension 'ros'
[0.857s] Level 1:colcon.colcon_core.package_identification:_identify(bag_files/15_12_2022 14:14:03) by extensions ['cmake', 'python']
[0.857s] Level 1:colcon.colcon_core.package_identification:_identify(bag_files/15_12_2022 14:14:03) by extension 'cmake'
[0.857s] Level 1:colcon.colcon_core.package_identification:_identify(bag_files/15_12_2022 14:14:03) by extension 'python'
[0.857s] Level 1:colcon.colcon_core.package_identification:_identify(bag_files/15_12_2022 14:14:03) by extensions ['python_setup_py']
[0.857s] Level 1:colcon.colcon_core.package_identification:_identify(bag_files/15_12_2022 14:14:03) by extension 'python_setup_py'
[0.857s] Level 1:colcon.colcon_core.package_identification:_identify(bag_files/15_12_2022 14:18:20) by extensions ['ignore', 'ignore_ament_install']
[0.858s] Level 1:colcon.colcon_core.package_identification:_identify(bag_files/15_12_2022 14:18:20) by extension 'ignore'
[0.858s] Level 1:colcon.colcon_core.package_identification:_identify(bag_files/15_12_2022 14:18:20) by extension 'ignore_ament_install'
[0.858s] Level 1:colcon.colcon_core.package_identification:_identify(bag_files/15_12_2022 14:18:20) by extensions ['colcon_pkg']
[0.858s] Level 1:colcon.colcon_core.package_identification:_identify(bag_files/15_12_2022 14:18:20) by extension 'colcon_pkg'
[0.858s] Level 1:colcon.colcon_core.package_identification:_identify(bag_files/15_12_2022 14:18:20) by extensions ['colcon_meta']
[0.858s] Level 1:colcon.colcon_core.package_identification:_identify(bag_files/15_12_2022 14:18:20) by extension 'colcon_meta'
[0.858s] Level 1:colcon.colcon_core.package_identification:_identify(bag_files/15_12_2022 14:18:20) by extensions ['ros']
[0.858s] Level 1:colcon.colcon_core.package_identification:_identify(bag_files/15_12_2022 14:18:20) by extension 'ros'
[0.858s] Level 1:colcon.colcon_core.package_identification:_identify(bag_files/15_12_2022 14:18:20) by extensions ['cmake', 'python']
[0.858s] Level 1:colcon.colcon_core.package_identification:_identify(bag_files/15_12_2022 14:18:20) by extension 'cmake'
[0.858s] Level 1:colcon.colcon_core.package_identification:_identify(bag_files/15_12_2022 14:18:20) by extension 'python'
[0.858s] Level 1:colcon.colcon_core.package_identification:_identify(bag_files/15_12_2022 14:18:20) by extensions ['python_setup_py']
[0.858s] Level 1:colcon.colcon_core.package_identification:_identify(bag_files/15_12_2022 14:18:20) by extension 'python_setup_py'
[0.858s] Level 1:colcon.colcon_core.package_identification:_identify(build) by extensions ['ignore', 'ignore_ament_install']
[0.861s] Level 1:colcon.colcon_core.package_identification:_identify(build) by extension 'ignore'
[0.861s] Level 1:colcon.colcon_core.package_identification:_identify(build) ignored
[0.862s] Level 1:colcon.colcon_core.package_identification:_identify(install) by extensions ['ignore', 'ignore_ament_install']
[0.862s] Level 1:colcon.colcon_core.package_identification:_identify(install) by extension 'ignore'
[0.862s] Level 1:colcon.colcon_core.package_identification:_identify(install) ignored
[0.862s] Level 1:colcon.colcon_core.package_identification:_identify(log) by extensions ['ignore', 'ignore_ament_install']
[0.862s] Level 1:colcon.colcon_core.package_identification:_identify(log) by extension 'ignore'
[0.863s] Level 1:colcon.colcon_core.package_identification:_identify(log) ignored
[0.863s] Level 1:colcon.colcon_core.package_identification:_identify(src) by extensions ['ignore', 'ignore_ament_install']
[0.863s] Level 1:colcon.colcon_core.package_identification:_identify(src) by extension 'ignore'
[0.863s] Level 1:colcon.colcon_core.package_identification:_identify(src) by extension 'ignore_ament_install'
[0.863s] Level 1:colcon.colcon_core.package_identification:_identify(src) by extensions ['colcon_pkg']
[0.863s] Level 1:colcon.colcon_core.package_identification:_identify(src) by extension 'colcon_pkg'
[0.863s] Level 1:colcon.colcon_core.package_identification:_identify(src) by extensions ['colcon_meta']
[0.863s] Level 1:colcon.colcon_core.package_identification:_identify(src) by extension 'colcon_meta'
[0.863s] Level 1:colcon.colcon_core.package_identification:_identify(src) by extensions ['ros']
[0.863s] Level 1:colcon.colcon_core.package_identification:_identify(src) by extension 'ros'
[0.863s] Level 1:colcon.colcon_core.package_identification:_identify(src) by extensions ['cmake', 'python']
[0.863s] Level 1:colcon.colcon_core.package_identification:_identify(src) by extension 'cmake'
[0.863s] Level 1:colcon.colcon_core.package_identification:_identify(src) by extension 'python'
[0.863s] Level 1:colcon.colcon_core.package_identification:_identify(src) by extensions ['python_setup_py']
[0.863s] Level 1:colcon.colcon_core.package_identification:_identify(src) by extension 'python_setup_py'
[0.864s] Level 1:colcon.colcon_core.package_identification:_identify(src/build) by extensions ['ignore', 'ignore_ament_install']
[0.864s] Level 1:colcon.colcon_core.package_identification:_identify(src/build) by extension 'ignore'
[0.864s] Level 1:colcon.colcon_core.package_identification:_identify(src/build) ignored
[0.864s] Level 1:colcon.colcon_core.package_identification:_identify(src/install) by extensions ['ignore', 'ignore_ament_install']
[0.864s] Level 1:colcon.colcon_core.package_identification:_identify(src/install) by extension 'ignore'
[0.864s] Level 1:colcon.colcon_core.package_identification:_identify(src/install) ignored
[0.864s] Level 1:colcon.colcon_core.package_identification:_identify(src/log) by extensions ['ignore', 'ignore_ament_install']
[0.864s] Level 1:colcon.colcon_core.package_identification:_identify(src/log) by extension 'ignore'
[0.864s] Level 1:colcon.colcon_core.package_identification:_identify(src/log) ignored
[0.864s] Level 1:colcon.colcon_core.package_identification:_identify(src/package1) by extensions ['ignore', 'ignore_ament_install']
[0.864s] Level 1:colcon.colcon_core.package_identification:_identify(src/package1) by extension 'ignore'
[0.864s] Level 1:colcon.colcon_core.package_identification:_identify(src/package1) by extension 'ignore_ament_install'
[0.864s] Level 1:colcon.colcon_core.package_identification:_identify(src/package1) by extensions ['colcon_pkg']
[0.864s] Level 1:colcon.colcon_core.package_identification:_identify(src/package1) by extension 'colcon_pkg'
[0.865s] Level 1:colcon.colcon_core.package_identification:_identify(src/package1) by extensions ['colcon_meta']
[0.865s] Level 1:colcon.colcon_core.package_identification:_identify(src/package1) by extension 'colcon_meta'
[0.865s] Level 1:colcon.colcon_core.package_identification:_identify(src/package1) by extensions ['ros']
[0.865s] Level 1:colcon.colcon_core.package_identification:_identify(src/package1) by extension 'ros'
[0.879s] DEBUG:colcon.colcon_core.package_identification:Package 'src/package1' with type 'ros.ament_cmake' and name 'package1'
[0.882s] Level 1:colcon.colcon_core.package_discovery:discover_packages(recursive) using defaults
[0.882s] Level 1:colcon.colcon_core.package_discovery:discover_packages(ignore) discover
[0.882s] Level 1:colcon.colcon_core.package_discovery:discover_packages(ignore) using defaults
[0.882s] Level 1:colcon.colcon_core.package_discovery:discover_packages(path) discover
[0.882s] Level 1:colcon.colcon_core.package_discovery:discover_packages(path) using defaults
[1.000s] Level 1:colcon.colcon_core.package_discovery:discover_packages(prefix_path) check parameters
[1.001s] Level 1:colcon.colcon_core.package_discovery:discover_packages(prefix_path) discover
[1.022s] DEBUG:colcon.colcon_installed_package_information.package_discovery:Found 2 installed packages in /home/ben/robot_snake/install
[1.025s] DEBUG:colcon.colcon_installed_package_information.package_discovery:Found 39 installed packages in /home/ben/microros_ws/install
[1.032s] DEBUG:colcon.colcon_installed_package_information.package_discovery:Found 14 installed packages in /home/ben/ros2_ws/install
[1.045s] DEBUG:colcon.colcon_installed_package_information.package_discovery:Found 284 installed packages in /opt/ros/humble
[1.048s] Level 1:colcon.colcon_core.package_discovery:discover_packages(prefix_path) using defaults
[1.302s] Level 5:colcon.colcon_core.verb:set package 'package1' build argument 'cmake_args' from command line to 'None'
[1.306s] Level 5:colcon.colcon_core.verb:set package 'package1' build argument 'cmake_target' from command line to 'None'
[1.308s] Level 5:colcon.colcon_core.verb:set package 'package1' build argument 'cmake_target_skip_unavailable' from command line to 'False'
[1.308s] Level 5:colcon.colcon_core.verb:set package 'package1' build argument 'cmake_clean_cache' from command line to 'False'
[1.308s] Level 5:colcon.colcon_core.verb:set package 'package1' build argument 'cmake_clean_first' from command line to 'False'
[1.308s] Level 5:colcon.colcon_core.verb:set package 'package1' build argument 'cmake_force_configure' from command line to 'False'
[1.308s] Level 5:colcon.colcon_core.verb:set package 'package1' build argument 'ament_cmake_args' from command line to 'None'
[1.309s] Level 5:colcon.colcon_core.verb:set package 'package1' build argument 'catkin_cmake_args' from command line to 'None'
[1.309s] Level 5:colcon.colcon_core.verb:set package 'package1' build argument 'catkin_skip_building_tests' from command line to 'False'
[1.309s] DEBUG:colcon.colcon_core.verb:Building package 'package1' with the following arguments: {'ament_cmake_args': None, 'build_base': '/home/ben/robot_snake/build/package1', 'catkin_cmake_args': None, 'catkin_skip_building_tests': False, 'cmake_args': None, 'cmake_clean_cache': False, 'cmake_clean_first': False, 'cmake_force_configure': False, 'cmake_target': None, 'cmake_target_skip_unavailable': False, 'install_base': '/home/ben/robot_snake/install/package1', 'merge_install': False, 'path': '/home/ben/robot_snake/src/package1', 'symlink_install': True, 'test_result_base': None}
[1.310s] INFO:colcon.colcon_core.executor:Executing jobs using 'parallel' executor
[1.331s] DEBUG:colcon.colcon_parallel_executor.executor.parallel:run_until_complete
[1.331s] INFO:colcon.colcon_ros.task.ament_cmake.build:Building ROS package in '/home/ben/robot_snake/src/package1' with build type 'ament_cmake'
[1.331s] INFO:colcon.colcon_cmake.task.cmake.build:Building CMake package in '/home/ben/robot_snake/src/package1'
[1.368s] INFO:colcon.colcon_core.plugin_system:Skipping extension 'colcon_core.shell.bat': Not used on non-Windows systems
[1.369s] INFO:colcon.colcon_core.shell:Skip shell extension 'powershell' for command environment: Not usable outside of PowerShell
[1.370s] DEBUG:colcon.colcon_core.shell:Skip shell extension 'dsv' for command environment
[1.466s] DEBUG:colcon.colcon_core.event_handler.log_command:Invoking command in '/home/ben/robot_snake/build/package1': CMAKE_PREFIX_PATH=${CMAKE_PREFIX_PATH}:/home/ben/ros2_ws/install/rqt_gui_py:/home/ben/ros2_ws/install/rqt_gui:/home/ben/microros_ws/install/sensor_msgs_py:/opt/ros/humble /usr/bin/cmake --build /home/ben/robot_snake/build/package1 -- -j3 -l3
[26.706s] DEBUG:colcon.colcon_core.event_handler.log_command:Invoked command in '/home/ben/robot_snake/build/package1' returned '0': CMAKE_PREFIX_PATH=${CMAKE_PREFIX_PATH}:/home/ben/ros2_ws/install/rqt_gui_py:/home/ben/ros2_ws/install/rqt_gui:/home/ben/microros_ws/install/sensor_msgs_py:/opt/ros/humble /usr/bin/cmake --build /home/ben/robot_snake/build/package1 -- -j3 -l3
[27.144s] DEBUG:colcon.colcon_core.event_handler.log_command:Invoking command in '/home/ben/robot_snake/build/package1': CMAKE_PREFIX_PATH=${CMAKE_PREFIX_PATH}:/home/ben/ros2_ws/install/rqt_gui_py:/home/ben/ros2_ws/install/rqt_gui:/home/ben/microros_ws/install/sensor_msgs_py:/opt/ros/humble /usr/bin/cmake --install /home/ben/robot_snake/build/package1
[27.277s] Level 1:colcon.colcon_core.environment:create_environment_scripts_only(package1)
[27.278s] DEBUG:colcon.colcon_core.event_handler.log_command:Invoked command in '/home/ben/robot_snake/build/package1' returned '0': CMAKE_PREFIX_PATH=${CMAKE_PREFIX_PATH}:/home/ben/ros2_ws/install/rqt_gui_py:/home/ben/ros2_ws/install/rqt_gui:/home/ben/microros_ws/install/sensor_msgs_py:/opt/ros/humble /usr/bin/cmake --install /home/ben/robot_snake/build/package1
[27.301s] Level 1:colcon.colcon_core.environment:checking '/home/ben/robot_snake/install/package1' for CMake module files
[27.301s] Level 1:colcon.colcon_core.environment:checking '/home/ben/robot_snake/install/package1' for CMake config files
[27.302s] Level 1:colcon.colcon_core.shell:create_environment_hook('package1', 'cmake_prefix_path')
[27.304s] INFO:colcon.colcon_core.shell:Creating environment hook '/home/ben/robot_snake/install/package1/share/package1/hook/cmake_prefix_path.ps1'
[27.308s] INFO:colcon.colcon_core.shell:Creating environment descriptor '/home/ben/robot_snake/install/package1/share/package1/hook/cmake_prefix_path.dsv'
[27.310s] INFO:colcon.colcon_core.shell:Creating environment hook '/home/ben/robot_snake/install/package1/share/package1/hook/cmake_prefix_path.sh'
[27.319s] Level 1:colcon.colcon_core.environment:checking '/home/ben/robot_snake/install/package1/lib'
[27.322s] Level 1:colcon.colcon_core.environment:checking '/home/ben/robot_snake/install/package1/bin'
[27.323s] Level 1:colcon.colcon_core.environment:checking '/home/ben/robot_snake/install/package1/lib/pkgconfig/package1.pc'
[27.323s] Level 1:colcon.colcon_core.environment:checking '/home/ben/robot_snake/install/package1/lib/python3.10/site-packages'
[27.323s] Level 1:colcon.colcon_core.environment:checking '/home/ben/robot_snake/install/package1/bin'
[27.335s] INFO:colcon.colcon_core.shell:Creating package script '/home/ben/robot_snake/install/package1/share/package1/package.ps1'
[27.336s] INFO:colcon.colcon_core.shell:Creating package descriptor '/home/ben/robot_snake/install/package1/share/package1/package.dsv'
[27.337s] INFO:colcon.colcon_core.shell:Creating package script '/home/ben/robot_snake/install/package1/share/package1/package.sh'
[27.338s] INFO:colcon.colcon_core.shell:Creating package script '/home/ben/robot_snake/install/package1/share/package1/package.bash'
[27.343s] INFO:colcon.colcon_core.shell:Creating package script '/home/ben/robot_snake/install/package1/share/package1/package.zsh'
[27.350s] Level 1:colcon.colcon_core.environment:create_file_with_runtime_dependencies(/home/ben/robot_snake/install/package1/share/colcon-core/packages/package1)
[27.757s] Level 1:colcon.colcon_core.environment:create_environment_scripts_only(package1)
[27.759s] Level 1:colcon.colcon_core.environment:checking '/home/ben/robot_snake/install/package1' for CMake module files
[27.759s] Level 1:colcon.colcon_core.environment:checking '/home/ben/robot_snake/install/package1' for CMake config files
[27.760s] Level 1:colcon.colcon_core.shell:create_environment_hook('package1', 'cmake_prefix_path')
[27.761s] INFO:colcon.colcon_core.shell:Creating environment hook '/home/ben/robot_snake/install/package1/share/package1/hook/cmake_prefix_path.ps1'
[27.763s] INFO:colcon.colcon_core.shell:Creating environment descriptor '/home/ben/robot_snake/install/package1/share/package1/hook/cmake_prefix_path.dsv'
[27.769s] INFO:colcon.colcon_core.shell:Creating environment hook '/home/ben/robot_snake/install/package1/share/package1/hook/cmake_prefix_path.sh'
[27.772s] Level 1:colcon.colcon_core.environment:checking '/home/ben/robot_snake/install/package1/lib'
[27.772s] Level 1:colcon.colcon_core.environment:checking '/home/ben/robot_snake/install/package1/bin'
[27.772s] Level 1:colcon.colcon_core.environment:checking '/home/ben/robot_snake/install/package1/lib/pkgconfig/package1.pc'
[27.772s] Level 1:colcon.colcon_core.environment:checking '/home/ben/robot_snake/install/package1/lib/python3.10/site-packages'
[27.773s] Level 1:colcon.colcon_core.environment:checking '/home/ben/robot_snake/install/package1/bin'
[27.786s] INFO:colcon.colcon_core.shell:Creating package script '/home/ben/robot_snake/install/package1/share/package1/package.ps1'
[27.787s] INFO:colcon.colcon_core.shell:Creating package descriptor '/home/ben/robot_snake/install/package1/share/package1/package.dsv'
[27.789s] INFO:colcon.colcon_core.shell:Creating package script '/home/ben/robot_snake/install/package1/share/package1/package.sh'
[27.792s] INFO:colcon.colcon_core.shell:Creating package script '/home/ben/robot_snake/install/package1/share/package1/package.bash'
[27.793s] INFO:colcon.colcon_core.shell:Creating package script '/home/ben/robot_snake/install/package1/share/package1/package.zsh'
[27.793s] Level 1:colcon.colcon_core.environment:create_file_with_runtime_dependencies(/home/ben/robot_snake/install/package1/share/colcon-core/packages/package1)
[27.800s] DEBUG:colcon.colcon_parallel_executor.executor.parallel:closing loop
[27.800s] DEBUG:colcon.colcon_parallel_executor.executor.parallel:loop closed
[27.801s] DEBUG:colcon.colcon_parallel_executor.executor.parallel:run_until_complete finished with '0'
[27.801s] DEBUG:colcon.colcon_core.event_reactor:joining thread
[27.840s] INFO:colcon.colcon_core.plugin_system:Skipping extension 'colcon_notification.desktop_notification.terminal_notifier': Not used on non-Darwin systems
[27.840s] INFO:colcon.colcon_core.plugin_system:Skipping extension 'colcon_notification.desktop_notification.win32': Not used on non-Windows systems
[27.840s] INFO:colcon.colcon_notification.desktop_notification:Sending desktop notification using 'notify2'
[27.908s] DEBUG:colcon.colcon_core.event_reactor:joined thread
[27.910s] INFO:colcon.colcon_core.shell:Creating prefix script '/home/ben/robot_snake/install/local_setup.ps1'
[27.911s] INFO:colcon.colcon_core.shell:Creating prefix util module '/home/ben/robot_snake/install/_local_setup_util_ps1.py'
[27.912s] INFO:colcon.colcon_core.shell:Creating prefix chain script '/home/ben/robot_snake/install/setup.ps1'
[27.938s] INFO:colcon.colcon_core.shell:Creating prefix script '/home/ben/robot_snake/install/local_setup.sh'
[27.940s] INFO:colcon.colcon_core.shell:Creating prefix util module '/home/ben/robot_snake/install/_local_setup_util_sh.py'
[27.940s] INFO:colcon.colcon_core.shell:Creating prefix chain script '/home/ben/robot_snake/install/setup.sh'
[27.964s] INFO:colcon.colcon_core.shell:Creating prefix script '/home/ben/robot_snake/install/local_setup.bash'
[27.968s] INFO:colcon.colcon_core.shell:Creating prefix chain script '/home/ben/robot_snake/install/setup.bash'
[27.990s] INFO:colcon.colcon_core.shell:Creating prefix script '/home/ben/robot_snake/install/local_setup.zsh'
[27.999s] INFO:colcon.colcon_core.shell:Creating prefix chain script '/home/ben/robot_snake/install/setup.zsh'
