[0.067s] Invoking command in '/home/ben/robot_snake/build/package1': CMAKE_PREFIX_PATH=${CMAKE_PREFIX_PATH}:/home/ben/microros_ws/install/sensor_msgs_py:/opt/ros/humble /usr/bin/cmake --build /home/ben/robot_snake/build/package1 -- -j3 -l3
[0.350s] [35m[1mConsolidate compiler generated dependencies of target node2[0m
[0.487s] [ 25%] [32mBuilding CXX object CMakeFiles/node2.dir/src/node2.cpp.o[0m
[0.516s] [ 75%] Built target node1
[7.724s] [100%] [32m[1mLinking CXX executable node2[0m
[8.347s] [100%] Built target node2
[8.395s] Invoked command in '/home/ben/robot_snake/build/package1' returned '0': CMAKE_PREFIX_PATH=${CMAKE_PREFIX_PATH}:/home/ben/microros_ws/install/sensor_msgs_py:/opt/ros/humble /usr/bin/cmake --build /home/ben/robot_snake/build/package1 -- -j3 -l3
[8.719s] Invoking command in '/home/ben/robot_snake/build/package1': CMAKE_PREFIX_PATH=${CMAKE_PREFIX_PATH}:/home/ben/microros_ws/install/sensor_msgs_py:/opt/ros/humble /usr/bin/cmake --install /home/ben/robot_snake/build/package1
[8.758s] -- Install configuration: ""
[8.760s] -- Up-to-date: /home/ben/robot_snake/install/package1/lib/package1/node1
[8.763s] -- Installing: /home/ben/robot_snake/install/package1/lib/package1/node2
[8.774s] -- Set runtime path of "/home/ben/robot_snake/install/package1/lib/package1/node2" to ""
[8.775s] -- Up-to-date: /home/ben/robot_snake/install/package1/share/package1//launch
[8.775s] -- Up-to-date: /home/ben/robot_snake/install/package1/share/package1//launch/launch1.py
[8.775s] -- Up-to-date: /home/ben/robot_snake/install/package1/share/package1//config
[8.775s] -- Up-to-date: /home/ben/robot_snake/install/package1/share/package1//config/node1_con.yaml
[8.776s] -- Installing: /home/ben/robot_snake/install/package1/share/package1//config/node2_con.yaml
[8.776s] -- Up-to-date: /home/ben/robot_snake/install/package1/share/ament_index/resource_index/package_run_dependencies/package1
[8.776s] -- Up-to-date: /home/ben/robot_snake/install/package1/share/ament_index/resource_index/parent_prefix_path/package1
[8.777s] -- Up-to-date: /home/ben/robot_snake/install/package1/share/package1/environment/ament_prefix_path.sh
[8.777s] -- Up-to-date: /home/ben/robot_snake/install/package1/share/package1/environment/ament_prefix_path.dsv
[8.778s] -- Up-to-date: /home/ben/robot_snake/install/package1/share/package1/environment/path.sh
[8.778s] -- Up-to-date: /home/ben/robot_snake/install/package1/share/package1/environment/path.dsv
[8.779s] -- Up-to-date: /home/ben/robot_snake/install/package1/share/package1/local_setup.bash
[8.780s] -- Up-to-date: /home/ben/robot_snake/install/package1/share/package1/local_setup.sh
[8.780s] -- Up-to-date: /home/ben/robot_snake/install/package1/share/package1/local_setup.zsh
[8.780s] -- Up-to-date: /home/ben/robot_snake/install/package1/share/package1/local_setup.dsv
[8.780s] -- Installing: /home/ben/robot_snake/install/package1/share/package1/package.dsv
[8.780s] -- Up-to-date: /home/ben/robot_snake/install/package1/share/ament_index/resource_index/packages/package1
[8.781s] -- Up-to-date: /home/ben/robot_snake/install/package1/share/package1/cmake/package1Config.cmake
[8.781s] -- Up-to-date: /home/ben/robot_snake/install/package1/share/package1/cmake/package1Config-version.cmake
[8.781s] -- Up-to-date: /home/ben/robot_snake/install/package1/share/package1/package.xml
[8.784s] Invoked command in '/home/ben/robot_snake/build/package1' returned '0': CMAKE_PREFIX_PATH=${CMAKE_PREFIX_PATH}:/home/ben/microros_ws/install/sensor_msgs_py:/opt/ros/humble /usr/bin/cmake --install /home/ben/robot_snake/build/package1
