[0.062s] Invoking command in '/home/ben/robot_snake/build/package1': CMAKE_PREFIX_PATH=${CMAKE_PREFIX_PATH}:/home/ben/microros_ws/install/sensor_msgs_py:/opt/ros/humble /usr/bin/cmake --build /home/ben/robot_snake/build/package1 -- -j3 -l3
[0.389s] [100%] Built target node1
[0.389s] [100%] Built target node2
[0.438s] Invoked command in '/home/ben/robot_snake/build/package1' returned '0': CMAKE_PREFIX_PATH=${CMAKE_PREFIX_PATH}:/home/ben/microros_ws/install/sensor_msgs_py:/opt/ros/humble /usr/bin/cmake --build /home/ben/robot_snake/build/package1 -- -j3 -l3
[0.781s] Invoking command in '/home/ben/robot_snake/build/package1': CMAKE_PREFIX_PATH=${CMAKE_PREFIX_PATH}:/home/ben/microros_ws/install/sensor_msgs_py:/opt/ros/humble /usr/bin/cmake --install /home/ben/robot_snake/build/package1
[0.825s] -- Install configuration: ""
[0.826s] -- Up-to-date: /home/ben/robot_snake/install/package1/lib/package1/node1
[0.829s] -- Up-to-date: /home/ben/robot_snake/install/package1/lib/package1/node2
[0.831s] -- Up-to-date: /home/ben/robot_snake/install/package1/share/package1//launch
[0.832s] -- Installing: /home/ben/robot_snake/install/package1/share/package1//launch/launch1.py
[0.832s] -- Up-to-date: /home/ben/robot_snake/install/package1/share/package1//config
[0.833s] -- Installing: /home/ben/robot_snake/install/package1/share/package1//config/node1_con.yaml
[0.834s] -- Up-to-date: /home/ben/robot_snake/install/package1/share/ament_index/resource_index/package_run_dependencies/package1
[0.834s] -- Up-to-date: /home/ben/robot_snake/install/package1/share/ament_index/resource_index/parent_prefix_path/package1
[0.835s] -- Up-to-date: /home/ben/robot_snake/install/package1/share/package1/environment/ament_prefix_path.sh
[0.835s] -- Up-to-date: /home/ben/robot_snake/install/package1/share/package1/environment/ament_prefix_path.dsv
[0.835s] -- Up-to-date: /home/ben/robot_snake/install/package1/share/package1/environment/path.sh
[0.836s] -- Up-to-date: /home/ben/robot_snake/install/package1/share/package1/environment/path.dsv
[0.836s] -- Up-to-date: /home/ben/robot_snake/install/package1/share/package1/local_setup.bash
[0.836s] -- Up-to-date: /home/ben/robot_snake/install/package1/share/package1/local_setup.sh
[0.837s] -- Up-to-date: /home/ben/robot_snake/install/package1/share/package1/local_setup.zsh
[0.837s] -- Up-to-date: /home/ben/robot_snake/install/package1/share/package1/local_setup.dsv
[0.837s] -- Installing: /home/ben/robot_snake/install/package1/share/package1/package.dsv
[0.837s] -- Up-to-date: /home/ben/robot_snake/install/package1/share/ament_index/resource_index/packages/package1
[0.837s] -- Up-to-date: /home/ben/robot_snake/install/package1/share/package1/cmake/package1Config.cmake
[0.838s] -- Up-to-date: /home/ben/robot_snake/install/package1/share/package1/cmake/package1Config-version.cmake
[0.838s] -- Up-to-date: /home/ben/robot_snake/install/package1/share/package1/package.xml
[0.842s] Invoked command in '/home/ben/robot_snake/build/package1' returned '0': CMAKE_PREFIX_PATH=${CMAKE_PREFIX_PATH}:/home/ben/microros_ws/install/sensor_msgs_py:/opt/ros/humble /usr/bin/cmake --install /home/ben/robot_snake/build/package1
