[1.159s] DEBUG:colcon:Command line arguments: ['/usr/bin/colcon', 'build', '--symlink-install']
[1.159s] DEBUG:colcon:Parsed command line arguments: Namespace(log_base=None, log_level=None, verb_name='build', build_base='build', install_base='install', merge_install=False, symlink_install=True, test_result_base=None, continue_on_error=False, executor='parallel', parallel_workers=3, event_handlers=None, ignore_user_meta=False, metas=['./colcon.meta'], base_paths=['.'], packages_ignore=None, packages_ignore_regex=None, paths=None, packages_up_to=None, packages_up_to_regex=None, packages_above=None, packages_above_and_dependencies=None, packages_above_depth=None, packages_select_by_dep=None, packages_skip_by_dep=None, packages_skip_up_to=None, packages_select_build_failed=False, packages_skip_build_finished=False, packages_select_test_failures=False, packages_skip_test_passed=False, packages_select=None, packages_skip=None, packages_select_regex=None, packages_skip_regex=None, packages_start=None, packages_end=None, allow_overriding=[], cmake_args=None, cmake_target=None, cmake_target_skip_unavailable=False, cmake_clean_cache=False, cmake_clean_first=False, cmake_force_configure=False, ament_cmake_args=None, catkin_cmake_args=None, catkin_skip_building_tests=False, verb_parser=<colcon_defaults.argument_parser.defaults.DefaultArgumentsDecorator object at 0x7f546d7c2b60>, verb_extension=<colcon_core.verb.build.BuildVerb object at 0x7f546e1533d0>, main=<bound method BuildVerb.main of <colcon_core.verb.build.BuildVerb object at 0x7f546e1533d0>>)
[1.208s] Level 1:colcon.colcon_core.package_discovery:discover_packages(colcon_meta) check parameters
[1.209s] Level 1:colcon.colcon_core.package_discovery:discover_packages(recursive) check parameters
[1.209s] Level 1:colcon.colcon_core.package_discovery:discover_packages(ignore) check parameters
[1.209s] Level 1:colcon.colcon_core.package_discovery:discover_packages(path) check parameters
[1.209s] Level 1:colcon.colcon_core.package_discovery:discover_packages(colcon_meta) discover
[1.209s] Level 1:colcon.colcon_core.package_discovery:discover_packages(recursive) discover
[1.209s] INFO:colcon.colcon_core.package_discovery:Crawling recursively for packages in '/home/ben/robot_snake'
[1.209s] Level 1:colcon.colcon_core.package_identification:_identify(.) by extensions ['ignore', 'ignore_ament_install']
[1.209s] Level 1:colcon.colcon_core.package_identification:_identify(.) by extension 'ignore'
[1.209s] Level 1:colcon.colcon_core.package_identification:_identify(.) by extension 'ignore_ament_install'
[1.210s] Level 1:colcon.colcon_core.package_identification:_identify(.) by extensions ['colcon_pkg']
[1.210s] Level 1:colcon.colcon_core.package_identification:_identify(.) by extension 'colcon_pkg'
[1.210s] Level 1:colcon.colcon_core.package_identification:_identify(.) by extensions ['colcon_meta']
[1.210s] Level 1:colcon.colcon_core.package_identification:_identify(.) by extension 'colcon_meta'
[1.210s] Level 1:colcon.colcon_core.package_identification:_identify(.) by extensions ['ros']
[1.210s] Level 1:colcon.colcon_core.package_identification:_identify(.) by extension 'ros'
[1.291s] Level 1:colcon.colcon_core.package_identification:_identify(.) by extensions ['cmake', 'python']
[1.291s] Level 1:colcon.colcon_core.package_identification:_identify(.) by extension 'cmake'
[1.291s] Level 1:colcon.colcon_core.package_identification:_identify(.) by extension 'python'
[1.291s] Level 1:colcon.colcon_core.package_identification:_identify(.) by extensions ['python_setup_py']
[1.291s] Level 1:colcon.colcon_core.package_identification:_identify(.) by extension 'python_setup_py'
[1.292s] Level 1:colcon.colcon_core.package_identification:_identify(bag_files) by extensions ['ignore', 'ignore_ament_install']
[1.292s] Level 1:colcon.colcon_core.package_identification:_identify(bag_files) by extension 'ignore'
[1.292s] Level 1:colcon.colcon_core.package_identification:_identify(bag_files) by extension 'ignore_ament_install'
[1.292s] Level 1:colcon.colcon_core.package_identification:_identify(bag_files) by extensions ['colcon_pkg']
[1.292s] Level 1:colcon.colcon_core.package_identification:_identify(bag_files) by extension 'colcon_pkg'
[1.292s] Level 1:colcon.colcon_core.package_identification:_identify(bag_files) by extensions ['colcon_meta']
[1.292s] Level 1:colcon.colcon_core.package_identification:_identify(bag_files) by extension 'colcon_meta'
[1.292s] Level 1:colcon.colcon_core.package_identification:_identify(bag_files) by extensions ['ros']
[1.292s] Level 1:colcon.colcon_core.package_identification:_identify(bag_files) by extension 'ros'
[1.292s] Level 1:colcon.colcon_core.package_identification:_identify(bag_files) by extensions ['cmake', 'python']
[1.292s] Level 1:colcon.colcon_core.package_identification:_identify(bag_files) by extension 'cmake'
[1.292s] Level 1:colcon.colcon_core.package_identification:_identify(bag_files) by extension 'python'
[1.292s] Level 1:colcon.colcon_core.package_identification:_identify(bag_files) by extensions ['python_setup_py']
[1.293s] Level 1:colcon.colcon_core.package_identification:_identify(bag_files) by extension 'python_setup_py'
[1.293s] Level 1:colcon.colcon_core.package_identification:_identify(bag_files/15_12_2022 11:36:15) by extensions ['ignore', 'ignore_ament_install']
[1.293s] Level 1:colcon.colcon_core.package_identification:_identify(bag_files/15_12_2022 11:36:15) by extension 'ignore'
[1.293s] Level 1:colcon.colcon_core.package_identification:_identify(bag_files/15_12_2022 11:36:15) by extension 'ignore_ament_install'
[1.293s] Level 1:colcon.colcon_core.package_identification:_identify(bag_files/15_12_2022 11:36:15) by extensions ['colcon_pkg']
[1.293s] Level 1:colcon.colcon_core.package_identification:_identify(bag_files/15_12_2022 11:36:15) by extension 'colcon_pkg'
[1.293s] Level 1:colcon.colcon_core.package_identification:_identify(bag_files/15_12_2022 11:36:15) by extensions ['colcon_meta']
[1.293s] Level 1:colcon.colcon_core.package_identification:_identify(bag_files/15_12_2022 11:36:15) by extension 'colcon_meta'
[1.293s] Level 1:colcon.colcon_core.package_identification:_identify(bag_files/15_12_2022 11:36:15) by extensions ['ros']
[1.293s] Level 1:colcon.colcon_core.package_identification:_identify(bag_files/15_12_2022 11:36:15) by extension 'ros'
[1.293s] Level 1:colcon.colcon_core.package_identification:_identify(bag_files/15_12_2022 11:36:15) by extensions ['cmake', 'python']
[1.293s] Level 1:colcon.colcon_core.package_identification:_identify(bag_files/15_12_2022 11:36:15) by extension 'cmake'
[1.294s] Level 1:colcon.colcon_core.package_identification:_identify(bag_files/15_12_2022 11:36:15) by extension 'python'
[1.294s] Level 1:colcon.colcon_core.package_identification:_identify(bag_files/15_12_2022 11:36:15) by extensions ['python_setup_py']
[1.294s] Level 1:colcon.colcon_core.package_identification:_identify(bag_files/15_12_2022 11:36:15) by extension 'python_setup_py'
[1.294s] Level 1:colcon.colcon_core.package_identification:_identify(bag_files/15_12_2022 14:04:54) by extensions ['ignore', 'ignore_ament_install']
[1.294s] Level 1:colcon.colcon_core.package_identification:_identify(bag_files/15_12_2022 14:04:54) by extension 'ignore'
[1.294s] Level 1:colcon.colcon_core.package_identification:_identify(bag_files/15_12_2022 14:04:54) by extension 'ignore_ament_install'
[1.295s] Level 1:colcon.colcon_core.package_identification:_identify(bag_files/15_12_2022 14:04:54) by extensions ['colcon_pkg']
[1.296s] Level 1:colcon.colcon_core.package_identification:_identify(bag_files/15_12_2022 14:04:54) by extension 'colcon_pkg'
[1.296s] Level 1:colcon.colcon_core.package_identification:_identify(bag_files/15_12_2022 14:04:54) by extensions ['colcon_meta']
[1.296s] Level 1:colcon.colcon_core.package_identification:_identify(bag_files/15_12_2022 14:04:54) by extension 'colcon_meta'
[1.297s] Level 1:colcon.colcon_core.package_identification:_identify(bag_files/15_12_2022 14:04:54) by extensions ['ros']
[1.297s] Level 1:colcon.colcon_core.package_identification:_identify(bag_files/15_12_2022 14:04:54) by extension 'ros'
[1.300s] Level 1:colcon.colcon_core.package_identification:_identify(bag_files/15_12_2022 14:04:54) by extensions ['cmake', 'python']
[1.300s] Level 1:colcon.colcon_core.package_identification:_identify(bag_files/15_12_2022 14:04:54) by extension 'cmake'
[1.300s] Level 1:colcon.colcon_core.package_identification:_identify(bag_files/15_12_2022 14:04:54) by extension 'python'
[1.301s] Level 1:colcon.colcon_core.package_identification:_identify(bag_files/15_12_2022 14:04:54) by extensions ['python_setup_py']
[1.301s] Level 1:colcon.colcon_core.package_identification:_identify(bag_files/15_12_2022 14:04:54) by extension 'python_setup_py'
[1.301s] Level 1:colcon.colcon_core.package_identification:_identify(bag_files/15_12_2022 14:06:45) by extensions ['ignore', 'ignore_ament_install']
[1.301s] Level 1:colcon.colcon_core.package_identification:_identify(bag_files/15_12_2022 14:06:45) by extension 'ignore'
[1.301s] Level 1:colcon.colcon_core.package_identification:_identify(bag_files/15_12_2022 14:06:45) by extension 'ignore_ament_install'
[1.301s] Level 1:colcon.colcon_core.package_identification:_identify(bag_files/15_12_2022 14:06:45) by extensions ['colcon_pkg']
[1.301s] Level 1:colcon.colcon_core.package_identification:_identify(bag_files/15_12_2022 14:06:45) by extension 'colcon_pkg'
[1.302s] Level 1:colcon.colcon_core.package_identification:_identify(bag_files/15_12_2022 14:06:45) by extensions ['colcon_meta']
[1.302s] Level 1:colcon.colcon_core.package_identification:_identify(bag_files/15_12_2022 14:06:45) by extension 'colcon_meta'
[1.302s] Level 1:colcon.colcon_core.package_identification:_identify(bag_files/15_12_2022 14:06:45) by extensions ['ros']
[1.302s] Level 1:colcon.colcon_core.package_identification:_identify(bag_files/15_12_2022 14:06:45) by extension 'ros'
[1.302s] Level 1:colcon.colcon_core.package_identification:_identify(bag_files/15_12_2022 14:06:45) by extensions ['cmake', 'python']
[1.302s] Level 1:colcon.colcon_core.package_identification:_identify(bag_files/15_12_2022 14:06:45) by extension 'cmake'
[1.302s] Level 1:colcon.colcon_core.package_identification:_identify(bag_files/15_12_2022 14:06:45) by extension 'python'
[1.302s] Level 1:colcon.colcon_core.package_identification:_identify(bag_files/15_12_2022 14:06:45) by extensions ['python_setup_py']
[1.302s] Level 1:colcon.colcon_core.package_identification:_identify(bag_files/15_12_2022 14:06:45) by extension 'python_setup_py'
[1.303s] Level 1:colcon.colcon_core.package_identification:_identify(bag_files/15_12_2022 14:07:45) by extensions ['ignore', 'ignore_ament_install']
[1.303s] Level 1:colcon.colcon_core.package_identification:_identify(bag_files/15_12_2022 14:07:45) by extension 'ignore'
[1.303s] Level 1:colcon.colcon_core.package_identification:_identify(bag_files/15_12_2022 14:07:45) by extension 'ignore_ament_install'
[1.304s] Level 1:colcon.colcon_core.package_identification:_identify(bag_files/15_12_2022 14:07:45) by extensions ['colcon_pkg']
[1.304s] Level 1:colcon.colcon_core.package_identification:_identify(bag_files/15_12_2022 14:07:45) by extension 'colcon_pkg'
[1.304s] Level 1:colcon.colcon_core.package_identification:_identify(bag_files/15_12_2022 14:07:45) by extensions ['colcon_meta']
[1.304s] Level 1:colcon.colcon_core.package_identification:_identify(bag_files/15_12_2022 14:07:45) by extension 'colcon_meta'
[1.304s] Level 1:colcon.colcon_core.package_identification:_identify(bag_files/15_12_2022 14:07:45) by extensions ['ros']
[1.304s] Level 1:colcon.colcon_core.package_identification:_identify(bag_files/15_12_2022 14:07:45) by extension 'ros'
[1.304s] Level 1:colcon.colcon_core.package_identification:_identify(bag_files/15_12_2022 14:07:45) by extensions ['cmake', 'python']
[1.304s] Level 1:colcon.colcon_core.package_identification:_identify(bag_files/15_12_2022 14:07:45) by extension 'cmake'
[1.305s] Level 1:colcon.colcon_core.package_identification:_identify(bag_files/15_12_2022 14:07:45) by extension 'python'
[1.305s] Level 1:colcon.colcon_core.package_identification:_identify(bag_files/15_12_2022 14:07:45) by extensions ['python_setup_py']
[1.305s] Level 1:colcon.colcon_core.package_identification:_identify(bag_files/15_12_2022 14:07:45) by extension 'python_setup_py'
[1.305s] Level 1:colcon.colcon_core.package_identification:_identify(bag_files/15_12_2022 14:12:24) by extensions ['ignore', 'ignore_ament_install']
[1.305s] Level 1:colcon.colcon_core.package_identification:_identify(bag_files/15_12_2022 14:12:24) by extension 'ignore'
[1.305s] Level 1:colcon.colcon_core.package_identification:_identify(bag_files/15_12_2022 14:12:24) by extension 'ignore_ament_install'
[1.305s] Level 1:colcon.colcon_core.package_identification:_identify(bag_files/15_12_2022 14:12:24) by extensions ['colcon_pkg']
[1.306s] Level 1:colcon.colcon_core.package_identification:_identify(bag_files/15_12_2022 14:12:24) by extension 'colcon_pkg'
[1.306s] Level 1:colcon.colcon_core.package_identification:_identify(bag_files/15_12_2022 14:12:24) by extensions ['colcon_meta']
[1.306s] Level 1:colcon.colcon_core.package_identification:_identify(bag_files/15_12_2022 14:12:24) by extension 'colcon_meta'
[1.306s] Level 1:colcon.colcon_core.package_identification:_identify(bag_files/15_12_2022 14:12:24) by extensions ['ros']
[1.306s] Level 1:colcon.colcon_core.package_identification:_identify(bag_files/15_12_2022 14:12:24) by extension 'ros'
[1.306s] Level 1:colcon.colcon_core.package_identification:_identify(bag_files/15_12_2022 14:12:24) by extensions ['cmake', 'python']
[1.307s] Level 1:colcon.colcon_core.package_identification:_identify(bag_files/15_12_2022 14:12:24) by extension 'cmake'
[1.307s] Level 1:colcon.colcon_core.package_identification:_identify(bag_files/15_12_2022 14:12:24) by extension 'python'
[1.307s] Level 1:colcon.colcon_core.package_identification:_identify(bag_files/15_12_2022 14:12:24) by extensions ['python_setup_py']
[1.307s] Level 1:colcon.colcon_core.package_identification:_identify(bag_files/15_12_2022 14:12:24) by extension 'python_setup_py'
[1.307s] Level 1:colcon.colcon_core.package_identification:_identify(bag_files/15_12_2022 14:13:14) by extensions ['ignore', 'ignore_ament_install']
[1.307s] Level 1:colcon.colcon_core.package_identification:_identify(bag_files/15_12_2022 14:13:14) by extension 'ignore'
[1.307s] Level 1:colcon.colcon_core.package_identification:_identify(bag_files/15_12_2022 14:13:14) by extension 'ignore_ament_install'
[1.307s] Level 1:colcon.colcon_core.package_identification:_identify(bag_files/15_12_2022 14:13:14) by extensions ['colcon_pkg']
[1.307s] Level 1:colcon.colcon_core.package_identification:_identify(bag_files/15_12_2022 14:13:14) by extension 'colcon_pkg'
[1.308s] Level 1:colcon.colcon_core.package_identification:_identify(bag_files/15_12_2022 14:13:14) by extensions ['colcon_meta']
[1.308s] Level 1:colcon.colcon_core.package_identification:_identify(bag_files/15_12_2022 14:13:14) by extension 'colcon_meta'
[1.308s] Level 1:colcon.colcon_core.package_identification:_identify(bag_files/15_12_2022 14:13:14) by extensions ['ros']
[1.308s] Level 1:colcon.colcon_core.package_identification:_identify(bag_files/15_12_2022 14:13:14) by extension 'ros'
[1.308s] Level 1:colcon.colcon_core.package_identification:_identify(bag_files/15_12_2022 14:13:14) by extensions ['cmake', 'python']
[1.308s] Level 1:colcon.colcon_core.package_identification:_identify(bag_files/15_12_2022 14:13:14) by extension 'cmake'
[1.308s] Level 1:colcon.colcon_core.package_identification:_identify(bag_files/15_12_2022 14:13:14) by extension 'python'
[1.308s] Level 1:colcon.colcon_core.package_identification:_identify(bag_files/15_12_2022 14:13:14) by extensions ['python_setup_py']
[1.308s] Level 1:colcon.colcon_core.package_identification:_identify(bag_files/15_12_2022 14:13:14) by extension 'python_setup_py'
[1.308s] Level 1:colcon.colcon_core.package_identification:_identify(bag_files/15_12_2022 14:14:03) by extensions ['ignore', 'ignore_ament_install']
[1.309s] Level 1:colcon.colcon_core.package_identification:_identify(bag_files/15_12_2022 14:14:03) by extension 'ignore'
[1.309s] Level 1:colcon.colcon_core.package_identification:_identify(bag_files/15_12_2022 14:14:03) by extension 'ignore_ament_install'
[1.309s] Level 1:colcon.colcon_core.package_identification:_identify(bag_files/15_12_2022 14:14:03) by extensions ['colcon_pkg']
[1.309s] Level 1:colcon.colcon_core.package_identification:_identify(bag_files/15_12_2022 14:14:03) by extension 'colcon_pkg'
[1.309s] Level 1:colcon.colcon_core.package_identification:_identify(bag_files/15_12_2022 14:14:03) by extensions ['colcon_meta']
[1.310s] Level 1:colcon.colcon_core.package_identification:_identify(bag_files/15_12_2022 14:14:03) by extension 'colcon_meta'
[1.310s] Level 1:colcon.colcon_core.package_identification:_identify(bag_files/15_12_2022 14:14:03) by extensions ['ros']
[1.310s] Level 1:colcon.colcon_core.package_identification:_identify(bag_files/15_12_2022 14:14:03) by extension 'ros'
[1.310s] Level 1:colcon.colcon_core.package_identification:_identify(bag_files/15_12_2022 14:14:03) by extensions ['cmake', 'python']
[1.310s] Level 1:colcon.colcon_core.package_identification:_identify(bag_files/15_12_2022 14:14:03) by extension 'cmake'
[1.310s] Level 1:colcon.colcon_core.package_identification:_identify(bag_files/15_12_2022 14:14:03) by extension 'python'
[1.310s] Level 1:colcon.colcon_core.package_identification:_identify(bag_files/15_12_2022 14:14:03) by extensions ['python_setup_py']
[1.311s] Level 1:colcon.colcon_core.package_identification:_identify(bag_files/15_12_2022 14:14:03) by extension 'python_setup_py'
[1.311s] Level 1:colcon.colcon_core.package_identification:_identify(bag_files/15_12_2022 14:18:20) by extensions ['ignore', 'ignore_ament_install']
[1.311s] Level 1:colcon.colcon_core.package_identification:_identify(bag_files/15_12_2022 14:18:20) by extension 'ignore'
[1.311s] Level 1:colcon.colcon_core.package_identification:_identify(bag_files/15_12_2022 14:18:20) by extension 'ignore_ament_install'
[1.311s] Level 1:colcon.colcon_core.package_identification:_identify(bag_files/15_12_2022 14:18:20) by extensions ['colcon_pkg']
[1.311s] Level 1:colcon.colcon_core.package_identification:_identify(bag_files/15_12_2022 14:18:20) by extension 'colcon_pkg'
[1.312s] Level 1:colcon.colcon_core.package_identification:_identify(bag_files/15_12_2022 14:18:20) by extensions ['colcon_meta']
[1.312s] Level 1:colcon.colcon_core.package_identification:_identify(bag_files/15_12_2022 14:18:20) by extension 'colcon_meta'
[1.312s] Level 1:colcon.colcon_core.package_identification:_identify(bag_files/15_12_2022 14:18:20) by extensions ['ros']
[1.312s] Level 1:colcon.colcon_core.package_identification:_identify(bag_files/15_12_2022 14:18:20) by extension 'ros'
[1.312s] Level 1:colcon.colcon_core.package_identification:_identify(bag_files/15_12_2022 14:18:20) by extensions ['cmake', 'python']
[1.313s] Level 1:colcon.colcon_core.package_identification:_identify(bag_files/15_12_2022 14:18:20) by extension 'cmake'
[1.313s] Level 1:colcon.colcon_core.package_identification:_identify(bag_files/15_12_2022 14:18:20) by extension 'python'
[1.313s] Level 1:colcon.colcon_core.package_identification:_identify(bag_files/15_12_2022 14:18:20) by extensions ['python_setup_py']
[1.314s] Level 1:colcon.colcon_core.package_identification:_identify(bag_files/15_12_2022 14:18:20) by extension 'python_setup_py'
[1.314s] Level 1:colcon.colcon_core.package_identification:_identify(build) by extensions ['ignore', 'ignore_ament_install']
[1.315s] Level 1:colcon.colcon_core.package_identification:_identify(build) by extension 'ignore'
[1.315s] Level 1:colcon.colcon_core.package_identification:_identify(build) ignored
[1.316s] Level 1:colcon.colcon_core.package_identification:_identify(install) by extensions ['ignore', 'ignore_ament_install']
[1.317s] Level 1:colcon.colcon_core.package_identification:_identify(install) by extension 'ignore'
[1.317s] Level 1:colcon.colcon_core.package_identification:_identify(install) ignored
[1.317s] Level 1:colcon.colcon_core.package_identification:_identify(log) by extensions ['ignore', 'ignore_ament_install']
[1.317s] Level 1:colcon.colcon_core.package_identification:_identify(log) by extension 'ignore'
[1.317s] Level 1:colcon.colcon_core.package_identification:_identify(log) ignored
[1.317s] Level 1:colcon.colcon_core.package_identification:_identify(src) by extensions ['ignore', 'ignore_ament_install']
[1.318s] Level 1:colcon.colcon_core.package_identification:_identify(src) by extension 'ignore'
[1.318s] Level 1:colcon.colcon_core.package_identification:_identify(src) by extension 'ignore_ament_install'
[1.318s] Level 1:colcon.colcon_core.package_identification:_identify(src) by extensions ['colcon_pkg']
[1.318s] Level 1:colcon.colcon_core.package_identification:_identify(src) by extension 'colcon_pkg'
[1.318s] Level 1:colcon.colcon_core.package_identification:_identify(src) by extensions ['colcon_meta']
[1.318s] Level 1:colcon.colcon_core.package_identification:_identify(src) by extension 'colcon_meta'
[1.318s] Level 1:colcon.colcon_core.package_identification:_identify(src) by extensions ['ros']
[1.318s] Level 1:colcon.colcon_core.package_identification:_identify(src) by extension 'ros'
[1.318s] Level 1:colcon.colcon_core.package_identification:_identify(src) by extensions ['cmake', 'python']
[1.318s] Level 1:colcon.colcon_core.package_identification:_identify(src) by extension 'cmake'
[1.318s] Level 1:colcon.colcon_core.package_identification:_identify(src) by extension 'python'
[1.318s] Level 1:colcon.colcon_core.package_identification:_identify(src) by extensions ['python_setup_py']
[1.319s] Level 1:colcon.colcon_core.package_identification:_identify(src) by extension 'python_setup_py'
[1.319s] Level 1:colcon.colcon_core.package_identification:_identify(src/build) by extensions ['ignore', 'ignore_ament_install']
[1.319s] Level 1:colcon.colcon_core.package_identification:_identify(src/build) by extension 'ignore'
[1.319s] Level 1:colcon.colcon_core.package_identification:_identify(src/build) ignored
[1.319s] Level 1:colcon.colcon_core.package_identification:_identify(src/install) by extensions ['ignore', 'ignore_ament_install']
[1.319s] Level 1:colcon.colcon_core.package_identification:_identify(src/install) by extension 'ignore'
[1.319s] Level 1:colcon.colcon_core.package_identification:_identify(src/install) ignored
[1.320s] Level 1:colcon.colcon_core.package_identification:_identify(src/log) by extensions ['ignore', 'ignore_ament_install']
[1.320s] Level 1:colcon.colcon_core.package_identification:_identify(src/log) by extension 'ignore'
[1.320s] Level 1:colcon.colcon_core.package_identification:_identify(src/log) ignored
[1.320s] Level 1:colcon.colcon_core.package_identification:_identify(src/package1) by extensions ['ignore', 'ignore_ament_install']
[1.320s] Level 1:colcon.colcon_core.package_identification:_identify(src/package1) by extension 'ignore'
[1.320s] Level 1:colcon.colcon_core.package_identification:_identify(src/package1) by extension 'ignore_ament_install'
[1.320s] Level 1:colcon.colcon_core.package_identification:_identify(src/package1) by extensions ['colcon_pkg']
[1.320s] Level 1:colcon.colcon_core.package_identification:_identify(src/package1) by extension 'colcon_pkg'
[1.320s] Level 1:colcon.colcon_core.package_identification:_identify(src/package1) by extensions ['colcon_meta']
[1.320s] Level 1:colcon.colcon_core.package_identification:_identify(src/package1) by extension 'colcon_meta'
[1.320s] Level 1:colcon.colcon_core.package_identification:_identify(src/package1) by extensions ['ros']
[1.320s] Level 1:colcon.colcon_core.package_identification:_identify(src/package1) by extension 'ros'
[1.323s] DEBUG:colcon.colcon_core.package_identification:Package 'src/package1' with type 'ros.ament_cmake' and name 'package1'
[1.323s] Level 1:colcon.colcon_core.package_discovery:discover_packages(recursive) using defaults
[1.324s] Level 1:colcon.colcon_core.package_discovery:discover_packages(ignore) discover
[1.324s] Level 1:colcon.colcon_core.package_discovery:discover_packages(ignore) using defaults
[1.324s] Level 1:colcon.colcon_core.package_discovery:discover_packages(path) discover
[1.324s] Level 1:colcon.colcon_core.package_discovery:discover_packages(path) using defaults
[1.432s] Level 1:colcon.colcon_core.package_discovery:discover_packages(prefix_path) check parameters
[1.436s] Level 1:colcon.colcon_core.package_discovery:discover_packages(prefix_path) discover
[1.456s] DEBUG:colcon.colcon_installed_package_information.package_discovery:Found 2 installed packages in /home/ben/robot_snake/install
[1.468s] DEBUG:colcon.colcon_installed_package_information.package_discovery:Found 39 installed packages in /home/ben/microros_ws/install
[1.479s] DEBUG:colcon.colcon_installed_package_information.package_discovery:Found 14 installed packages in /home/ben/ros2_ws/install
[1.483s] DEBUG:colcon.colcon_installed_package_information.package_discovery:Found 284 installed packages in /opt/ros/humble
[1.494s] Level 1:colcon.colcon_core.package_discovery:discover_packages(prefix_path) using defaults
[1.635s] Level 5:colcon.colcon_core.verb:set package 'package1' build argument 'cmake_args' from command line to 'None'
[1.635s] Level 5:colcon.colcon_core.verb:set package 'package1' build argument 'cmake_target' from command line to 'None'
[1.635s] Level 5:colcon.colcon_core.verb:set package 'package1' build argument 'cmake_target_skip_unavailable' from command line to 'False'
[1.635s] Level 5:colcon.colcon_core.verb:set package 'package1' build argument 'cmake_clean_cache' from command line to 'False'
[1.635s] Level 5:colcon.colcon_core.verb:set package 'package1' build argument 'cmake_clean_first' from command line to 'False'
[1.635s] Level 5:colcon.colcon_core.verb:set package 'package1' build argument 'cmake_force_configure' from command line to 'False'
[1.635s] Level 5:colcon.colcon_core.verb:set package 'package1' build argument 'ament_cmake_args' from command line to 'None'
[1.635s] Level 5:colcon.colcon_core.verb:set package 'package1' build argument 'catkin_cmake_args' from command line to 'None'
[1.635s] Level 5:colcon.colcon_core.verb:set package 'package1' build argument 'catkin_skip_building_tests' from command line to 'False'
[1.636s] DEBUG:colcon.colcon_core.verb:Building package 'package1' with the following arguments: {'ament_cmake_args': None, 'build_base': '/home/ben/robot_snake/build/package1', 'catkin_cmake_args': None, 'catkin_skip_building_tests': False, 'cmake_args': None, 'cmake_clean_cache': False, 'cmake_clean_first': False, 'cmake_force_configure': False, 'cmake_target': None, 'cmake_target_skip_unavailable': False, 'install_base': '/home/ben/robot_snake/install/package1', 'merge_install': False, 'path': '/home/ben/robot_snake/src/package1', 'symlink_install': True, 'test_result_base': None}
[1.636s] INFO:colcon.colcon_core.executor:Executing jobs using 'parallel' executor
[1.647s] DEBUG:colcon.colcon_parallel_executor.executor.parallel:run_until_complete
[1.647s] INFO:colcon.colcon_ros.task.ament_cmake.build:Building ROS package in '/home/ben/robot_snake/src/package1' with build type 'ament_cmake'
[1.647s] INFO:colcon.colcon_cmake.task.cmake.build:Building CMake package in '/home/ben/robot_snake/src/package1'
[1.661s] INFO:colcon.colcon_core.plugin_system:Skipping extension 'colcon_core.shell.bat': Not used on non-Windows systems
[1.662s] INFO:colcon.colcon_core.shell:Skip shell extension 'powershell' for command environment: Not usable outside of PowerShell
[1.662s] DEBUG:colcon.colcon_core.shell:Skip shell extension 'dsv' for command environment
[1.703s] DEBUG:colcon.colcon_core.event_handler.log_command:Invoking command in '/home/ben/robot_snake/build/package1': CMAKE_PREFIX_PATH=${CMAKE_PREFIX_PATH}:/home/ben/ros2_ws/install/rqt_gui_py:/home/ben/ros2_ws/install/rqt_gui:/home/ben/microros_ws/install/sensor_msgs_py:/opt/ros/humble /usr/bin/cmake --build /home/ben/robot_snake/build/package1 -- -j3 -l3
[21.315s] DEBUG:colcon.colcon_core.event_handler.log_command:Invoked command in '/home/ben/robot_snake/build/package1' returned '2': CMAKE_PREFIX_PATH=${CMAKE_PREFIX_PATH}:/home/ben/ros2_ws/install/rqt_gui_py:/home/ben/ros2_ws/install/rqt_gui:/home/ben/microros_ws/install/sensor_msgs_py:/opt/ros/humble /usr/bin/cmake --build /home/ben/robot_snake/build/package1 -- -j3 -l3
[21.605s] Level 1:colcon.colcon_core.environment:create_environment_scripts_only(package1)
[21.614s] Level 1:colcon.colcon_core.environment:checking '/home/ben/robot_snake/install/package1' for CMake module files
[21.617s] Level 1:colcon.colcon_core.environment:checking '/home/ben/robot_snake/install/package1' for CMake config files
[21.618s] Level 1:colcon.colcon_core.shell:create_environment_hook('package1', 'cmake_prefix_path')
[21.631s] INFO:colcon.colcon_core.shell:Creating environment hook '/home/ben/robot_snake/install/package1/share/package1/hook/cmake_prefix_path.ps1'
[21.640s] INFO:colcon.colcon_core.shell:Creating environment descriptor '/home/ben/robot_snake/install/package1/share/package1/hook/cmake_prefix_path.dsv'
[21.644s] INFO:colcon.colcon_core.shell:Creating environment hook '/home/ben/robot_snake/install/package1/share/package1/hook/cmake_prefix_path.sh'
[21.654s] Level 1:colcon.colcon_core.environment:checking '/home/ben/robot_snake/install/package1/lib'
[21.654s] Level 1:colcon.colcon_core.environment:checking '/home/ben/robot_snake/install/package1/bin'
[21.654s] Level 1:colcon.colcon_core.environment:checking '/home/ben/robot_snake/install/package1/lib/pkgconfig/package1.pc'
[21.655s] Level 1:colcon.colcon_core.environment:checking '/home/ben/robot_snake/install/package1/lib/python3.10/site-packages'
[21.655s] Level 1:colcon.colcon_core.environment:checking '/home/ben/robot_snake/install/package1/bin'
[21.656s] INFO:colcon.colcon_core.shell:Creating package script '/home/ben/robot_snake/install/package1/share/package1/package.ps1'
[21.658s] INFO:colcon.colcon_core.shell:Creating package descriptor '/home/ben/robot_snake/install/package1/share/package1/package.dsv'
[21.659s] INFO:colcon.colcon_core.shell:Creating package script '/home/ben/robot_snake/install/package1/share/package1/package.sh'
[21.660s] INFO:colcon.colcon_core.shell:Creating package script '/home/ben/robot_snake/install/package1/share/package1/package.bash'
[21.661s] INFO:colcon.colcon_core.shell:Creating package script '/home/ben/robot_snake/install/package1/share/package1/package.zsh'
[21.662s] Level 1:colcon.colcon_core.environment:create_file_with_runtime_dependencies(/home/ben/robot_snake/install/package1/share/colcon-core/packages/package1)
[21.677s] DEBUG:colcon.colcon_parallel_executor.executor.parallel:closing loop
[21.678s] DEBUG:colcon.colcon_parallel_executor.executor.parallel:loop closed
[21.678s] DEBUG:colcon.colcon_parallel_executor.executor.parallel:run_until_complete finished with '2'
[21.678s] DEBUG:colcon.colcon_core.event_reactor:joining thread
[21.703s] INFO:colcon.colcon_core.plugin_system:Skipping extension 'colcon_notification.desktop_notification.terminal_notifier': Not used on non-Darwin systems
[21.703s] INFO:colcon.colcon_core.plugin_system:Skipping extension 'colcon_notification.desktop_notification.win32': Not used on non-Windows systems
[21.704s] INFO:colcon.colcon_notification.desktop_notification:Sending desktop notification using 'notify2'
[21.739s] DEBUG:colcon.colcon_core.event_reactor:joined thread
[21.741s] INFO:colcon.colcon_core.shell:Creating prefix script '/home/ben/robot_snake/install/local_setup.ps1'
[21.743s] INFO:colcon.colcon_core.shell:Creating prefix util module '/home/ben/robot_snake/install/_local_setup_util_ps1.py'
[21.745s] INFO:colcon.colcon_core.shell:Creating prefix chain script '/home/ben/robot_snake/install/setup.ps1'
[21.750s] INFO:colcon.colcon_core.shell:Creating prefix script '/home/ben/robot_snake/install/local_setup.sh'
[21.760s] INFO:colcon.colcon_core.shell:Creating prefix util module '/home/ben/robot_snake/install/_local_setup_util_sh.py'
[21.772s] INFO:colcon.colcon_core.shell:Creating prefix chain script '/home/ben/robot_snake/install/setup.sh'
[21.785s] INFO:colcon.colcon_core.shell:Creating prefix script '/home/ben/robot_snake/install/local_setup.bash'
[21.788s] INFO:colcon.colcon_core.shell:Creating prefix chain script '/home/ben/robot_snake/install/setup.bash'
[21.822s] INFO:colcon.colcon_core.shell:Creating prefix script '/home/ben/robot_snake/install/local_setup.zsh'
[21.828s] INFO:colcon.colcon_core.shell:Creating prefix chain script '/home/ben/robot_snake/install/setup.zsh'
