[0.534s] DEBUG:colcon:Command line arguments: ['/usr/bin/colcon', 'build']
[0.534s] DEBUG:colcon:Parsed command line arguments: Namespace(log_base=None, log_level=None, verb_name='build', build_base='build', install_base='install', merge_install=False, symlink_install=False, test_result_base=None, continue_on_error=False, executor='parallel', parallel_workers=3, event_handlers=None, ignore_user_meta=False, metas=['./colcon.meta'], base_paths=['.'], packages_ignore=None, packages_ignore_regex=None, paths=None, packages_up_to=None, packages_up_to_regex=None, packages_above=None, packages_above_and_dependencies=None, packages_above_depth=None, packages_select_by_dep=None, packages_skip_by_dep=None, packages_skip_up_to=None, packages_select_build_failed=False, packages_skip_build_finished=False, packages_select_test_failures=False, packages_skip_test_passed=False, packages_select=None, packages_skip=None, packages_select_regex=None, packages_skip_regex=None, packages_start=None, packages_end=None, allow_overriding=[], cmake_args=None, cmake_target=None, cmake_target_skip_unavailable=False, cmake_clean_cache=False, cmake_clean_first=False, cmake_force_configure=False, ament_cmake_args=None, catkin_cmake_args=None, catkin_skip_building_tests=False, verb_parser=<colcon_defaults.argument_parser.defaults.DefaultArgumentsDecorator object at 0x7fd93e0e2a70>, verb_extension=<colcon_core.verb.build.BuildVerb object at 0x7fd93ea6ab90>, main=<bound method BuildVerb.main of <colcon_core.verb.build.BuildVerb object at 0x7fd93ea6ab90>>)
[0.576s] Level 1:colcon.colcon_core.package_discovery:discover_packages(colcon_meta) check parameters
[0.576s] Level 1:colcon.colcon_core.package_discovery:discover_packages(recursive) check parameters
[0.576s] Level 1:colcon.colcon_core.package_discovery:discover_packages(ignore) check parameters
[0.576s] Level 1:colcon.colcon_core.package_discovery:discover_packages(path) check parameters
[0.576s] Level 1:colcon.colcon_core.package_discovery:discover_packages(colcon_meta) discover
[0.576s] Level 1:colcon.colcon_core.package_discovery:discover_packages(recursive) discover
[0.576s] INFO:colcon.colcon_core.package_discovery:Crawling recursively for packages in '/home/ben/robot_snake'
[0.576s] Level 1:colcon.colcon_core.package_identification:_identify(.) by extensions ['ignore', 'ignore_ament_install']
[0.576s] Level 1:colcon.colcon_core.package_identification:_identify(.) by extension 'ignore'
[0.577s] Level 1:colcon.colcon_core.package_identification:_identify(.) by extension 'ignore_ament_install'
[0.577s] Level 1:colcon.colcon_core.package_identification:_identify(.) by extensions ['colcon_pkg']
[0.577s] Level 1:colcon.colcon_core.package_identification:_identify(.) by extension 'colcon_pkg'
[0.577s] Level 1:colcon.colcon_core.package_identification:_identify(.) by extensions ['colcon_meta']
[0.577s] Level 1:colcon.colcon_core.package_identification:_identify(.) by extension 'colcon_meta'
[0.577s] Level 1:colcon.colcon_core.package_identification:_identify(.) by extensions ['ros']
[0.577s] Level 1:colcon.colcon_core.package_identification:_identify(.) by extension 'ros'
[0.598s] Level 1:colcon.colcon_core.package_identification:_identify(.) by extensions ['cmake', 'python']
[0.598s] Level 1:colcon.colcon_core.package_identification:_identify(.) by extension 'cmake'
[0.598s] Level 1:colcon.colcon_core.package_identification:_identify(.) by extension 'python'
[0.599s] Level 1:colcon.colcon_core.package_identification:_identify(.) by extensions ['python_setup_py']
[0.599s] Level 1:colcon.colcon_core.package_identification:_identify(.) by extension 'python_setup_py'
[0.599s] Level 1:colcon.colcon_core.package_identification:_identify(bag_files) by extensions ['ignore', 'ignore_ament_install']
[0.599s] Level 1:colcon.colcon_core.package_identification:_identify(bag_files) by extension 'ignore'
[0.599s] Level 1:colcon.colcon_core.package_identification:_identify(bag_files) by extension 'ignore_ament_install'
[0.599s] Level 1:colcon.colcon_core.package_identification:_identify(bag_files) by extensions ['colcon_pkg']
[0.599s] Level 1:colcon.colcon_core.package_identification:_identify(bag_files) by extension 'colcon_pkg'
[0.599s] Level 1:colcon.colcon_core.package_identification:_identify(bag_files) by extensions ['colcon_meta']
[0.600s] Level 1:colcon.colcon_core.package_identification:_identify(bag_files) by extension 'colcon_meta'
[0.600s] Level 1:colcon.colcon_core.package_identification:_identify(bag_files) by extensions ['ros']
[0.600s] Level 1:colcon.colcon_core.package_identification:_identify(bag_files) by extension 'ros'
[0.600s] Level 1:colcon.colcon_core.package_identification:_identify(bag_files) by extensions ['cmake', 'python']
[0.600s] Level 1:colcon.colcon_core.package_identification:_identify(bag_files) by extension 'cmake'
[0.600s] Level 1:colcon.colcon_core.package_identification:_identify(bag_files) by extension 'python'
[0.600s] Level 1:colcon.colcon_core.package_identification:_identify(bag_files) by extensions ['python_setup_py']
[0.600s] Level 1:colcon.colcon_core.package_identification:_identify(bag_files) by extension 'python_setup_py'
[0.600s] Level 1:colcon.colcon_core.package_identification:_identify(bag_files/15_12_2022 11:36:15) by extensions ['ignore', 'ignore_ament_install']
[0.600s] Level 1:colcon.colcon_core.package_identification:_identify(bag_files/15_12_2022 11:36:15) by extension 'ignore'
[0.601s] Level 1:colcon.colcon_core.package_identification:_identify(bag_files/15_12_2022 11:36:15) by extension 'ignore_ament_install'
[0.601s] Level 1:colcon.colcon_core.package_identification:_identify(bag_files/15_12_2022 11:36:15) by extensions ['colcon_pkg']
[0.601s] Level 1:colcon.colcon_core.package_identification:_identify(bag_files/15_12_2022 11:36:15) by extension 'colcon_pkg'
[0.601s] Level 1:colcon.colcon_core.package_identification:_identify(bag_files/15_12_2022 11:36:15) by extensions ['colcon_meta']
[0.601s] Level 1:colcon.colcon_core.package_identification:_identify(bag_files/15_12_2022 11:36:15) by extension 'colcon_meta'
[0.601s] Level 1:colcon.colcon_core.package_identification:_identify(bag_files/15_12_2022 11:36:15) by extensions ['ros']
[0.601s] Level 1:colcon.colcon_core.package_identification:_identify(bag_files/15_12_2022 11:36:15) by extension 'ros'
[0.601s] Level 1:colcon.colcon_core.package_identification:_identify(bag_files/15_12_2022 11:36:15) by extensions ['cmake', 'python']
[0.602s] Level 1:colcon.colcon_core.package_identification:_identify(bag_files/15_12_2022 11:36:15) by extension 'cmake'
[0.602s] Level 1:colcon.colcon_core.package_identification:_identify(bag_files/15_12_2022 11:36:15) by extension 'python'
[0.602s] Level 1:colcon.colcon_core.package_identification:_identify(bag_files/15_12_2022 11:36:15) by extensions ['python_setup_py']
[0.602s] Level 1:colcon.colcon_core.package_identification:_identify(bag_files/15_12_2022 11:36:15) by extension 'python_setup_py'
[0.602s] Level 1:colcon.colcon_core.package_identification:_identify(bag_files/15_12_2022 14:04:54) by extensions ['ignore', 'ignore_ament_install']
[0.602s] Level 1:colcon.colcon_core.package_identification:_identify(bag_files/15_12_2022 14:04:54) by extension 'ignore'
[0.602s] Level 1:colcon.colcon_core.package_identification:_identify(bag_files/15_12_2022 14:04:54) by extension 'ignore_ament_install'
[0.602s] Level 1:colcon.colcon_core.package_identification:_identify(bag_files/15_12_2022 14:04:54) by extensions ['colcon_pkg']
[0.602s] Level 1:colcon.colcon_core.package_identification:_identify(bag_files/15_12_2022 14:04:54) by extension 'colcon_pkg'
[0.602s] Level 1:colcon.colcon_core.package_identification:_identify(bag_files/15_12_2022 14:04:54) by extensions ['colcon_meta']
[0.603s] Level 1:colcon.colcon_core.package_identification:_identify(bag_files/15_12_2022 14:04:54) by extension 'colcon_meta'
[0.603s] Level 1:colcon.colcon_core.package_identification:_identify(bag_files/15_12_2022 14:04:54) by extensions ['ros']
[0.603s] Level 1:colcon.colcon_core.package_identification:_identify(bag_files/15_12_2022 14:04:54) by extension 'ros'
[0.603s] Level 1:colcon.colcon_core.package_identification:_identify(bag_files/15_12_2022 14:04:54) by extensions ['cmake', 'python']
[0.603s] Level 1:colcon.colcon_core.package_identification:_identify(bag_files/15_12_2022 14:04:54) by extension 'cmake'
[0.603s] Level 1:colcon.colcon_core.package_identification:_identify(bag_files/15_12_2022 14:04:54) by extension 'python'
[0.603s] Level 1:colcon.colcon_core.package_identification:_identify(bag_files/15_12_2022 14:04:54) by extensions ['python_setup_py']
[0.603s] Level 1:colcon.colcon_core.package_identification:_identify(bag_files/15_12_2022 14:04:54) by extension 'python_setup_py'
[0.603s] Level 1:colcon.colcon_core.package_identification:_identify(bag_files/15_12_2022 14:06:45) by extensions ['ignore', 'ignore_ament_install']
[0.603s] Level 1:colcon.colcon_core.package_identification:_identify(bag_files/15_12_2022 14:06:45) by extension 'ignore'
[0.603s] Level 1:colcon.colcon_core.package_identification:_identify(bag_files/15_12_2022 14:06:45) by extension 'ignore_ament_install'
[0.604s] Level 1:colcon.colcon_core.package_identification:_identify(bag_files/15_12_2022 14:06:45) by extensions ['colcon_pkg']
[0.604s] Level 1:colcon.colcon_core.package_identification:_identify(bag_files/15_12_2022 14:06:45) by extension 'colcon_pkg'
[0.604s] Level 1:colcon.colcon_core.package_identification:_identify(bag_files/15_12_2022 14:06:45) by extensions ['colcon_meta']
[0.604s] Level 1:colcon.colcon_core.package_identification:_identify(bag_files/15_12_2022 14:06:45) by extension 'colcon_meta'
[0.604s] Level 1:colcon.colcon_core.package_identification:_identify(bag_files/15_12_2022 14:06:45) by extensions ['ros']
[0.604s] Level 1:colcon.colcon_core.package_identification:_identify(bag_files/15_12_2022 14:06:45) by extension 'ros'
[0.604s] Level 1:colcon.colcon_core.package_identification:_identify(bag_files/15_12_2022 14:06:45) by extensions ['cmake', 'python']
[0.604s] Level 1:colcon.colcon_core.package_identification:_identify(bag_files/15_12_2022 14:06:45) by extension 'cmake'
[0.604s] Level 1:colcon.colcon_core.package_identification:_identify(bag_files/15_12_2022 14:06:45) by extension 'python'
[0.604s] Level 1:colcon.colcon_core.package_identification:_identify(bag_files/15_12_2022 14:06:45) by extensions ['python_setup_py']
[0.604s] Level 1:colcon.colcon_core.package_identification:_identify(bag_files/15_12_2022 14:06:45) by extension 'python_setup_py'
[0.605s] Level 1:colcon.colcon_core.package_identification:_identify(bag_files/15_12_2022 14:07:45) by extensions ['ignore', 'ignore_ament_install']
[0.605s] Level 1:colcon.colcon_core.package_identification:_identify(bag_files/15_12_2022 14:07:45) by extension 'ignore'
[0.605s] Level 1:colcon.colcon_core.package_identification:_identify(bag_files/15_12_2022 14:07:45) by extension 'ignore_ament_install'
[0.605s] Level 1:colcon.colcon_core.package_identification:_identify(bag_files/15_12_2022 14:07:45) by extensions ['colcon_pkg']
[0.605s] Level 1:colcon.colcon_core.package_identification:_identify(bag_files/15_12_2022 14:07:45) by extension 'colcon_pkg'
[0.605s] Level 1:colcon.colcon_core.package_identification:_identify(bag_files/15_12_2022 14:07:45) by extensions ['colcon_meta']
[0.605s] Level 1:colcon.colcon_core.package_identification:_identify(bag_files/15_12_2022 14:07:45) by extension 'colcon_meta'
[0.605s] Level 1:colcon.colcon_core.package_identification:_identify(bag_files/15_12_2022 14:07:45) by extensions ['ros']
[0.605s] Level 1:colcon.colcon_core.package_identification:_identify(bag_files/15_12_2022 14:07:45) by extension 'ros'
[0.605s] Level 1:colcon.colcon_core.package_identification:_identify(bag_files/15_12_2022 14:07:45) by extensions ['cmake', 'python']
[0.605s] Level 1:colcon.colcon_core.package_identification:_identify(bag_files/15_12_2022 14:07:45) by extension 'cmake'
[0.605s] Level 1:colcon.colcon_core.package_identification:_identify(bag_files/15_12_2022 14:07:45) by extension 'python'
[0.606s] Level 1:colcon.colcon_core.package_identification:_identify(bag_files/15_12_2022 14:07:45) by extensions ['python_setup_py']
[0.606s] Level 1:colcon.colcon_core.package_identification:_identify(bag_files/15_12_2022 14:07:45) by extension 'python_setup_py'
[0.606s] Level 1:colcon.colcon_core.package_identification:_identify(bag_files/15_12_2022 14:12:24) by extensions ['ignore', 'ignore_ament_install']
[0.606s] Level 1:colcon.colcon_core.package_identification:_identify(bag_files/15_12_2022 14:12:24) by extension 'ignore'
[0.606s] Level 1:colcon.colcon_core.package_identification:_identify(bag_files/15_12_2022 14:12:24) by extension 'ignore_ament_install'
[0.606s] Level 1:colcon.colcon_core.package_identification:_identify(bag_files/15_12_2022 14:12:24) by extensions ['colcon_pkg']
[0.606s] Level 1:colcon.colcon_core.package_identification:_identify(bag_files/15_12_2022 14:12:24) by extension 'colcon_pkg'
[0.606s] Level 1:colcon.colcon_core.package_identification:_identify(bag_files/15_12_2022 14:12:24) by extensions ['colcon_meta']
[0.606s] Level 1:colcon.colcon_core.package_identification:_identify(bag_files/15_12_2022 14:12:24) by extension 'colcon_meta'
[0.606s] Level 1:colcon.colcon_core.package_identification:_identify(bag_files/15_12_2022 14:12:24) by extensions ['ros']
[0.606s] Level 1:colcon.colcon_core.package_identification:_identify(bag_files/15_12_2022 14:12:24) by extension 'ros'
[0.607s] Level 1:colcon.colcon_core.package_identification:_identify(bag_files/15_12_2022 14:12:24) by extensions ['cmake', 'python']
[0.607s] Level 1:colcon.colcon_core.package_identification:_identify(bag_files/15_12_2022 14:12:24) by extension 'cmake'
[0.607s] Level 1:colcon.colcon_core.package_identification:_identify(bag_files/15_12_2022 14:12:24) by extension 'python'
[0.607s] Level 1:colcon.colcon_core.package_identification:_identify(bag_files/15_12_2022 14:12:24) by extensions ['python_setup_py']
[0.607s] Level 1:colcon.colcon_core.package_identification:_identify(bag_files/15_12_2022 14:12:24) by extension 'python_setup_py'
[0.607s] Level 1:colcon.colcon_core.package_identification:_identify(bag_files/15_12_2022 14:13:14) by extensions ['ignore', 'ignore_ament_install']
[0.607s] Level 1:colcon.colcon_core.package_identification:_identify(bag_files/15_12_2022 14:13:14) by extension 'ignore'
[0.607s] Level 1:colcon.colcon_core.package_identification:_identify(bag_files/15_12_2022 14:13:14) by extension 'ignore_ament_install'
[0.607s] Level 1:colcon.colcon_core.package_identification:_identify(bag_files/15_12_2022 14:13:14) by extensions ['colcon_pkg']
[0.607s] Level 1:colcon.colcon_core.package_identification:_identify(bag_files/15_12_2022 14:13:14) by extension 'colcon_pkg'
[0.608s] Level 1:colcon.colcon_core.package_identification:_identify(bag_files/15_12_2022 14:13:14) by extensions ['colcon_meta']
[0.608s] Level 1:colcon.colcon_core.package_identification:_identify(bag_files/15_12_2022 14:13:14) by extension 'colcon_meta'
[0.608s] Level 1:colcon.colcon_core.package_identification:_identify(bag_files/15_12_2022 14:13:14) by extensions ['ros']
[0.608s] Level 1:colcon.colcon_core.package_identification:_identify(bag_files/15_12_2022 14:13:14) by extension 'ros'
[0.608s] Level 1:colcon.colcon_core.package_identification:_identify(bag_files/15_12_2022 14:13:14) by extensions ['cmake', 'python']
[0.608s] Level 1:colcon.colcon_core.package_identification:_identify(bag_files/15_12_2022 14:13:14) by extension 'cmake'
[0.608s] Level 1:colcon.colcon_core.package_identification:_identify(bag_files/15_12_2022 14:13:14) by extension 'python'
[0.608s] Level 1:colcon.colcon_core.package_identification:_identify(bag_files/15_12_2022 14:13:14) by extensions ['python_setup_py']
[0.608s] Level 1:colcon.colcon_core.package_identification:_identify(bag_files/15_12_2022 14:13:14) by extension 'python_setup_py'
[0.608s] Level 1:colcon.colcon_core.package_identification:_identify(bag_files/15_12_2022 14:14:03) by extensions ['ignore', 'ignore_ament_install']
[0.608s] Level 1:colcon.colcon_core.package_identification:_identify(bag_files/15_12_2022 14:14:03) by extension 'ignore'
[0.609s] Level 1:colcon.colcon_core.package_identification:_identify(bag_files/15_12_2022 14:14:03) by extension 'ignore_ament_install'
[0.609s] Level 1:colcon.colcon_core.package_identification:_identify(bag_files/15_12_2022 14:14:03) by extensions ['colcon_pkg']
[0.609s] Level 1:colcon.colcon_core.package_identification:_identify(bag_files/15_12_2022 14:14:03) by extension 'colcon_pkg'
[0.609s] Level 1:colcon.colcon_core.package_identification:_identify(bag_files/15_12_2022 14:14:03) by extensions ['colcon_meta']
[0.609s] Level 1:colcon.colcon_core.package_identification:_identify(bag_files/15_12_2022 14:14:03) by extension 'colcon_meta'
[0.609s] Level 1:colcon.colcon_core.package_identification:_identify(bag_files/15_12_2022 14:14:03) by extensions ['ros']
[0.609s] Level 1:colcon.colcon_core.package_identification:_identify(bag_files/15_12_2022 14:14:03) by extension 'ros'
[0.609s] Level 1:colcon.colcon_core.package_identification:_identify(bag_files/15_12_2022 14:14:03) by extensions ['cmake', 'python']
[0.609s] Level 1:colcon.colcon_core.package_identification:_identify(bag_files/15_12_2022 14:14:03) by extension 'cmake'
[0.609s] Level 1:colcon.colcon_core.package_identification:_identify(bag_files/15_12_2022 14:14:03) by extension 'python'
[0.609s] Level 1:colcon.colcon_core.package_identification:_identify(bag_files/15_12_2022 14:14:03) by extensions ['python_setup_py']
[0.609s] Level 1:colcon.colcon_core.package_identification:_identify(bag_files/15_12_2022 14:14:03) by extension 'python_setup_py'
[0.610s] Level 1:colcon.colcon_core.package_identification:_identify(bag_files/15_12_2022 14:18:20) by extensions ['ignore', 'ignore_ament_install']
[0.610s] Level 1:colcon.colcon_core.package_identification:_identify(bag_files/15_12_2022 14:18:20) by extension 'ignore'
[0.610s] Level 1:colcon.colcon_core.package_identification:_identify(bag_files/15_12_2022 14:18:20) by extension 'ignore_ament_install'
[0.610s] Level 1:colcon.colcon_core.package_identification:_identify(bag_files/15_12_2022 14:18:20) by extensions ['colcon_pkg']
[0.610s] Level 1:colcon.colcon_core.package_identification:_identify(bag_files/15_12_2022 14:18:20) by extension 'colcon_pkg'
[0.610s] Level 1:colcon.colcon_core.package_identification:_identify(bag_files/15_12_2022 14:18:20) by extensions ['colcon_meta']
[0.610s] Level 1:colcon.colcon_core.package_identification:_identify(bag_files/15_12_2022 14:18:20) by extension 'colcon_meta'
[0.610s] Level 1:colcon.colcon_core.package_identification:_identify(bag_files/15_12_2022 14:18:20) by extensions ['ros']
[0.610s] Level 1:colcon.colcon_core.package_identification:_identify(bag_files/15_12_2022 14:18:20) by extension 'ros'
[0.610s] Level 1:colcon.colcon_core.package_identification:_identify(bag_files/15_12_2022 14:18:20) by extensions ['cmake', 'python']
[0.610s] Level 1:colcon.colcon_core.package_identification:_identify(bag_files/15_12_2022 14:18:20) by extension 'cmake'
[0.610s] Level 1:colcon.colcon_core.package_identification:_identify(bag_files/15_12_2022 14:18:20) by extension 'python'
[0.611s] Level 1:colcon.colcon_core.package_identification:_identify(bag_files/15_12_2022 14:18:20) by extensions ['python_setup_py']
[0.611s] Level 1:colcon.colcon_core.package_identification:_identify(bag_files/15_12_2022 14:18:20) by extension 'python_setup_py'
[0.611s] Level 1:colcon.colcon_core.package_identification:_identify(build) by extensions ['ignore', 'ignore_ament_install']
[0.611s] Level 1:colcon.colcon_core.package_identification:_identify(build) by extension 'ignore'
[0.611s] Level 1:colcon.colcon_core.package_identification:_identify(build) ignored
[0.611s] Level 1:colcon.colcon_core.package_identification:_identify(install) by extensions ['ignore', 'ignore_ament_install']
[0.611s] Level 1:colcon.colcon_core.package_identification:_identify(install) by extension 'ignore'
[0.611s] Level 1:colcon.colcon_core.package_identification:_identify(install) ignored
[0.612s] Level 1:colcon.colcon_core.package_identification:_identify(log) by extensions ['ignore', 'ignore_ament_install']
[0.612s] Level 1:colcon.colcon_core.package_identification:_identify(log) by extension 'ignore'
[0.612s] Level 1:colcon.colcon_core.package_identification:_identify(log) ignored
[0.612s] Level 1:colcon.colcon_core.package_identification:_identify(src) by extensions ['ignore', 'ignore_ament_install']
[0.612s] Level 1:colcon.colcon_core.package_identification:_identify(src) by extension 'ignore'
[0.612s] Level 1:colcon.colcon_core.package_identification:_identify(src) by extension 'ignore_ament_install'
[0.612s] Level 1:colcon.colcon_core.package_identification:_identify(src) by extensions ['colcon_pkg']
[0.612s] Level 1:colcon.colcon_core.package_identification:_identify(src) by extension 'colcon_pkg'
[0.612s] Level 1:colcon.colcon_core.package_identification:_identify(src) by extensions ['colcon_meta']
[0.613s] Level 1:colcon.colcon_core.package_identification:_identify(src) by extension 'colcon_meta'
[0.613s] Level 1:colcon.colcon_core.package_identification:_identify(src) by extensions ['ros']
[0.613s] Level 1:colcon.colcon_core.package_identification:_identify(src) by extension 'ros'
[0.613s] Level 1:colcon.colcon_core.package_identification:_identify(src) by extensions ['cmake', 'python']
[0.613s] Level 1:colcon.colcon_core.package_identification:_identify(src) by extension 'cmake'
[0.613s] Level 1:colcon.colcon_core.package_identification:_identify(src) by extension 'python'
[0.613s] Level 1:colcon.colcon_core.package_identification:_identify(src) by extensions ['python_setup_py']
[0.613s] Level 1:colcon.colcon_core.package_identification:_identify(src) by extension 'python_setup_py'
[0.613s] Level 1:colcon.colcon_core.package_identification:_identify(src/build) by extensions ['ignore', 'ignore_ament_install']
[0.613s] Level 1:colcon.colcon_core.package_identification:_identify(src/build) by extension 'ignore'
[0.613s] Level 1:colcon.colcon_core.package_identification:_identify(src/build) ignored
[0.614s] Level 1:colcon.colcon_core.package_identification:_identify(src/install) by extensions ['ignore', 'ignore_ament_install']
[0.614s] Level 1:colcon.colcon_core.package_identification:_identify(src/install) by extension 'ignore'
[0.614s] Level 1:colcon.colcon_core.package_identification:_identify(src/install) ignored
[0.614s] Level 1:colcon.colcon_core.package_identification:_identify(src/log) by extensions ['ignore', 'ignore_ament_install']
[0.614s] Level 1:colcon.colcon_core.package_identification:_identify(src/log) by extension 'ignore'
[0.614s] Level 1:colcon.colcon_core.package_identification:_identify(src/log) ignored
[0.614s] Level 1:colcon.colcon_core.package_identification:_identify(src/package1) by extensions ['ignore', 'ignore_ament_install']
[0.614s] Level 1:colcon.colcon_core.package_identification:_identify(src/package1) by extension 'ignore'
[0.614s] Level 1:colcon.colcon_core.package_identification:_identify(src/package1) by extension 'ignore_ament_install'
[0.614s] Level 1:colcon.colcon_core.package_identification:_identify(src/package1) by extensions ['colcon_pkg']
[0.615s] Level 1:colcon.colcon_core.package_identification:_identify(src/package1) by extension 'colcon_pkg'
[0.615s] Level 1:colcon.colcon_core.package_identification:_identify(src/package1) by extensions ['colcon_meta']
[0.615s] Level 1:colcon.colcon_core.package_identification:_identify(src/package1) by extension 'colcon_meta'
[0.615s] Level 1:colcon.colcon_core.package_identification:_identify(src/package1) by extensions ['ros']
[0.615s] Level 1:colcon.colcon_core.package_identification:_identify(src/package1) by extension 'ros'
[0.618s] DEBUG:colcon.colcon_core.package_identification:Package 'src/package1' with type 'ros.ament_cmake' and name 'package1'
[0.619s] Level 1:colcon.colcon_core.package_discovery:discover_packages(recursive) using defaults
[0.619s] Level 1:colcon.colcon_core.package_discovery:discover_packages(ignore) discover
[0.619s] Level 1:colcon.colcon_core.package_discovery:discover_packages(ignore) using defaults
[0.619s] Level 1:colcon.colcon_core.package_discovery:discover_packages(path) discover
[0.619s] Level 1:colcon.colcon_core.package_discovery:discover_packages(path) using defaults
[0.660s] Level 1:colcon.colcon_core.package_discovery:discover_packages(prefix_path) check parameters
[0.660s] Level 1:colcon.colcon_core.package_discovery:discover_packages(prefix_path) discover
[0.667s] DEBUG:colcon.colcon_installed_package_information.package_discovery:Found 2 installed packages in /home/ben/robot_snake/install
[0.669s] DEBUG:colcon.colcon_installed_package_information.package_discovery:Found 39 installed packages in /home/ben/microros_ws/install
[0.671s] DEBUG:colcon.colcon_installed_package_information.package_discovery:Found 14 installed packages in /home/ben/ros2_ws/install
[0.673s] DEBUG:colcon.colcon_installed_package_information.package_discovery:Found 284 installed packages in /opt/ros/humble
[0.676s] Level 1:colcon.colcon_core.package_discovery:discover_packages(prefix_path) using defaults
[0.812s] Level 5:colcon.colcon_core.verb:set package 'package1' build argument 'cmake_args' from command line to 'None'
[0.812s] Level 5:colcon.colcon_core.verb:set package 'package1' build argument 'cmake_target' from command line to 'None'
[0.812s] Level 5:colcon.colcon_core.verb:set package 'package1' build argument 'cmake_target_skip_unavailable' from command line to 'False'
[0.812s] Level 5:colcon.colcon_core.verb:set package 'package1' build argument 'cmake_clean_cache' from command line to 'False'
[0.812s] Level 5:colcon.colcon_core.verb:set package 'package1' build argument 'cmake_clean_first' from command line to 'False'
[0.812s] Level 5:colcon.colcon_core.verb:set package 'package1' build argument 'cmake_force_configure' from command line to 'False'
[0.812s] Level 5:colcon.colcon_core.verb:set package 'package1' build argument 'ament_cmake_args' from command line to 'None'
[0.812s] Level 5:colcon.colcon_core.verb:set package 'package1' build argument 'catkin_cmake_args' from command line to 'None'
[0.812s] Level 5:colcon.colcon_core.verb:set package 'package1' build argument 'catkin_skip_building_tests' from command line to 'False'
[0.812s] DEBUG:colcon.colcon_core.verb:Building package 'package1' with the following arguments: {'ament_cmake_args': None, 'build_base': '/home/ben/robot_snake/build/package1', 'catkin_cmake_args': None, 'catkin_skip_building_tests': False, 'cmake_args': None, 'cmake_clean_cache': False, 'cmake_clean_first': False, 'cmake_force_configure': False, 'cmake_target': None, 'cmake_target_skip_unavailable': False, 'install_base': '/home/ben/robot_snake/install/package1', 'merge_install': False, 'path': '/home/ben/robot_snake/src/package1', 'symlink_install': False, 'test_result_base': None}
[0.813s] INFO:colcon.colcon_core.executor:Executing jobs using 'parallel' executor
[0.817s] DEBUG:colcon.colcon_parallel_executor.executor.parallel:run_until_complete
[0.817s] INFO:colcon.colcon_ros.task.ament_cmake.build:Building ROS package in '/home/ben/robot_snake/src/package1' with build type 'ament_cmake'
[0.817s] INFO:colcon.colcon_cmake.task.cmake.build:Building CMake package in '/home/ben/robot_snake/src/package1'
[0.825s] INFO:colcon.colcon_core.plugin_system:Skipping extension 'colcon_core.shell.bat': Not used on non-Windows systems
[0.825s] INFO:colcon.colcon_core.shell:Skip shell extension 'powershell' for command environment: Not usable outside of PowerShell
[0.825s] DEBUG:colcon.colcon_core.shell:Skip shell extension 'dsv' for command environment
[0.853s] DEBUG:colcon.colcon_core.event_handler.log_command:Invoking command in '/home/ben/robot_snake/build/package1': CMAKE_PREFIX_PATH=${CMAKE_PREFIX_PATH}:/home/ben/ros2_ws/install/rqt_gui_py:/home/ben/ros2_ws/install/rqt_gui:/home/ben/microros_ws/install/sensor_msgs_py:/opt/ros/humble /usr/bin/cmake --build /home/ben/robot_snake/build/package1 -- -j3 -l3
[9.201s] DEBUG:colcon.colcon_core.event_handler.log_command:Invoked command in '/home/ben/robot_snake/build/package1' returned '2': CMAKE_PREFIX_PATH=${CMAKE_PREFIX_PATH}:/home/ben/ros2_ws/install/rqt_gui_py:/home/ben/ros2_ws/install/rqt_gui:/home/ben/microros_ws/install/sensor_msgs_py:/opt/ros/humble /usr/bin/cmake --build /home/ben/robot_snake/build/package1 -- -j3 -l3
[9.294s] Level 1:colcon.colcon_core.environment:create_environment_scripts_only(package1)
[9.305s] Level 1:colcon.colcon_core.environment:checking '/home/ben/robot_snake/install/package1' for CMake module files
[9.307s] Level 1:colcon.colcon_core.environment:checking '/home/ben/robot_snake/install/package1' for CMake config files
[9.308s] Level 1:colcon.colcon_core.shell:create_environment_hook('package1', 'cmake_prefix_path')
[9.309s] INFO:colcon.colcon_core.shell:Creating environment hook '/home/ben/robot_snake/install/package1/share/package1/hook/cmake_prefix_path.ps1'
[9.310s] INFO:colcon.colcon_core.shell:Creating environment descriptor '/home/ben/robot_snake/install/package1/share/package1/hook/cmake_prefix_path.dsv'
[9.311s] INFO:colcon.colcon_core.shell:Creating environment hook '/home/ben/robot_snake/install/package1/share/package1/hook/cmake_prefix_path.sh'
[9.312s] Level 1:colcon.colcon_core.environment:checking '/home/ben/robot_snake/install/package1/lib'
[9.312s] Level 1:colcon.colcon_core.environment:checking '/home/ben/robot_snake/install/package1/bin'
[9.312s] Level 1:colcon.colcon_core.environment:checking '/home/ben/robot_snake/install/package1/lib/pkgconfig/package1.pc'
[9.313s] Level 1:colcon.colcon_core.environment:checking '/home/ben/robot_snake/install/package1/lib/python3.10/site-packages'
[9.313s] Level 1:colcon.colcon_core.environment:checking '/home/ben/robot_snake/install/package1/bin'
[9.314s] INFO:colcon.colcon_core.shell:Creating package script '/home/ben/robot_snake/install/package1/share/package1/package.ps1'
[9.316s] INFO:colcon.colcon_core.shell:Creating package descriptor '/home/ben/robot_snake/install/package1/share/package1/package.dsv'
[9.317s] INFO:colcon.colcon_core.shell:Creating package script '/home/ben/robot_snake/install/package1/share/package1/package.sh'
[9.318s] INFO:colcon.colcon_core.shell:Creating package script '/home/ben/robot_snake/install/package1/share/package1/package.bash'
[9.319s] INFO:colcon.colcon_core.shell:Creating package script '/home/ben/robot_snake/install/package1/share/package1/package.zsh'
[9.322s] Level 1:colcon.colcon_core.environment:create_file_with_runtime_dependencies(/home/ben/robot_snake/install/package1/share/colcon-core/packages/package1)
[9.333s] DEBUG:colcon.colcon_parallel_executor.executor.parallel:closing loop
[9.333s] DEBUG:colcon.colcon_parallel_executor.executor.parallel:loop closed
[9.334s] DEBUG:colcon.colcon_parallel_executor.executor.parallel:run_until_complete finished with '2'
[9.334s] DEBUG:colcon.colcon_core.event_reactor:joining thread
[9.353s] INFO:colcon.colcon_core.plugin_system:Skipping extension 'colcon_notification.desktop_notification.terminal_notifier': Not used on non-Darwin systems
[9.353s] INFO:colcon.colcon_core.plugin_system:Skipping extension 'colcon_notification.desktop_notification.win32': Not used on non-Windows systems
[9.353s] INFO:colcon.colcon_notification.desktop_notification:Sending desktop notification using 'notify2'
[9.370s] DEBUG:colcon.colcon_core.event_reactor:joined thread
[9.372s] INFO:colcon.colcon_core.shell:Creating prefix script '/home/ben/robot_snake/install/local_setup.ps1'
[9.373s] INFO:colcon.colcon_core.shell:Creating prefix util module '/home/ben/robot_snake/install/_local_setup_util_ps1.py'
[9.374s] INFO:colcon.colcon_core.shell:Creating prefix chain script '/home/ben/robot_snake/install/setup.ps1'
[9.381s] INFO:colcon.colcon_core.shell:Creating prefix script '/home/ben/robot_snake/install/local_setup.sh'
[9.383s] INFO:colcon.colcon_core.shell:Creating prefix util module '/home/ben/robot_snake/install/_local_setup_util_sh.py'
[9.384s] INFO:colcon.colcon_core.shell:Creating prefix chain script '/home/ben/robot_snake/install/setup.sh'
[9.388s] INFO:colcon.colcon_core.shell:Creating prefix script '/home/ben/robot_snake/install/local_setup.bash'
[9.389s] INFO:colcon.colcon_core.shell:Creating prefix chain script '/home/ben/robot_snake/install/setup.bash'
[9.392s] INFO:colcon.colcon_core.shell:Creating prefix script '/home/ben/robot_snake/install/local_setup.zsh'
[9.393s] INFO:colcon.colcon_core.shell:Creating prefix chain script '/home/ben/robot_snake/install/setup.zsh'
