[0.014s] Invoking command in '/home/ben/robot_snake/src/build/package1': CMAKE_PREFIX_PATH=${CMAKE_PREFIX_PATH}:/opt/ros/humble /usr/bin/cmake /home/ben/robot_snake/src/package1 -DCMAKE_INSTALL_PREFIX=/home/ben/robot_snake/src/install/package1
[0.160s] -- The C compiler identification is GNU 11.3.0
[0.218s] -- The CXX compiler identification is GNU 11.3.0
[0.235s] -- Detecting C compiler ABI info
[0.312s] -- Detecting C compiler ABI info - done
[0.317s] -- Check for working C compiler: /usr/bin/cc - skipped
[0.318s] -- Detecting C compile features
[0.319s] -- Detecting C compile features - done
[0.323s] -- Detecting CXX compiler ABI info
[0.402s] -- Detecting CXX compiler ABI info - done
[0.408s] -- Check for working CXX compiler: /usr/bin/c++ - skipped
[0.408s] -- Detecting CXX compile features
[0.409s] -- Detecting CXX compile features - done
[0.429s] -- Found ament_cmake: 1.3.2 (/opt/ros/humble/share/ament_cmake/cmake)
[0.597s] -- Found Python3: /usr/bin/python3.10 (found version "3.10.6") found components: Interpreter 
[0.718s] -- Found rclcpp: 16.0.1 (/opt/ros/humble/share/rclcpp/cmake)
[0.820s] -- Found rosidl_generator_c: 3.1.3 (/opt/ros/humble/share/rosidl_generator_c/cmake)
[0.829s] -- Found rosidl_adapter: 3.1.3 (/opt/ros/humble/share/rosidl_adapter/cmake)
[0.847s] -- Found rosidl_generator_cpp: 3.1.3 (/opt/ros/humble/share/rosidl_generator_cpp/cmake)
[0.875s] -- Using all available rosidl_typesupport_c: rosidl_typesupport_fastrtps_c;rosidl_typesupport_introspection_c
[0.903s] -- Using all available rosidl_typesupport_cpp: rosidl_typesupport_fastrtps_cpp;rosidl_typesupport_introspection_cpp
[0.991s] -- Found rmw_implementation_cmake: 6.1.0 (/opt/ros/humble/share/rmw_implementation_cmake/cmake)
[0.996s] -- Found rmw_fastrtps_cpp: 6.2.1 (/opt/ros/humble/share/rmw_fastrtps_cpp/cmake)
[1.127s] -- Found OpenSSL: /usr/lib/x86_64-linux-gnu/libcrypto.so (found version "3.0.2")  
[1.156s] -- Found FastRTPS: /opt/ros/humble/include  
[1.199s] -- Using RMW implementation 'rmw_fastrtps_cpp' as default
[1.401s] -- Found ament_lint_auto: 0.12.4 (/opt/ros/humble/share/ament_lint_auto/cmake)
[1.496s] -- Added test 'lint_cmake' to check CMake code style
[1.498s] -- Added test 'xmllint' to check XML markup files
[1.500s] -- Configuring done
[1.505s] -- Generating done
[1.507s] -- Build files have been written to: /home/ben/robot_snake/src/build/package1
[1.516s] Invoked command in '/home/ben/robot_snake/src/build/package1' returned '0': CMAKE_PREFIX_PATH=${CMAKE_PREFIX_PATH}:/opt/ros/humble /usr/bin/cmake /home/ben/robot_snake/src/package1 -DCMAKE_INSTALL_PREFIX=/home/ben/robot_snake/src/install/package1
[1.518s] Invoking command in '/home/ben/robot_snake/src/build/package1': CMAKE_PREFIX_PATH=${CMAKE_PREFIX_PATH}:/opt/ros/humble /usr/bin/cmake --build /home/ben/robot_snake/src/build/package1 -- -j3 -l3
[1.567s] Invoked command in '/home/ben/robot_snake/src/build/package1' returned '0': CMAKE_PREFIX_PATH=${CMAKE_PREFIX_PATH}:/opt/ros/humble /usr/bin/cmake --build /home/ben/robot_snake/src/build/package1 -- -j3 -l3
[1.610s] Invoking command in '/home/ben/robot_snake/src/build/package1': CMAKE_PREFIX_PATH=${CMAKE_PREFIX_PATH}:/opt/ros/humble /usr/bin/cmake --install /home/ben/robot_snake/src/build/package1
[1.617s] -- Install configuration: ""
[1.617s] -- Installing: /home/ben/robot_snake/src/install/package1/share/ament_index/resource_index/package_run_dependencies/package1
[1.617s] -- Installing: /home/ben/robot_snake/src/install/package1/share/ament_index/resource_index/parent_prefix_path/package1
[1.617s] -- Installing: /home/ben/robot_snake/src/install/package1/share/package1/environment/ament_prefix_path.sh
[1.618s] -- Installing: /home/ben/robot_snake/src/install/package1/share/package1/environment/ament_prefix_path.dsv
[1.618s] -- Installing: /home/ben/robot_snake/src/install/package1/share/package1/environment/path.sh
[1.618s] -- Installing: /home/ben/robot_snake/src/install/package1/share/package1/environment/path.dsv
[1.618s] -- Installing: /home/ben/robot_snake/src/install/package1/share/package1/local_setup.bash
[1.618s] -- Installing: /home/ben/robot_snake/src/install/package1/share/package1/local_setup.sh
[1.618s] -- Installing: /home/ben/robot_snake/src/install/package1/share/package1/local_setup.zsh
[1.618s] -- Installing: /home/ben/robot_snake/src/install/package1/share/package1/local_setup.dsv
[1.618s] -- Installing: /home/ben/robot_snake/src/install/package1/share/package1/package.dsv
[1.619s] -- Installing: /home/ben/robot_snake/src/install/package1/share/ament_index/resource_index/packages/package1
[1.619s] -- Installing: /home/ben/robot_snake/src/install/package1/share/package1/cmake/package1Config.cmake
[1.619s] -- Installing: /home/ben/robot_snake/src/install/package1/share/package1/cmake/package1Config-version.cmake
[1.619s] -- Installing: /home/ben/robot_snake/src/install/package1/share/package1/package.xml
[1.621s] Invoked command in '/home/ben/robot_snake/src/build/package1' returned '0': CMAKE_PREFIX_PATH=${CMAKE_PREFIX_PATH}:/opt/ros/humble /usr/bin/cmake --install /home/ben/robot_snake/src/build/package1
