[0.074s] Invoking command in '/home/ben/robot_snake/build/package1': CMAKE_PREFIX_PATH=${CMAKE_PREFIX_PATH}:/home/ben/ros2_ws/install/rqt_gui_py:/home/ben/ros2_ws/install/rqt_gui:/home/ben/microros_ws/install/sensor_msgs_py:/opt/ros/humble /usr/bin/cmake /home/ben/robot_snake/src/package1 -DAMENT_CMAKE_SYMLINK_INSTALL=1 -DCMAKE_INSTALL_PREFIX=/home/ben/robot_snake/install/package1
[0.202s] -- Found ament_cmake: 1.3.2 (/opt/ros/humble/share/ament_cmake/cmake)
[0.660s] -- Override CMake install command with custom implementation using symlinks instead of copying resources
[0.716s] -- Found rclcpp: 16.0.1 (/opt/ros/humble/share/rclcpp/cmake)
[0.846s] -- Found rosidl_generator_c: 3.1.3 (/opt/ros/humble/share/rosidl_generator_c/cmake)
[0.856s] -- Found rosidl_adapter: 3.1.3 (/opt/ros/humble/share/rosidl_adapter/cmake)
[0.874s] -- Found rosidl_generator_cpp: 3.1.3 (/opt/ros/humble/share/rosidl_generator_cpp/cmake)
[0.903s] -- Using all available rosidl_typesupport_c: rosidl_typesupport_microxrcedds_c;rosidl_typesupport_fastrtps_c;rosidl_typesupport_introspection_c
[0.982s] -- Using all available rosidl_typesupport_cpp: rosidl_typesupport_microxrcedds_cpp;rosidl_typesupport_fastrtps_cpp;rosidl_typesupport_introspection_cpp
[1.129s] -- Found rmw_implementation_cmake: 6.1.0 (/opt/ros/humble/share/rmw_implementation_cmake/cmake)
[1.143s] -- Found rmw_fastrtps_cpp: 6.2.1 (/opt/ros/humble/share/rmw_fastrtps_cpp/cmake)
[1.510s] -- Using RMW implementation 'rmw_fastrtps_cpp' as default
[2.265s] -- Configuring done
[2.307s] -- Generating done
[2.311s] -- Build files have been written to: /home/ben/robot_snake/build/package1
[2.327s] Invoked command in '/home/ben/robot_snake/build/package1' returned '0': CMAKE_PREFIX_PATH=${CMAKE_PREFIX_PATH}:/home/ben/ros2_ws/install/rqt_gui_py:/home/ben/ros2_ws/install/rqt_gui:/home/ben/microros_ws/install/sensor_msgs_py:/opt/ros/humble /usr/bin/cmake /home/ben/robot_snake/src/package1 -DAMENT_CMAKE_SYMLINK_INSTALL=1 -DCMAKE_INSTALL_PREFIX=/home/ben/robot_snake/install/package1
[2.327s] Invoking command in '/home/ben/robot_snake/build/package1': CMAKE_PREFIX_PATH=${CMAKE_PREFIX_PATH}:/home/ben/ros2_ws/install/rqt_gui_py:/home/ben/ros2_ws/install/rqt_gui:/home/ben/microros_ws/install/sensor_msgs_py:/opt/ros/humble /usr/bin/cmake --build /home/ben/robot_snake/build/package1 -- -j3 -l3
[2.460s] [35m[1mConsolidate compiler generated dependencies of target node1[0m
[2.542s] [ 25%] [32mBuilding CXX object CMakeFiles/node1.dir/src/node1.cpp.o[0m
[18.763s] [ 50%] [32m[1mLinking CXX executable node1[0m
[19.538s] [ 50%] Built target node1
[19.559s] [35m[1mConsolidate compiler generated dependencies of target node2[0m
[19.590s] [100%] Built target node2
[19.614s] Invoked command in '/home/ben/robot_snake/build/package1' returned '0': CMAKE_PREFIX_PATH=${CMAKE_PREFIX_PATH}:/home/ben/ros2_ws/install/rqt_gui_py:/home/ben/ros2_ws/install/rqt_gui:/home/ben/microros_ws/install/sensor_msgs_py:/opt/ros/humble /usr/bin/cmake --build /home/ben/robot_snake/build/package1 -- -j3 -l3
[19.789s] Invoking command in '/home/ben/robot_snake/build/package1': CMAKE_PREFIX_PATH=${CMAKE_PREFIX_PATH}:/home/ben/ros2_ws/install/rqt_gui_py:/home/ben/ros2_ws/install/rqt_gui:/home/ben/microros_ws/install/sensor_msgs_py:/opt/ros/humble /usr/bin/cmake --install /home/ben/robot_snake/build/package1
[19.804s] -- Install configuration: ""
[19.806s] -- Execute custom install script
[19.806s] -- Up-to-date symlink: /home/ben/robot_snake/install/package1/lib/package1/node1
[19.806s] -- Up-to-date symlink: /home/ben/robot_snake/install/package1/lib/package1/node2
[19.807s] -- Up-to-date symlink: /home/ben/robot_snake/install/package1/share/package1//launch/launch1.py
[19.808s] -- Up-to-date symlink: /home/ben/robot_snake/install/package1/share/package1//launch/m_r_launch.py
[19.808s] -- Up-to-date symlink: /home/ben/robot_snake/install/package1/share/package1//config/node1_con.yaml
[19.809s] -- Up-to-date symlink: /home/ben/robot_snake/install/package1/share/ament_index/resource_index/package_run_dependencies/package1
[19.810s] -- Up-to-date symlink: /home/ben/robot_snake/install/package1/share/ament_index/resource_index/parent_prefix_path/package1
[19.810s] -- Up-to-date symlink: /home/ben/robot_snake/install/package1/share/package1/environment/ament_prefix_path.sh
[19.810s] -- Up-to-date symlink: /home/ben/robot_snake/install/package1/share/package1/environment/ament_prefix_path.dsv
[19.811s] -- Up-to-date symlink: /home/ben/robot_snake/install/package1/share/package1/environment/path.sh
[19.811s] -- Up-to-date symlink: /home/ben/robot_snake/install/package1/share/package1/environment/path.dsv
[19.812s] -- Up-to-date symlink: /home/ben/robot_snake/install/package1/share/package1/local_setup.bash
[19.812s] -- Up-to-date symlink: /home/ben/robot_snake/install/package1/share/package1/local_setup.sh
[19.813s] -- Up-to-date symlink: /home/ben/robot_snake/install/package1/share/package1/local_setup.zsh
[19.813s] -- Up-to-date symlink: /home/ben/robot_snake/install/package1/share/package1/local_setup.dsv
[19.813s] -- Symlinking: /home/ben/robot_snake/install/package1/share/package1/package.dsv
[19.860s] -- Up-to-date symlink: /home/ben/robot_snake/install/package1/share/ament_index/resource_index/packages/package1
[19.860s] -- Up-to-date symlink: /home/ben/robot_snake/install/package1/share/package1/cmake/package1Config.cmake
[19.864s] -- Up-to-date symlink: /home/ben/robot_snake/install/package1/share/package1/cmake/package1Config-version.cmake
[19.864s] -- Up-to-date symlink: /home/ben/robot_snake/install/package1/share/package1/package.xml
[19.864s] Invoked command in '/home/ben/robot_snake/build/package1' returned '0': CMAKE_PREFIX_PATH=${CMAKE_PREFIX_PATH}:/home/ben/ros2_ws/install/rqt_gui_py:/home/ben/ros2_ws/install/rqt_gui:/home/ben/microros_ws/install/sensor_msgs_py:/opt/ros/humble /usr/bin/cmake --install /home/ben/robot_snake/build/package1
