[0.014s] Invoking command in '/home/ben/robot_snake/build/package1': CMAKE_PREFIX_PATH=${CMAKE_PREFIX_PATH}:/opt/ros/humble /usr/bin/cmake /home/ben/robot_snake/src/package1 -DCMAKE_INSTALL_PREFIX=/home/ben/robot_snake/install/package1
[0.176s] -- The C compiler identification is GNU 11.3.0
[0.309s] -- The CXX compiler identification is GNU 11.3.0
[0.324s] -- Detecting C compiler ABI info
[0.407s] -- Detecting C compiler ABI info - done
[0.412s] -- Check for working C compiler: /usr/bin/cc - skipped
[0.413s] -- Detecting C compile features
[0.414s] -- Detecting C compile features - done
[0.418s] -- Detecting CXX compiler ABI info
[0.506s] -- Detecting CXX compiler ABI info - done
[0.514s] -- Check for working CXX compiler: /usr/bin/c++ - skipped
[0.514s] -- Detecting CXX compile features
[0.514s] -- Detecting CXX compile features - done
[0.533s] -- Found ament_cmake: 1.3.2 (/opt/ros/humble/share/ament_cmake/cmake)
[0.713s] -- Found Python3: /usr/bin/python3.10 (found version "3.10.6") found components: Interpreter 
[0.900s] -- Found rclcpp: 16.0.1 (/opt/ros/humble/share/rclcpp/cmake)
[1.010s] -- Found rosidl_generator_c: 3.1.3 (/opt/ros/humble/share/rosidl_generator_c/cmake)
[1.016s] -- Found rosidl_adapter: 3.1.3 (/opt/ros/humble/share/rosidl_adapter/cmake)
[1.034s] -- Found rosidl_generator_cpp: 3.1.3 (/opt/ros/humble/share/rosidl_generator_cpp/cmake)
[1.055s] -- Using all available rosidl_typesupport_c: rosidl_typesupport_fastrtps_c;rosidl_typesupport_introspection_c
[1.108s] -- Using all available rosidl_typesupport_cpp: rosidl_typesupport_fastrtps_cpp;rosidl_typesupport_introspection_cpp
[1.244s] -- Found rmw_implementation_cmake: 6.1.0 (/opt/ros/humble/share/rmw_implementation_cmake/cmake)
[1.256s] -- Found rmw_fastrtps_cpp: 6.2.1 (/opt/ros/humble/share/rmw_fastrtps_cpp/cmake)
[1.473s] -- Found OpenSSL: /usr/lib/x86_64-linux-gnu/libcrypto.so (found version "3.0.2")  
[1.501s] -- Found FastRTPS: /opt/ros/humble/include  
[1.543s] -- Using RMW implementation 'rmw_fastrtps_cpp' as default
[1.800s] -- Configuring done
[1.813s] -- Generating done
[1.815s] -- Build files have been written to: /home/ben/robot_snake/build/package1
[1.823s] Invoked command in '/home/ben/robot_snake/build/package1' returned '0': CMAKE_PREFIX_PATH=${CMAKE_PREFIX_PATH}:/opt/ros/humble /usr/bin/cmake /home/ben/robot_snake/src/package1 -DCMAKE_INSTALL_PREFIX=/home/ben/robot_snake/install/package1
[1.825s] Invoking command in '/home/ben/robot_snake/build/package1': CMAKE_PREFIX_PATH=${CMAKE_PREFIX_PATH}:/opt/ros/humble /usr/bin/cmake --build /home/ben/robot_snake/build/package1 -- -j3 -l3
[1.875s] [ 25%] [32mBuilding CXX object CMakeFiles/node2.dir/src/node2.cpp.o[0m
[1.876s] [ 50%] [32mBuilding CXX object CMakeFiles/node1.dir/src/node1.cpp.o[0m
[6.552s] [ 75%] [32m[1mLinking CXX executable node2[0m
[6.915s] [ 75%] Built target node2
[10.944s] [100%] [32m[1mLinking CXX executable node1[0m
[11.326s] [100%] Built target node1
[11.338s] Invoked command in '/home/ben/robot_snake/build/package1' returned '0': CMAKE_PREFIX_PATH=${CMAKE_PREFIX_PATH}:/opt/ros/humble /usr/bin/cmake --build /home/ben/robot_snake/build/package1 -- -j3 -l3
[11.388s] Invoking command in '/home/ben/robot_snake/build/package1': CMAKE_PREFIX_PATH=${CMAKE_PREFIX_PATH}:/opt/ros/humble /usr/bin/cmake --install /home/ben/robot_snake/build/package1
[11.395s] -- Install configuration: ""
[11.395s] -- Installing: /home/ben/robot_snake/install/package1/lib/package1/node1
[11.399s] -- Set runtime path of "/home/ben/robot_snake/install/package1/lib/package1/node1" to ""
[11.400s] -- Installing: /home/ben/robot_snake/install/package1/lib/package1/node2
[11.401s] -- Set runtime path of "/home/ben/robot_snake/install/package1/lib/package1/node2" to ""
[11.402s] -- Installing: /home/ben/robot_snake/install/package1/share/ament_index/resource_index/package_run_dependencies/package1
[11.402s] -- Installing: /home/ben/robot_snake/install/package1/share/ament_index/resource_index/parent_prefix_path/package1
[11.402s] -- Installing: /home/ben/robot_snake/install/package1/share/package1/environment/ament_prefix_path.sh
[11.402s] -- Installing: /home/ben/robot_snake/install/package1/share/package1/environment/ament_prefix_path.dsv
[11.402s] -- Installing: /home/ben/robot_snake/install/package1/share/package1/environment/path.sh
[11.403s] -- Installing: /home/ben/robot_snake/install/package1/share/package1/environment/path.dsv
[11.403s] -- Installing: /home/ben/robot_snake/install/package1/share/package1/local_setup.bash
[11.403s] -- Installing: /home/ben/robot_snake/install/package1/share/package1/local_setup.sh
[11.404s] -- Installing: /home/ben/robot_snake/install/package1/share/package1/local_setup.zsh
[11.404s] -- Installing: /home/ben/robot_snake/install/package1/share/package1/local_setup.dsv
[11.404s] -- Installing: /home/ben/robot_snake/install/package1/share/package1/package.dsv
[11.404s] -- Installing: /home/ben/robot_snake/install/package1/share/ament_index/resource_index/packages/package1
[11.405s] -- Installing: /home/ben/robot_snake/install/package1/share/package1/cmake/package1Config.cmake
[11.405s] -- Installing: /home/ben/robot_snake/install/package1/share/package1/cmake/package1Config-version.cmake
[11.405s] -- Installing: /home/ben/robot_snake/install/package1/share/package1/package.xml
[11.409s] Invoked command in '/home/ben/robot_snake/build/package1' returned '0': CMAKE_PREFIX_PATH=${CMAKE_PREFIX_PATH}:/opt/ros/humble /usr/bin/cmake --install /home/ben/robot_snake/build/package1
