[0.054s] Invoking command in '/home/ben/robot_snake/build/package1': CMAKE_PREFIX_PATH=${CMAKE_PREFIX_PATH}:/home/ben/microros_ws/install/sensor_msgs_py:/opt/ros/humble /usr/bin/cmake --build /home/ben/robot_snake/build/package1 -- -j3 -l3
[0.378s] [ 50%] Built target node1
[0.505s] [100%] Built target node2
[0.567s] Invoked command in '/home/ben/robot_snake/build/package1' returned '0': CMAKE_PREFIX_PATH=${CMAKE_PREFIX_PATH}:/home/ben/microros_ws/install/sensor_msgs_py:/opt/ros/humble /usr/bin/cmake --build /home/ben/robot_snake/build/package1 -- -j3 -l3
[0.890s] Invoking command in '/home/ben/robot_snake/build/package1': CMAKE_PREFIX_PATH=${CMAKE_PREFIX_PATH}:/home/ben/microros_ws/install/sensor_msgs_py:/opt/ros/humble /usr/bin/cmake --install /home/ben/robot_snake/build/package1
[0.931s] -- Install configuration: ""
[0.933s] -- Up-to-date: /home/ben/robot_snake/install/package1/lib/package1/node1
[0.937s] -- Up-to-date: /home/ben/robot_snake/install/package1/lib/package1/node2
[0.939s] -- Up-to-date: /home/ben/robot_snake/install/package1/share/package1//launch
[0.940s] -- Up-to-date: /home/ben/robot_snake/install/package1/share/package1//launch/launch1.py
[0.941s] -- Up-to-date: /home/ben/robot_snake/install/package1/share/package1//config
[0.941s] -- Up-to-date: /home/ben/robot_snake/install/package1/share/package1//config/node1_con.yaml
[0.942s] -- Installing: /home/ben/robot_snake/install/package1/share/package1//config/node2_con.yaml
[0.944s] -- Up-to-date: /home/ben/robot_snake/install/package1/share/ament_index/resource_index/package_run_dependencies/package1
[0.945s] -- Up-to-date: /home/ben/robot_snake/install/package1/share/ament_index/resource_index/parent_prefix_path/package1
[0.946s] -- Up-to-date: /home/ben/robot_snake/install/package1/share/package1/environment/ament_prefix_path.sh
[0.946s] -- Up-to-date: /home/ben/robot_snake/install/package1/share/package1/environment/ament_prefix_path.dsv
[0.947s] -- Up-to-date: /home/ben/robot_snake/install/package1/share/package1/environment/path.sh
[0.949s] -- Up-to-date: /home/ben/robot_snake/install/package1/share/package1/environment/path.dsv
[0.949s] -- Up-to-date: /home/ben/robot_snake/install/package1/share/package1/local_setup.bash
[0.949s] -- Up-to-date: /home/ben/robot_snake/install/package1/share/package1/local_setup.sh
[0.950s] -- Up-to-date: /home/ben/robot_snake/install/package1/share/package1/local_setup.zsh
[0.950s] -- Up-to-date: /home/ben/robot_snake/install/package1/share/package1/local_setup.dsv
[0.954s] -- Installing: /home/ben/robot_snake/install/package1/share/package1/package.dsv
[0.956s] -- Up-to-date: /home/ben/robot_snake/install/package1/share/ament_index/resource_index/packages/package1
[0.958s] -- Up-to-date: /home/ben/robot_snake/install/package1/share/package1/cmake/package1Config.cmake
[0.972s] -- Up-to-date: /home/ben/robot_snake/install/package1/share/package1/cmake/package1Config-version.cmake
[0.972s] -- Up-to-date: /home/ben/robot_snake/install/package1/share/package1/package.xml
[0.973s] Invoked command in '/home/ben/robot_snake/build/package1' returned '0': CMAKE_PREFIX_PATH=${CMAKE_PREFIX_PATH}:/home/ben/microros_ws/install/sensor_msgs_py:/opt/ros/humble /usr/bin/cmake --install /home/ben/robot_snake/build/package1
