[0.070s] Invoking command in '/home/ben/robot_snake/build/package1': CMAKE_PREFIX_PATH=${CMAKE_PREFIX_PATH}:/home/ben/microros_ws/install/sensor_msgs_py:/opt/ros/humble /usr/bin/cmake --build /home/ben/robot_snake/build/package1 -- -j3 -l3
[0.537s] [ 50%] Built target node2
[0.558s] [100%] Built target node1
[0.607s] Invoked command in '/home/ben/robot_snake/build/package1' returned '0': CMAKE_PREFIX_PATH=${CMAKE_PREFIX_PATH}:/home/ben/microros_ws/install/sensor_msgs_py:/opt/ros/humble /usr/bin/cmake --build /home/ben/robot_snake/build/package1 -- -j3 -l3
[0.940s] Invoking command in '/home/ben/robot_snake/build/package1': CMAKE_PREFIX_PATH=${CMAKE_PREFIX_PATH}:/home/ben/microros_ws/install/sensor_msgs_py:/opt/ros/humble /usr/bin/cmake --install /home/ben/robot_snake/build/package1
[0.989s] -- Install configuration: ""
[0.995s] -- Up-to-date: /home/ben/robot_snake/install/package1/lib/package1/node1
[0.999s] -- Up-to-date: /home/ben/robot_snake/install/package1/lib/package1/node2
[1.001s] -- Up-to-date: /home/ben/robot_snake/install/package1/share/package1//launch
[1.002s] -- Installing: /home/ben/robot_snake/install/package1/share/package1//launch/launch1.py
[1.005s] -- Up-to-date: /home/ben/robot_snake/install/package1/share/package1//config
[1.006s] -- Up-to-date: /home/ben/robot_snake/install/package1/share/package1//config/node1_con.yaml
[1.006s] -- Installing: /home/ben/robot_snake/install/package1/share/package1//config/node2_con.yaml
[1.008s] -- Up-to-date: /home/ben/robot_snake/install/package1/share/ament_index/resource_index/package_run_dependencies/package1
[1.009s] -- Up-to-date: /home/ben/robot_snake/install/package1/share/ament_index/resource_index/parent_prefix_path/package1
[1.010s] -- Up-to-date: /home/ben/robot_snake/install/package1/share/package1/environment/ament_prefix_path.sh
[1.010s] -- Up-to-date: /home/ben/robot_snake/install/package1/share/package1/environment/ament_prefix_path.dsv
[1.012s] -- Up-to-date: /home/ben/robot_snake/install/package1/share/package1/environment/path.sh
[1.013s] -- Up-to-date: /home/ben/robot_snake/install/package1/share/package1/environment/path.dsv
[1.013s] -- Up-to-date: /home/ben/robot_snake/install/package1/share/package1/local_setup.bash
[1.014s] -- Up-to-date: /home/ben/robot_snake/install/package1/share/package1/local_setup.sh
[1.015s] -- Up-to-date: /home/ben/robot_snake/install/package1/share/package1/local_setup.zsh
[1.015s] -- Up-to-date: /home/ben/robot_snake/install/package1/share/package1/local_setup.dsv
[1.016s] -- Installing: /home/ben/robot_snake/install/package1/share/package1/package.dsv
[1.019s] -- Up-to-date: /home/ben/robot_snake/install/package1/share/ament_index/resource_index/packages/package1
[1.020s] -- Up-to-date: /home/ben/robot_snake/install/package1/share/package1/cmake/package1Config.cmake
[1.021s] -- Up-to-date: /home/ben/robot_snake/install/package1/share/package1/cmake/package1Config-version.cmake
[1.021s] -- Up-to-date: /home/ben/robot_snake/install/package1/share/package1/package.xml
[1.026s] Invoked command in '/home/ben/robot_snake/build/package1' returned '0': CMAKE_PREFIX_PATH=${CMAKE_PREFIX_PATH}:/home/ben/microros_ws/install/sensor_msgs_py:/opt/ros/humble /usr/bin/cmake --install /home/ben/robot_snake/build/package1
