-- The C compiler identification is GNU 11.3.0
-- The CXX compiler identification is GNU 11.3.0
-- Detecting C compiler ABI info
-- Detecting C compiler ABI info - done
-- Check for working C compiler: /usr/bin/cc - skipped
-- Detecting C compile features
-- Detecting C compile features - done
-- Detecting CXX compiler ABI info
-- Detecting CXX compiler ABI info - done
-- Check for working CXX compiler: /usr/bin/c++ - skipped
-- Detecting CXX compile features
-- Detecting CXX compile features - done
-- Found ament_cmake: 1.3.2 (/opt/ros/humble/share/ament_cmake/cmake)
-- Found Python3: /usr/bin/python3.10 (found version "3.10.6") found components: Interpreter 
-- Found rclcpp: 16.0.1 (/opt/ros/humble/share/rclcpp/cmake)
-- Found rosidl_generator_c: 3.1.3 (/opt/ros/humble/share/rosidl_generator_c/cmake)
-- Found rosidl_adapter: 3.1.3 (/opt/ros/humble/share/rosidl_adapter/cmake)
-- Found rosidl_generator_cpp: 3.1.3 (/opt/ros/humble/share/rosidl_generator_cpp/cmake)
-- Using all available rosidl_typesupport_c: rosidl_typesupport_fastrtps_c;rosidl_typesupport_introspection_c
-- Using all available rosidl_typesupport_cpp: rosidl_typesupport_fastrtps_cpp;rosidl_typesupport_introspection_cpp
-- Found rmw_implementation_cmake: 6.1.0 (/opt/ros/humble/share/rmw_implementation_cmake/cmake)
-- Found rmw_fastrtps_cpp: 6.2.1 (/opt/ros/humble/share/rmw_fastrtps_cpp/cmake)
-- Found OpenSSL: /usr/lib/x86_64-linux-gnu/libcrypto.so (found version "3.0.2")  
-- Found FastRTPS: /opt/ros/humble/include  
-- Using RMW implementation 'rmw_fastrtps_cpp' as default
-- Configuring done
-- Generating done
-- Build files have been written to: /home/ben/robot_snake/build/nodes_pkg
[ 50%] [32mBuilding CXX object CMakeFiles/node2.dir/src/node2.cpp.o[0m
[ 50%] [32mBuilding CXX object CMakeFiles/node1.dir/src/node1.cpp.o[0m
[ 75%] [32m[1mLinking CXX executable node2[0m
[ 75%] Built target node2
[100%] [32m[1mLinking CXX executable node1[0m
[100%] Built target node1
-- Install configuration: ""
-- Installing: /home/ben/robot_snake/install/nodes_pkg/lib/nodes_pkg/node1
-- Set runtime path of "/home/ben/robot_snake/install/nodes_pkg/lib/nodes_pkg/node1" to ""
-- Installing: /home/ben/robot_snake/install/nodes_pkg/lib/nodes_pkg/node2
-- Set runtime path of "/home/ben/robot_snake/install/nodes_pkg/lib/nodes_pkg/node2" to ""
-- Installing: /home/ben/robot_snake/install/nodes_pkg/share/ament_index/resource_index/package_run_dependencies/nodes_pkg
-- Installing: /home/ben/robot_snake/install/nodes_pkg/share/ament_index/resource_index/parent_prefix_path/nodes_pkg
-- Installing: /home/ben/robot_snake/install/nodes_pkg/share/nodes_pkg/environment/ament_prefix_path.sh
-- Installing: /home/ben/robot_snake/install/nodes_pkg/share/nodes_pkg/environment/ament_prefix_path.dsv
-- Installing: /home/ben/robot_snake/install/nodes_pkg/share/nodes_pkg/environment/path.sh
-- Installing: /home/ben/robot_snake/install/nodes_pkg/share/nodes_pkg/environment/path.dsv
-- Installing: /home/ben/robot_snake/install/nodes_pkg/share/nodes_pkg/local_setup.bash
-- Installing: /home/ben/robot_snake/install/nodes_pkg/share/nodes_pkg/local_setup.sh
-- Installing: /home/ben/robot_snake/install/nodes_pkg/share/nodes_pkg/local_setup.zsh
-- Installing: /home/ben/robot_snake/install/nodes_pkg/share/nodes_pkg/local_setup.dsv
-- Installing: /home/ben/robot_snake/install/nodes_pkg/share/nodes_pkg/package.dsv
-- Installing: /home/ben/robot_snake/install/nodes_pkg/share/ament_index/resource_index/packages/nodes_pkg
-- Installing: /home/ben/robot_snake/install/nodes_pkg/share/nodes_pkg/cmake/nodes_pkgConfig.cmake
-- Installing: /home/ben/robot_snake/install/nodes_pkg/share/nodes_pkg/cmake/nodes_pkgConfig-version.cmake
-- Installing: /home/ben/robot_snake/install/nodes_pkg/share/nodes_pkg/package.xml
