[0.017s] Invoking command in '/home/ben/robot_snake/build/package1': CMAKE_PREFIX_PATH=${CMAKE_PREFIX_PATH}:/opt/ros/humble /usr/bin/cmake --build /home/ben/robot_snake/build/package1 -- -j3 -l3
[0.040s] -- Found ament_cmake: 1.3.2 (/opt/ros/humble/share/ament_cmake/cmake)
[0.167s] -- Found rclcpp: 16.0.1 (/opt/ros/humble/share/rclcpp/cmake)
[0.194s] -- Found rosidl_generator_c: 3.1.3 (/opt/ros/humble/share/rosidl_generator_c/cmake)
[0.196s] -- Found rosidl_adapter: 3.1.3 (/opt/ros/humble/share/rosidl_adapter/cmake)
[0.202s] -- Found rosidl_generator_cpp: 3.1.3 (/opt/ros/humble/share/rosidl_generator_cpp/cmake)
[0.212s] -- Using all available rosidl_typesupport_c: rosidl_typesupport_fastrtps_c;rosidl_typesupport_introspection_c
[0.225s] -- Using all available rosidl_typesupport_cpp: rosidl_typesupport_fastrtps_cpp;rosidl_typesupport_introspection_cpp
[0.277s] -- Found rmw_implementation_cmake: 6.1.0 (/opt/ros/humble/share/rmw_implementation_cmake/cmake)
[0.279s] -- Found rmw_fastrtps_cpp: 6.2.1 (/opt/ros/humble/share/rmw_fastrtps_cpp/cmake)
[0.381s] -- Using RMW implementation 'rmw_fastrtps_cpp' as default
[0.575s] -- Configuring done
[0.588s] -- Generating done
[0.590s] -- Build files have been written to: /home/ben/robot_snake/build/package1
[0.618s] [35m[1mConsolidate compiler generated dependencies of target node1[0m
[0.636s] [35m[1mConsolidate compiler generated dependencies of target node2[0m
[0.655s] [ 50%] Built target node1
[0.670s] [100%] Built target node2
[0.684s] Invoked command in '/home/ben/robot_snake/build/package1' returned '0': CMAKE_PREFIX_PATH=${CMAKE_PREFIX_PATH}:/opt/ros/humble /usr/bin/cmake --build /home/ben/robot_snake/build/package1 -- -j3 -l3
[0.746s] Invoking command in '/home/ben/robot_snake/build/package1': CMAKE_PREFIX_PATH=${CMAKE_PREFIX_PATH}:/opt/ros/humble /usr/bin/cmake --install /home/ben/robot_snake/build/package1
[0.755s] -- Install configuration: ""
[0.756s] -- Up-to-date: /home/ben/robot_snake/install/package1/lib/package1/node1
[0.756s] -- Up-to-date: /home/ben/robot_snake/install/package1/lib/package1/node2
[0.756s] -- Up-to-date: /home/ben/robot_snake/install/package1/share/package1//launch
[0.757s] -- Up-to-date: /home/ben/robot_snake/install/package1/share/package1//launch/launch1.py
[0.757s] -- Installing: /home/ben/robot_snake/install/package1/share/package1//config
[0.757s] -- Installing: /home/ben/robot_snake/install/package1/share/package1//config/node1_con.yaml
[0.757s] -- Up-to-date: /home/ben/robot_snake/install/package1/share/ament_index/resource_index/package_run_dependencies/package1
[0.757s] -- Up-to-date: /home/ben/robot_snake/install/package1/share/ament_index/resource_index/parent_prefix_path/package1
[0.757s] -- Up-to-date: /home/ben/robot_snake/install/package1/share/package1/environment/ament_prefix_path.sh
[0.757s] -- Installing: /home/ben/robot_snake/install/package1/share/package1/environment/ament_prefix_path.dsv
[0.758s] -- Up-to-date: /home/ben/robot_snake/install/package1/share/package1/environment/path.sh
[0.758s] -- Installing: /home/ben/robot_snake/install/package1/share/package1/environment/path.dsv
[0.758s] -- Up-to-date: /home/ben/robot_snake/install/package1/share/package1/local_setup.bash
[0.758s] -- Up-to-date: /home/ben/robot_snake/install/package1/share/package1/local_setup.sh
[0.758s] -- Up-to-date: /home/ben/robot_snake/install/package1/share/package1/local_setup.zsh
[0.758s] -- Installing: /home/ben/robot_snake/install/package1/share/package1/local_setup.dsv
[0.758s] -- Installing: /home/ben/robot_snake/install/package1/share/package1/package.dsv
[0.759s] -- Up-to-date: /home/ben/robot_snake/install/package1/share/ament_index/resource_index/packages/package1
[0.759s] -- Up-to-date: /home/ben/robot_snake/install/package1/share/package1/cmake/package1Config.cmake
[0.759s] -- Up-to-date: /home/ben/robot_snake/install/package1/share/package1/cmake/package1Config-version.cmake
[0.759s] -- Up-to-date: /home/ben/robot_snake/install/package1/share/package1/package.xml
[0.762s] Invoked command in '/home/ben/robot_snake/build/package1' returned '0': CMAKE_PREFIX_PATH=${CMAKE_PREFIX_PATH}:/opt/ros/humble /usr/bin/cmake --install /home/ben/robot_snake/build/package1
